#
# A fatal error has been detected by the Java Runtime Environment:
#
#  SIGSEGV (0xb) at pc=0x00007f4cde237f7e, pid=72117, tid=72175
#
# JRE version: OpenJDK Runtime Environment Temurin-11.0.12+7 (11.0.12+7) (build 11.0.12+7)
# Java VM: OpenJDK 64-Bit Server VM Temurin-11.0.12+7 (11.0.12+7, mixed mode, tiered, compressed oops, g1 gc, linux-amd64)
# Problematic frame:
# C  [libharfbuzz.so+0x37f7e]
#
# Core dump will be written. Default location: Core dumps may be processed with "/usr/lib/systemd/systemd-coredump %P %u %g %s %t %c %h" (or dumping to /home/jorge/github/ri/lucene-9.0.0/bin/core.72117)
#
# If you would like to submit a bug report, please visit:
#   https://github.com/adoptium/adoptium-support/issues
# The crash happened outside the Java Virtual Machine in native code.
# See problematic frame for where to report the bug.
#

---------------  S U M M A R Y ------------

Command Line: --module-path=/home/jorge/github/ri/lucene-9.0.0/modules:/home/jorge/github/ri/lucene-9.0.0/modules-thirdparty --add-modules=org.apache.logging.log4j -Djdk.module.main=org.apache.lucene.luke org.apache.lucene.luke

Host: AMD Ryzen 5 3500U with Radeon Vega Mobile Gfx, 8 cores, 6G, Arch Linux
Time: Tue Mar 15 18:21:09 2022 CET elapsed time: 2.762579 seconds (0d 0h 0m 2s)

---------------  T H R E A D  ---------------

Current thread (0x00007f4d42b5a800):  JavaThread "AWT-EventQueue-0" [_thread_in_native, id=72175, stack(0x00007f4cdc06a000,0x00007f4cdc16a000)]

Stack: [0x00007f4cdc06a000,0x00007f4cdc16a000],  sp=0x00007f4cdc161e70,  free space=991k
Native frames: (J=compiled Java code, A=aot compiled Java code, j=interpreted, Vv=VM code, C=native code)
C  [libharfbuzz.so+0x37f7e]

Java frames: (J=compiled Java code, j=interpreted, Vv=VM code)
j  sun.font.FreetypeFontScaler.getGlyphImageNative(Lsun/font/Font2D;JJI)J+0 java.desktop@11.0.12
j  sun.font.FreetypeFontScaler.getGlyphImage(JI)J+26 java.desktop@11.0.12
j  sun.font.FileFont.getGlyphImage(JI)J+6 java.desktop@11.0.12
j  sun.font.FileFontStrike.getGlyphImagePtr(I)J+86 java.desktop@11.0.12
j  sun.font.FileFontStrike.getGlyphAdvance(IZ)F+240 java.desktop@11.0.12
j  sun.font.FileFontStrike.getGlyphAdvance(I)F+3 java.desktop@11.0.12
j  sun.font.CompositeStrike.getGlyphAdvance(I)F+11 java.desktop@11.0.12
j  sun.font.CompositeStrike.getCodePointAdvance(I)F+12 java.desktop@11.0.12
j  sun.font.FontDesignMetrics.handleCharWidth(I)F+5 java.desktop@11.0.12
j  sun.font.FontDesignMetrics.getLatinCharWidth(C)F+16 java.desktop@11.0.12
j  sun.font.FontDesignMetrics.charsWidth([CII)I+108 java.desktop@11.0.12
j  sun.swing.SwingUtilities2.getFontCharsWidth([CIILjava/awt/FontMetrics;Z)F+40 java.desktop@11.0.12
j  javax.swing.text.Utilities.getTabbedTextWidth(Ljavax/swing/text/View;Ljavax/swing/text/Segment;Ljava/awt/FontMetrics;FLjavax/swing/text/TabExpander;I[IZ)F+352 java.desktop@11.0.12
j  javax.swing.text.Utilities.getTabbedTextWidth(Ljavax/swing/text/View;Ljavax/swing/text/Segment;Ljava/awt/FontMetrics;ILjavax/swing/text/TabExpander;I[I)I+12 java.desktop@11.0.12
j  javax.swing.text.GlyphPainter1.getSpan(Ljavax/swing/text/GlyphView;IILjavax/swing/text/TabExpander;F)F+35 java.desktop@11.0.12
j  javax.swing.text.GlyphView.getPreferredSpan(I)F+77 java.desktop@11.0.12
j  javax.swing.text.FlowView$LogicalView.getPreferredSpan(I)F+32 java.desktop@11.0.12
j  javax.swing.text.FlowView.calculateMinorAxisRequirements(ILjavax/swing/SizeRequirements;)Ljavax/swing/SizeRequirements;+17 java.desktop@11.0.12
j  javax.swing.text.ParagraphView.calculateMinorAxisRequirements(ILjavax/swing/SizeRequirements;)Ljavax/swing/SizeRequirements;+3 java.desktop@11.0.12
j  javax.swing.text.html.ParagraphView.calculateMinorAxisRequirements(ILjavax/swing/SizeRequirements;)Ljavax/swing/SizeRequirements;+3 java.desktop@11.0.12
j  javax.swing.text.BoxView.checkRequests(I)V+73 java.desktop@11.0.12
j  javax.swing.text.BoxView.getMinimumSpan(I)F+2 java.desktop@11.0.12
j  javax.swing.text.html.ParagraphView.getMinimumSpan(I)F+11 java.desktop@11.0.12
j  javax.swing.text.BoxView.calculateMinorAxisRequirements(ILjavax/swing/SizeRequirements;)Ljavax/swing/SizeRequirements;+36 java.desktop@11.0.12
j  javax.swing.text.html.BlockView.calculateMinorAxisRequirements(ILjavax/swing/SizeRequirements;)Ljavax/swing/SizeRequirements;+31 java.desktop@11.0.12
j  javax.swing.text.BoxView.checkRequests(I)V+73 java.desktop@11.0.12
j  javax.swing.text.BoxView.getMinimumSpan(I)F+2 java.desktop@11.0.12
j  javax.swing.text.html.BlockView.getMinimumSpan(I)F+2 java.desktop@11.0.12
j  javax.swing.text.BoxView.calculateMinorAxisRequirements(ILjavax/swing/SizeRequirements;)Ljavax/swing/SizeRequirements;+36 java.desktop@11.0.12
j  javax.swing.text.html.BlockView.calculateMinorAxisRequirements(ILjavax/swing/SizeRequirements;)Ljavax/swing/SizeRequirements;+31 java.desktop@11.0.12
j  javax.swing.text.BoxView.checkRequests(I)V+73 java.desktop@11.0.12
j  javax.swing.text.BoxView.getPreferredSpan(I)F+2 java.desktop@11.0.12
j  javax.swing.text.html.BlockView.getPreferredSpan(I)F+2 java.desktop@11.0.12
j  javax.swing.plaf.basic.BasicHTML$Renderer.<init>(Ljavax/swing/JComponent;Ljavax/swing/text/ViewFactory;Ljavax/swing/text/View;)V+34 java.desktop@11.0.12
j  javax.swing.plaf.basic.BasicHTML.createHTMLView(Ljavax/swing/JComponent;Ljava/lang/String;)Ljavax/swing/text/View;+98 java.desktop@11.0.12
j  javax.swing.plaf.basic.BasicHTML.updateRenderer(Ljavax/swing/JComponent;Ljava/lang/String;)V+40 java.desktop@11.0.12
j  javax.swing.plaf.basic.BasicButtonListener.propertyChange(Ljava/beans/PropertyChangeEvent;)V+83 java.desktop@11.0.12
J 2203 c1 java.beans.PropertyChangeSupport.fire([Ljava/beans/PropertyChangeListener;Ljava/beans/PropertyChangeEvent;)V java.desktop@11.0.12 (39 bytes) @ 0x00007f4d2919452c [0x00007f4d291943e0+0x000000000000014c]
j  java.beans.PropertyChangeSupport.firePropertyChange(Ljava/beans/PropertyChangeEvent;)V+71 java.desktop@11.0.12
J 2179 c1 java.awt.Component.firePropertyChange(Ljava/lang/String;Ljava/lang/Object;Ljava/lang/Object;)V java.desktop@11.0.12 (59 bytes) @ 0x00007f4d29185c74 [0x00007f4d291853e0+0x0000000000000894]
j  javax.swing.AbstractButton.setText(Ljava/lang/String;)V+15 java.desktop@11.0.12
j  org.apache.lucene.luke.app.desktop.components.dialog.menubar.OpenIndexDialogFactory.initialize()V+33 org.apache.lucene.luke@9.0.0
j  org.apache.lucene.luke.app.desktop.components.dialog.menubar.OpenIndexDialogFactory.<init>()V+126 org.apache.lucene.luke@9.0.0
j  org.apache.lucene.luke.app.desktop.components.dialog.menubar.OpenIndexDialogFactory.getInstance()Lorg/apache/lucene/luke/app/desktop/components/dialog/menubar/OpenIndexDialogFactory;+10 org.apache.lucene.luke@9.0.0
j  org.apache.lucene.luke.app.desktop.components.MenuBarProvider.<init>()V+188 org.apache.lucene.luke@9.0.0
j  org.apache.lucene.luke.app.desktop.components.LukeWindowProvider.<init>()V+88 org.apache.lucene.luke@9.0.0
j  org.apache.lucene.luke.app.desktop.LukeMain.createAndShowGUI()V+17 org.apache.lucene.luke@9.0.0
j  org.apache.lucene.luke.app.desktop.LukeMain$$Lambda$226.run()V+0 org.apache.lucene.luke@9.0.0
j  java.awt.event.InvocationEvent.dispatch()V+47 java.desktop@11.0.12
j  java.awt.EventQueue.dispatchEventImpl(Ljava/awt/AWTEvent;Ljava/lang/Object;)V+21 java.desktop@11.0.12
j  java.awt.EventQueue$4.run()Ljava/lang/Void;+32 java.desktop@11.0.12
j  java.awt.EventQueue$4.run()Ljava/lang/Object;+1 java.desktop@11.0.12
v  ~StubRoutines::call_stub
j  java.security.AccessController.doPrivileged(Ljava/security/PrivilegedAction;Ljava/security/AccessControlContext;)Ljava/lang/Object;+0 java.base@11.0.12
j  java.security.ProtectionDomain$JavaSecurityAccessImpl.doIntersectionPrivilege(Ljava/security/PrivilegedAction;Ljava/security/AccessControlContext;Ljava/security/AccessControlContext;)Ljava/lang/Object;+18 java.base@11.0.12
j  java.awt.EventQueue.dispatchEvent(Ljava/awt/AWTEvent;)V+46 java.desktop@11.0.12
j  java.awt.EventDispatchThread.pumpOneEventForFilters(I)V+78 java.desktop@11.0.12
j  java.awt.EventDispatchThread.pumpEventsForFilter(ILjava/awt/Conditional;Ljava/awt/EventFilter;)V+35 java.desktop@11.0.12
j  java.awt.EventDispatchThread.pumpEventsForHierarchy(ILjava/awt/Conditional;Ljava/awt/Component;)V+11 java.desktop@11.0.12
j  java.awt.EventDispatchThread.pumpEvents(ILjava/awt/Conditional;)V+4 java.desktop@11.0.12
j  java.awt.EventDispatchThread.pumpEvents(Ljava/awt/Conditional;)V+3 java.desktop@11.0.12
j  java.awt.EventDispatchThread.run()V+9 java.desktop@11.0.12
v  ~StubRoutines::call_stub

siginfo: si_signo: 11 (SIGSEGV), si_code: 1 (SEGV_MAPERR), si_addr: 0x0000000000000010

Register to memory mapping:

RAX=0x00007f4cde237f70: <offset 0x0000000000037f70> in /usr/lib/jvm/java-11-adoptopenjdk/lib/libharfbuzz.so at 0x00007f4cde200000
RBX=0x00007f4cb80a78b0 points into unknown readable memory: 0x0000000100000001 | 01 00 00 00 01 00 00 00
RCX=0x0 is NULL
RDX=0x0 is NULL
RSP=0x00007f4cdc161e70 is pointing into the stack for thread: 0x00007f4d42b5a800
RBP=0x00007f4cdc161e80 is pointing into the stack for thread: 0x00007f4d42b5a800
RSI=0x00007f4cdffa9c30: <offset 0x0000000000098c30> in /usr/lib/libharfbuzz.so.0 at 0x00007f4cdff11000
RDI=0x0 is NULL
R8 =0x00007f4cdffa8ea0: <offset 0x0000000000097ea0> in /usr/lib/libharfbuzz.so.0 at 0x00007f4cdff11000
R9 =0x00007f4cdffa8e20: <offset 0x0000000000097e20> in /usr/lib/libharfbuzz.so.0 at 0x00007f4cdff11000
R10=0x0 is NULL
R11=0x0000000010000000 is an unknown value
R12=0x0 is NULL
R13=0x0 is NULL
R14=0x00007f4cdffa9640: <offset 0x0000000000098640> in /usr/lib/libharfbuzz.so.0 at 0x00007f4cdff11000
R15=0x00007f4cdffa8f20: <offset 0x0000000000097f20> in /usr/lib/libharfbuzz.so.0 at 0x00007f4cdff11000


Registers:
RAX=0x00007f4cde237f70, RBX=0x00007f4cb80a78b0, RCX=0x0000000000000000, RDX=0x0000000000000000
RSP=0x00007f4cdc161e70, RBP=0x00007f4cdc161e80, RSI=0x00007f4cdffa9c30, RDI=0x0000000000000000
R8 =0x00007f4cdffa8ea0, R9 =0x00007f4cdffa8e20, R10=0x0000000000000000, R11=0x0000000010000000
R12=0x0000000000000000, R13=0x0000000000000000, R14=0x00007f4cdffa9640, R15=0x00007f4cdffa8f20
RIP=0x00007f4cde237f7e, EFLAGS=0x0000000000010202, CSGSFS=0x002b000000000033, ERR=0x0000000000000004
  TRAPNO=0x000000000000000e

Top of Stack: (sp=0x00007f4cdc161e70)
0x00007f4cdc161e70:   00007f4cb80a78b0 0000000000000000
0x00007f4cdc161e80:   00007f4cdffa9c30 00007f4cdff3e886
0x00007f4cdc161e90:   0000000000000000 0000000000000000
0x00007f4cdc161ea0:   00007f4cb80a78b0 00007f4cb80a7460 

Instructions: (pc=0x00007f4cde237f7e)
0x00007f4cde237e7e:   d6 53 49 89 fc 49 89 cf 4c 89 cb 48 83 ec 18 8b
0x00007f4cde237e8e:   45 10 89 45 cc 48 8b 47 40 4c 8b 98 30 01 00 00
0x00007f4cde237e9e:   4c 39 1d ab e5 30 00 75 31 48 8b 7f 10 48 8b 47
0x00007f4cde237eae:   40 48 8b 77 48 48 8b 50 28 48 89 55 18 48 8b 80
0x00007f4cde237ebe:   38 01 00 00 48 83 c4 18 5b 44 89 f2 41 5c 41 5d
0x00007f4cde237ece:   41 5e 41 5f 5d ff e0 0f 1f 00 45 31 ed 85 d2 74
0x00007f4cde237ede:   4f 44 89 c1 48 89 4d c0 eb 27 0f 1f 84 00 00 00
0x00007f4cde237eee:   00 00 8b 45 cc 41 83 c5 01 4c 03 7d c0 48 01 c3
0x00007f4cde237efe:   45 39 ee 74 2b 49 8b 44 24 40 4c 8b 98 30 01 00
0x00007f4cde237f0e:   00 41 8b 17 49 8b 74 24 48 48 89 d9 c7 03 00 00
0x00007f4cde237f1e:   00 00 4c 8b 40 20 4c 89 e7 41 ff d3 85 c0 75 c2
0x00007f4cde237f2e:   48 83 c4 18 44 89 e8 5b 41 5c 41 5d 41 5e 41 5f
0x00007f4cde237f3e:   5d c3 55 31 c0 48 89 e5 5d c3 0f 1f 84 00 00 00
0x00007f4cde237f4e:   00 00 66 0f ef c0 55 31 c0 48 89 e5 0f 11 02 5d
0x00007f4cde237f5e:   0f 11 42 10 0f 11 42 20 c3 66 0f 1f 84 00 00 00
0x00007f4cde237f6e:   00 00 55 66 0f ef c0 48 89 e5 41 54 49 89 fc 53
0x00007f4cde237f7e:   48 8b 7f 10 48 89 d3 0f 11 02 0f 11 42 10 0f 11
0x00007f4cde237f8e:   42 20 48 8b 47 40 48 8b 77 48 48 8b 48 18 ff 90
0x00007f4cde237f9e:   28 01 00 00 85 c0 89 c1 74 11 49 8b 54 24 10 48
0x00007f4cde237fae:   63 73 08 48 85 d2 75 0a 89 73 08 5b 89 c8 41 5c
0x00007f4cde237fbe:   5d c3 48 63 7a 20 49 63 54 24 20 48 63 03 39 d7
0x00007f4cde237fce:   75 39 89 03 49 63 54 24 20 48 63 43 04 39 d7 75
0x00007f4cde237fde:   1c 89 43 04 41 8b 54 24 20 39 d7 74 cb 48 63 c2
0x00007f4cde237fee:   48 0f af c6 48 99 48 f7 ff 89 c6 eb bb 48 0f af
0x00007f4cde237ffe:   c2 4c 63 c7 48 99 49 f7 f8 eb d6 48 0f af c2 4c
0x00007f4cde23800e:   63 c7 48 99 49 f7 f8 eb b9 66 0f 1f 84 00 00 00
0x00007f4cde23801e:   00 00 55 66 0f ef c0 48 89 e5 41 54 49 89 fc 53
0x00007f4cde23802e:   48 8b 7f 10 48 89 d3 0f 11 02 0f 11 42 10 0f 11
0x00007f4cde23803e:   42 20 48 8b 47 40 48 8b 77 48 48 8b 48 10 ff 90
0x00007f4cde23804e:   20 01 00 00 85 c0 89 c1 74 11 49 8b 54 24 10 48
0x00007f4cde23805e:   63 73 08 48 85 d2 75 0a 89 73 08 5b 89 c8 41 5c
0x00007f4cde23806e:   5d c3 48 63 7a 24 49 63 54 24 24 48 63 03 39 d7 


Stack slot to memory mapping:
stack at sp + 0 slots: 0x00007f4cb80a78b0 points into unknown readable memory: 0x0000000100000001 | 01 00 00 00 01 00 00 00
stack at sp + 1 slots: 0x0 is NULL
stack at sp + 2 slots: 0x00007f4cdffa9c30: <offset 0x0000000000098c30> in /usr/lib/libharfbuzz.so.0 at 0x00007f4cdff11000
stack at sp + 3 slots: 0x00007f4cdff3e886: hb_font_funcs_set_glyph_shape_func+0x0000000000000036 in /usr/lib/libharfbuzz.so.0 at 0x00007f4cdff11000
stack at sp + 4 slots: 0x0 is NULL
stack at sp + 5 slots: 0x0 is NULL
stack at sp + 6 slots: 0x00007f4cb80a78b0 points into unknown readable memory: 0x0000000100000001 | 01 00 00 00 01 00 00 00
stack at sp + 7 slots: 0x00007f4cb80a7460 points into unknown readable memory: 0x0000000000000000 | 00 00 00 00 00 00 00 00


---------------  P R O C E S S  ---------------

Threads class SMR info:
_java_thread_list=0x00007f4d42b10be0, length=13, elements={
0x00007f4d40156800, 0x00007f4d4015a800, 0x00007f4d4016f800, 0x00007f4d40171800,
0x00007f4d40173800, 0x00007f4d40175800, 0x00007f4d40177800, 0x00007f4d40231800,
0x00007f4d40974000, 0x00007f4d4097b800, 0x00007f4d42a9e000, 0x00007f4d42b5a800,
0x00007f4d40027000
}

Java Threads: ( => current thread )
  0x00007f4d40156800 JavaThread "Reference Handler" daemon [_thread_blocked, id=72125, stack(0x00007f4d194fc000,0x00007f4d195fc000)]
  0x00007f4d4015a800 JavaThread "Finalizer" daemon [_thread_blocked, id=72126, stack(0x00007f4d193fc000,0x00007f4d194fc000)]
  0x00007f4d4016f800 JavaThread "Signal Dispatcher" daemon [_thread_blocked, id=72127, stack(0x00007f4d19013000,0x00007f4d19113000)]
  0x00007f4d40171800 JavaThread "Service Thread" daemon [_thread_blocked, id=72128, stack(0x00007f4d18f13000,0x00007f4d19013000)]
  0x00007f4d40173800 JavaThread "C2 CompilerThread0" daemon [_thread_blocked, id=72129, stack(0x00007f4d18e13000,0x00007f4d18f13000)]
  0x00007f4d40175800 JavaThread "C1 CompilerThread0" daemon [_thread_blocked, id=72130, stack(0x00007f4d18d13000,0x00007f4d18e13000)]
  0x00007f4d40177800 JavaThread "Sweeper thread" daemon [_thread_blocked, id=72131, stack(0x00007f4d18c13000,0x00007f4d18d13000)]
  0x00007f4d40231800 JavaThread "Common-Cleaner" daemon [_thread_blocked, id=72132, stack(0x00007f4d18900000,0x00007f4d18a00000)]
  0x00007f4d40974000 JavaThread "Java2D Disposer" daemon [_thread_blocked, id=72142, stack(0x00007f4cdfe11000,0x00007f4cdff11000)]
  0x00007f4d4097b800 JavaThread "AWT-XAWT" daemon [_thread_in_native, id=72143, stack(0x00007f4cdf100000,0x00007f4cdf200000)]
  0x00007f4d42a9e000 JavaThread "AWT-Shutdown" [_thread_blocked, id=72174, stack(0x00007f4cdc16a000,0x00007f4cdc26a000)]
=>0x00007f4d42b5a800 JavaThread "AWT-EventQueue-0" [_thread_in_native, id=72175, stack(0x00007f4cdc06a000,0x00007f4cdc16a000)]
  0x00007f4d40027000 JavaThread "DestroyJavaVM" [_thread_blocked, id=72118, stack(0x00007f4d45b00000,0x00007f4d45c00000)]

Other Threads:
  0x00007f4d4014e000 VMThread "VM Thread" [stack: 0x00007f4d195fe000,0x00007f4d196fe000] [id=72124]
  0x00007f4d40395000 WatcherThread [stack: 0x00007f4d18500000,0x00007f4d18600000] [id=72136]
  0x00007f4d40040800 GCTaskThread "GC Thread#0" [stack: 0x00007f4d45300000,0x00007f4d45400000] [id=72119]
  0x00007f4d0c001000 GCTaskThread "GC Thread#1" [stack: 0x00007f4d18058000,0x00007f4d18158000] [id=72137]
  0x00007f4d4006c800 ConcurrentGCThread "G1 Main Marker" [stack: 0x00007f4d44095000,0x00007f4d44195000] [id=72120]
  0x00007f4d4006e800 ConcurrentGCThread "G1 Conc#0" [stack: 0x00007f4d28098000,0x00007f4d28198000] [id=72121]
  0x00007f4d1c001000 ConcurrentGCThread "G1 Conc#1" [stack: 0x00007f4cdc26c000,0x00007f4cdc36c000] [id=72173]
  0x00007f4d400eb800 ConcurrentGCThread "G1 Refine#0" [stack: 0x00007f4d200b8000,0x00007f4d201b8000] [id=72122]
  0x00007f4d400ed000 ConcurrentGCThread "G1 Young RemSet Sampling" [stack: 0x00007f4d19f00000,0x00007f4d1a000000] [id=72123]

Threads with active compile tasks:

VM state:not at safepoint (normal execution)

VM Mutex/Monitor currently owned by a thread: None

Heap address: 0x0000000093800000, size: 1736 MB, Compressed Oops mode: 32-bit
Narrow klass base: 0x0000000000000000, Narrow klass shift: 3
Compressed class space size: 1073741824 Address: 0x0000000100000000

Heap:
 garbage-first heap   total 112640K, used 12095K [0x0000000093800000, 0x0000000100000000)
  region size 1024K, 13 young (13312K), 8 survivors (8192K)
 Metaspace       used 25495K, capacity 26214K, committed 26368K, reserved 1073152K
  class space    used 2945K, capacity 3276K, committed 3328K, reserved 1048576K
Heap Regions: E=young(eden), S=young(survivor), O=old, HS=humongous(starts), HC=humongous(continues), CS=collection set, F=free, A=archive, TAMS=top-at-mark-start (previous, next)
|   0|0x0000000093800000, 0x0000000093800000, 0x0000000093900000|  0%| F|  |TAMS 0x0000000093800000, 0x0000000093800000| Untracked 
|   1|0x0000000093900000, 0x0000000093900000, 0x0000000093a00000|  0%| F|  |TAMS 0x0000000093900000, 0x0000000093900000| Untracked 
|   2|0x0000000093a00000, 0x0000000093a00000, 0x0000000093b00000|  0%| F|  |TAMS 0x0000000093a00000, 0x0000000093a00000| Untracked 
|   3|0x0000000093b00000, 0x0000000093b00000, 0x0000000093c00000|  0%| F|  |TAMS 0x0000000093b00000, 0x0000000093b00000| Untracked 
|   4|0x0000000093c00000, 0x0000000093c00000, 0x0000000093d00000|  0%| F|  |TAMS 0x0000000093c00000, 0x0000000093c00000| Untracked 
|   5|0x0000000093d00000, 0x0000000093d00000, 0x0000000093e00000|  0%| F|  |TAMS 0x0000000093d00000, 0x0000000093d00000| Untracked 
|   6|0x0000000093e00000, 0x0000000093e00000, 0x0000000093f00000|  0%| F|  |TAMS 0x0000000093e00000, 0x0000000093e00000| Untracked 
|   7|0x0000000093f00000, 0x0000000093f00000, 0x0000000094000000|  0%| F|  |TAMS 0x0000000093f00000, 0x0000000093f00000| Untracked 
|   8|0x0000000094000000, 0x0000000094000000, 0x0000000094100000|  0%| F|  |TAMS 0x0000000094000000, 0x0000000094000000| Untracked 
|   9|0x0000000094100000, 0x0000000094100000, 0x0000000094200000|  0%| F|  |TAMS 0x0000000094100000, 0x0000000094100000| Untracked 
|  10|0x0000000094200000, 0x0000000094200000, 0x0000000094300000|  0%| F|  |TAMS 0x0000000094200000, 0x0000000094200000| Untracked 
|  11|0x0000000094300000, 0x0000000094300000, 0x0000000094400000|  0%| F|  |TAMS 0x0000000094300000, 0x0000000094300000| Untracked 
|  12|0x0000000094400000, 0x0000000094400000, 0x0000000094500000|  0%| F|  |TAMS 0x0000000094400000, 0x0000000094400000| Untracked 
|  13|0x0000000094500000, 0x0000000094500000, 0x0000000094600000|  0%| F|  |TAMS 0x0000000094500000, 0x0000000094500000| Untracked 
|  14|0x0000000094600000, 0x0000000094600000, 0x0000000094700000|  0%| F|  |TAMS 0x0000000094600000, 0x0000000094600000| Untracked 
|  15|0x0000000094700000, 0x0000000094700000, 0x0000000094800000|  0%| F|  |TAMS 0x0000000094700000, 0x0000000094700000| Untracked 
|  16|0x0000000094800000, 0x0000000094800000, 0x0000000094900000|  0%| F|  |TAMS 0x0000000094800000, 0x0000000094800000| Untracked 
|  17|0x0000000094900000, 0x0000000094900000, 0x0000000094a00000|  0%| F|  |TAMS 0x0000000094900000, 0x0000000094900000| Untracked 
|  18|0x0000000094a00000, 0x0000000094a00000, 0x0000000094b00000|  0%| F|  |TAMS 0x0000000094a00000, 0x0000000094a00000| Untracked 
|  19|0x0000000094b00000, 0x0000000094b00000, 0x0000000094c00000|  0%| F|  |TAMS 0x0000000094b00000, 0x0000000094b00000| Untracked 
|  20|0x0000000094c00000, 0x0000000094c00000, 0x0000000094d00000|  0%| F|  |TAMS 0x0000000094c00000, 0x0000000094c00000| Untracked 
|  21|0x0000000094d00000, 0x0000000094d00000, 0x0000000094e00000|  0%| F|  |TAMS 0x0000000094d00000, 0x0000000094d00000| Untracked 
|  22|0x0000000094e00000, 0x0000000094e00000, 0x0000000094f00000|  0%| F|  |TAMS 0x0000000094e00000, 0x0000000094e00000| Untracked 
|  23|0x0000000094f00000, 0x0000000094f00000, 0x0000000095000000|  0%| F|  |TAMS 0x0000000094f00000, 0x0000000094f00000| Untracked 
|  24|0x0000000095000000, 0x0000000095000000, 0x0000000095100000|  0%| F|  |TAMS 0x0000000095000000, 0x0000000095000000| Untracked 
|  25|0x0000000095100000, 0x0000000095100000, 0x0000000095200000|  0%| F|  |TAMS 0x0000000095100000, 0x0000000095100000| Untracked 
|  26|0x0000000095200000, 0x0000000095200000, 0x0000000095300000|  0%| F|  |TAMS 0x0000000095200000, 0x0000000095200000| Untracked 
|  27|0x0000000095300000, 0x0000000095300000, 0x0000000095400000|  0%| F|  |TAMS 0x0000000095300000, 0x0000000095300000| Untracked 
|  28|0x0000000095400000, 0x0000000095400000, 0x0000000095500000|  0%| F|  |TAMS 0x0000000095400000, 0x0000000095400000| Untracked 
|  29|0x0000000095500000, 0x0000000095500000, 0x0000000095600000|  0%| F|  |TAMS 0x0000000095500000, 0x0000000095500000| Untracked 
|  30|0x0000000095600000, 0x0000000095600000, 0x0000000095700000|  0%| F|  |TAMS 0x0000000095600000, 0x0000000095600000| Untracked 
|  31|0x0000000095700000, 0x0000000095700000, 0x0000000095800000|  0%| F|  |TAMS 0x0000000095700000, 0x0000000095700000| Untracked 
|  32|0x0000000095800000, 0x0000000095800000, 0x0000000095900000|  0%| F|  |TAMS 0x0000000095800000, 0x0000000095800000| Untracked 
|  33|0x0000000095900000, 0x0000000095900000, 0x0000000095a00000|  0%| F|  |TAMS 0x0000000095900000, 0x0000000095900000| Untracked 
|  34|0x0000000095a00000, 0x0000000095a00000, 0x0000000095b00000|  0%| F|  |TAMS 0x0000000095a00000, 0x0000000095a00000| Untracked 
|  35|0x0000000095b00000, 0x0000000095b00000, 0x0000000095c00000|  0%| F|  |TAMS 0x0000000095b00000, 0x0000000095b00000| Untracked 
|  36|0x0000000095c00000, 0x0000000095c00000, 0x0000000095d00000|  0%| F|  |TAMS 0x0000000095c00000, 0x0000000095c00000| Untracked 
|  37|0x0000000095d00000, 0x0000000095d00000, 0x0000000095e00000|  0%| F|  |TAMS 0x0000000095d00000, 0x0000000095d00000| Untracked 
|  38|0x0000000095e00000, 0x0000000095e00000, 0x0000000095f00000|  0%| F|  |TAMS 0x0000000095e00000, 0x0000000095e00000| Untracked 
|  39|0x0000000095f00000, 0x0000000095f00000, 0x0000000096000000|  0%| F|  |TAMS 0x0000000095f00000, 0x0000000095f00000| Untracked 
|  40|0x0000000096000000, 0x0000000096000000, 0x0000000096100000|  0%| F|  |TAMS 0x0000000096000000, 0x0000000096000000| Untracked 
|  41|0x0000000096100000, 0x0000000096100000, 0x0000000096200000|  0%| F|  |TAMS 0x0000000096100000, 0x0000000096100000| Untracked 
|  42|0x0000000096200000, 0x0000000096200000, 0x0000000096300000|  0%| F|  |TAMS 0x0000000096200000, 0x0000000096200000| Untracked 
|  43|0x0000000096300000, 0x0000000096300000, 0x0000000096400000|  0%| F|  |TAMS 0x0000000096300000, 0x0000000096300000| Untracked 
|  44|0x0000000096400000, 0x0000000096400000, 0x0000000096500000|  0%| F|  |TAMS 0x0000000096400000, 0x0000000096400000| Untracked 
|  45|0x0000000096500000, 0x0000000096500000, 0x0000000096600000|  0%| F|  |TAMS 0x0000000096500000, 0x0000000096500000| Untracked 
|  46|0x0000000096600000, 0x0000000096600000, 0x0000000096700000|  0%| F|  |TAMS 0x0000000096600000, 0x0000000096600000| Untracked 
|  47|0x0000000096700000, 0x0000000096700000, 0x0000000096800000|  0%| F|  |TAMS 0x0000000096700000, 0x0000000096700000| Untracked 
|  48|0x0000000096800000, 0x0000000096800000, 0x0000000096900000|  0%| F|  |TAMS 0x0000000096800000, 0x0000000096800000| Untracked 
|  49|0x0000000096900000, 0x00000000969cfde0, 0x0000000096a00000| 81%| S|CS|TAMS 0x0000000096900000, 0x0000000096900000| Complete 
|  50|0x0000000096a00000, 0x0000000096b00000, 0x0000000096b00000|100%| S|CS|TAMS 0x0000000096a00000, 0x0000000096a00000| Complete 
|  51|0x0000000096b00000, 0x0000000096c00000, 0x0000000096c00000|100%| S|CS|TAMS 0x0000000096b00000, 0x0000000096b00000| Complete 
|  52|0x0000000096c00000, 0x0000000096d00000, 0x0000000096d00000|100%| S|CS|TAMS 0x0000000096c00000, 0x0000000096c00000| Complete 
|  53|0x0000000096d00000, 0x0000000096e00000, 0x0000000096e00000|100%| S|CS|TAMS 0x0000000096d00000, 0x0000000096d00000| Complete 
|  54|0x0000000096e00000, 0x0000000096f00000, 0x0000000096f00000|100%| S|CS|TAMS 0x0000000096e00000, 0x0000000096e00000| Complete 
|  55|0x0000000096f00000, 0x0000000097000000, 0x0000000097000000|100%| S|CS|TAMS 0x0000000096f00000, 0x0000000096f00000| Complete 
|  56|0x0000000097000000, 0x0000000097100000, 0x0000000097100000|100%| S|CS|TAMS 0x0000000097000000, 0x0000000097000000| Complete 
|  57|0x0000000097100000, 0x0000000097100000, 0x0000000097200000|  0%| F|  |TAMS 0x0000000097100000, 0x0000000097100000| Untracked 
|  58|0x0000000097200000, 0x0000000097200000, 0x0000000097300000|  0%| F|  |TAMS 0x0000000097200000, 0x0000000097200000| Untracked 
|  59|0x0000000097300000, 0x0000000097300000, 0x0000000097400000|  0%| F|  |TAMS 0x0000000097300000, 0x0000000097300000| Untracked 
|  60|0x0000000097400000, 0x0000000097400000, 0x0000000097500000|  0%| F|  |TAMS 0x0000000097400000, 0x0000000097400000| Untracked 
|  61|0x0000000097500000, 0x0000000097500000, 0x0000000097600000|  0%| F|  |TAMS 0x0000000097500000, 0x0000000097500000| Untracked 
|  62|0x0000000097600000, 0x0000000097600000, 0x0000000097700000|  0%| F|  |TAMS 0x0000000097600000, 0x0000000097600000| Untracked 
|  63|0x0000000097700000, 0x0000000097700000, 0x0000000097800000|  0%| F|  |TAMS 0x0000000097700000, 0x0000000097700000| Untracked 
|  64|0x0000000097800000, 0x0000000097800000, 0x0000000097900000|  0%| F|  |TAMS 0x0000000097800000, 0x0000000097800000| Untracked 
|  65|0x0000000097900000, 0x0000000097900000, 0x0000000097a00000|  0%| F|  |TAMS 0x0000000097900000, 0x0000000097900000| Untracked 
|  66|0x0000000097a00000, 0x0000000097a00000, 0x0000000097b00000|  0%| F|  |TAMS 0x0000000097a00000, 0x0000000097a00000| Untracked 
|  67|0x0000000097b00000, 0x0000000097b00000, 0x0000000097c00000|  0%| F|  |TAMS 0x0000000097b00000, 0x0000000097b00000| Untracked 
|  68|0x0000000097c00000, 0x0000000097c00000, 0x0000000097d00000|  0%| F|  |TAMS 0x0000000097c00000, 0x0000000097c00000| Untracked 
|  69|0x0000000097d00000, 0x0000000097d00000, 0x0000000097e00000|  0%| F|  |TAMS 0x0000000097d00000, 0x0000000097d00000| Untracked 
|  70|0x0000000097e00000, 0x0000000097e00000, 0x0000000097f00000|  0%| F|  |TAMS 0x0000000097e00000, 0x0000000097e00000| Untracked 
|  71|0x0000000097f00000, 0x0000000097f00000, 0x0000000098000000|  0%| F|  |TAMS 0x0000000097f00000, 0x0000000097f00000| Untracked 
|  72|0x0000000098000000, 0x0000000098000000, 0x0000000098100000|  0%| F|  |TAMS 0x0000000098000000, 0x0000000098000000| Untracked 
|  73|0x0000000098100000, 0x0000000098100000, 0x0000000098200000|  0%| F|  |TAMS 0x0000000098100000, 0x0000000098100000| Untracked 
|  74|0x0000000098200000, 0x0000000098200000, 0x0000000098300000|  0%| F|  |TAMS 0x0000000098200000, 0x0000000098200000| Untracked 
|  75|0x0000000098300000, 0x0000000098300000, 0x0000000098400000|  0%| F|  |TAMS 0x0000000098300000, 0x0000000098300000| Untracked 
|  76|0x0000000098400000, 0x0000000098400000, 0x0000000098500000|  0%| F|  |TAMS 0x0000000098400000, 0x0000000098400000| Untracked 
|  77|0x0000000098500000, 0x0000000098500000, 0x0000000098600000|  0%| F|  |TAMS 0x0000000098500000, 0x0000000098500000| Untracked 
|  78|0x0000000098600000, 0x0000000098600000, 0x0000000098700000|  0%| F|  |TAMS 0x0000000098600000, 0x0000000098600000| Untracked 
|  79|0x0000000098700000, 0x0000000098700000, 0x0000000098800000|  0%| F|  |TAMS 0x0000000098700000, 0x0000000098700000| Untracked 
|  80|0x0000000098800000, 0x0000000098800000, 0x0000000098900000|  0%| F|  |TAMS 0x0000000098800000, 0x0000000098800000| Untracked 
|  81|0x0000000098900000, 0x0000000098900000, 0x0000000098a00000|  0%| F|  |TAMS 0x0000000098900000, 0x0000000098900000| Untracked 
|  82|0x0000000098a00000, 0x0000000098a00000, 0x0000000098b00000|  0%| F|  |TAMS 0x0000000098a00000, 0x0000000098a00000| Untracked 
|  83|0x0000000098b00000, 0x0000000098b00000, 0x0000000098c00000|  0%| F|  |TAMS 0x0000000098b00000, 0x0000000098b00000| Untracked 
|  84|0x0000000098c00000, 0x0000000098c00000, 0x0000000098d00000|  0%| F|  |TAMS 0x0000000098c00000, 0x0000000098c00000| Untracked 
|  85|0x0000000098d00000, 0x0000000098d00000, 0x0000000098e00000|  0%| F|  |TAMS 0x0000000098d00000, 0x0000000098d00000| Untracked 
|  86|0x0000000098e00000, 0x0000000098e00000, 0x0000000098f00000|  0%| F|  |TAMS 0x0000000098e00000, 0x0000000098e00000| Untracked 
|  87|0x0000000098f00000, 0x0000000098f00000, 0x0000000099000000|  0%| F|  |TAMS 0x0000000098f00000, 0x0000000098f00000| Untracked 
|  88|0x0000000099000000, 0x0000000099000000, 0x0000000099100000|  0%| F|  |TAMS 0x0000000099000000, 0x0000000099000000| Untracked 
|  89|0x0000000099100000, 0x0000000099100000, 0x0000000099200000|  0%| F|  |TAMS 0x0000000099100000, 0x0000000099100000| Untracked 
|  90|0x0000000099200000, 0x0000000099200000, 0x0000000099300000|  0%| F|  |TAMS 0x0000000099200000, 0x0000000099200000| Untracked 
|  91|0x0000000099300000, 0x0000000099300000, 0x0000000099400000|  0%| F|  |TAMS 0x0000000099300000, 0x0000000099300000| Untracked 
|  92|0x0000000099400000, 0x0000000099400000, 0x0000000099500000|  0%| F|  |TAMS 0x0000000099400000, 0x0000000099400000| Untracked 
|  93|0x0000000099500000, 0x0000000099500000, 0x0000000099600000|  0%| F|  |TAMS 0x0000000099500000, 0x0000000099500000| Untracked 
|  94|0x0000000099600000, 0x0000000099600000, 0x0000000099700000|  0%| F|  |TAMS 0x0000000099600000, 0x0000000099600000| Untracked 
|  95|0x0000000099700000, 0x0000000099700000, 0x0000000099800000|  0%| F|  |TAMS 0x0000000099700000, 0x0000000099700000| Untracked 
|  96|0x0000000099800000, 0x0000000099800000, 0x0000000099900000|  0%| F|  |TAMS 0x0000000099800000, 0x0000000099800000| Untracked 
|  97|0x0000000099900000, 0x0000000099900000, 0x0000000099a00000|  0%| F|  |TAMS 0x0000000099900000, 0x0000000099900000| Untracked 
|  98|0x0000000099a00000, 0x0000000099a00000, 0x0000000099b00000|  0%| F|  |TAMS 0x0000000099a00000, 0x0000000099a00000| Untracked 
|  99|0x0000000099b00000, 0x0000000099b00000, 0x0000000099c00000|  0%| F|  |TAMS 0x0000000099b00000, 0x0000000099b00000| Untracked 
| 100|0x0000000099c00000, 0x0000000099c00000, 0x0000000099d00000|  0%| F|  |TAMS 0x0000000099c00000, 0x0000000099c00000| Untracked 
| 101|0x0000000099d00000, 0x0000000099d00000, 0x0000000099e00000|  0%| F|  |TAMS 0x0000000099d00000, 0x0000000099d00000| Untracked 
| 102|0x0000000099e00000, 0x0000000099e00000, 0x0000000099f00000|  0%| F|  |TAMS 0x0000000099e00000, 0x0000000099e00000| Untracked 
| 103|0x0000000099f00000, 0x0000000099f00000, 0x000000009a000000|  0%| F|  |TAMS 0x0000000099f00000, 0x0000000099f00000| Untracked 
| 104|0x000000009a000000, 0x000000009a000000, 0x000000009a100000|  0%| F|  |TAMS 0x000000009a000000, 0x000000009a000000| Untracked 
| 105|0x000000009a100000, 0x000000009a200000, 0x000000009a200000|100%| E|  |TAMS 0x000000009a100000, 0x000000009a100000| Complete 
| 106|0x000000009a200000, 0x000000009a300000, 0x000000009a300000|100%| E|CS|TAMS 0x000000009a200000, 0x000000009a200000| Complete 
| 107|0x000000009a300000, 0x000000009a400000, 0x000000009a400000|100%| E|CS|TAMS 0x000000009a300000, 0x000000009a300000| Complete 
| 108|0x000000009a400000, 0x000000009a500000, 0x000000009a500000|100%| E|CS|TAMS 0x000000009a400000, 0x000000009a400000| Complete 
| 109|0x000000009a500000, 0x000000009a600000, 0x000000009a600000|100%| E|CS|TAMS 0x000000009a500000, 0x000000009a500000| Complete 

Card table byte_map: [0x00007f4d284fc000,0x00007f4d28860000] _byte_map_base: 0x00007f4d28060000

Marking Bits (Prev, Next): (CMBitMap*) 0x00007f4d40064e80, (CMBitMap*) 0x00007f4d40064e48
 Prev Bits: [0x00007f4d209c0000, 0x00007f4d224e0000)
 Next Bits: [0x00007f4d224e0000, 0x00007f4d24000000)

Polling page: 0x00007f4d4776c000

Metaspace:

Usage:
  Non-class:     22.40 MB capacity,    22.02 MB ( 98%) used,   296.77 KB (  1%) free+waste,    91.88 KB ( <1%) overhead. 
      Class:      3.20 MB capacity,     2.88 MB ( 90%) used,   283.51 KB (  9%) free+waste,    46.56 KB (  1%) overhead. 
       Both:     25.60 MB capacity,    24.90 MB ( 97%) used,   580.28 KB (  2%) free+waste,   138.44 KB ( <1%) overhead. 

Virtual space:
  Non-class space:       24.00 MB reserved,      22.50 MB ( 94%) committed 
      Class space:        1.00 GB reserved,       3.25 MB ( <1%) committed 
             Both:        1.02 GB reserved,      25.75 MB (  2%) committed 

Chunk freelists:
   Non-Class:  38.00 KB
       Class:  20.00 KB
        Both:  58.00 KB

MaxMetaspaceSize: unlimited
CompressedClassSpaceSize: 1.00 GB
Initial GC threshold: 20.80 MB
Current GC threshold: 35.00 MB
CDS: off

CodeHeap 'non-profiled nmethods': size=120032Kb used=773Kb max_used=773Kb free=119258Kb
 bounds [0x00007f4d30328000, 0x00007f4d30598000, 0x00007f4d37860000]
CodeHeap 'profiled nmethods': size=120028Kb used=3929Kb max_used=3929Kb free=116099Kb
 bounds [0x00007f4d28df1000, 0x00007f4d291d1000, 0x00007f4d30328000]
CodeHeap 'non-nmethods': size=5700Kb used=1365Kb max_used=1384Kb free=4334Kb
 bounds [0x00007f4d28860000, 0x00007f4d28ad0000, 0x00007f4d28df1000]
 total_blobs=2984 nmethods=2296 adapters=601
 compilation: enabled
              stopped_count=0, restarted_count=0
 full_count=0

Compilation events (20 events):
Event: 2.720 Thread 0x00007f4d40175800 2306       3       java.util.LinkedHashMap::clear (15 bytes)
Event: 2.721 Thread 0x00007f4d40175800 nmethod 2306 0x00007f4d291c3210 code [0x00007f4d291c33c0, 0x00007f4d291c3540]
Event: 2.721 Thread 0x00007f4d40175800 2307       3       javax.swing.text.StyleContext$KeyEnumeration::hasMoreElements (18 bytes)
Event: 2.722 Thread 0x00007f4d40175800 nmethod 2307 0x00007f4d291c3610 code [0x00007f4d291c37c0, 0x00007f4d291c3930]
Event: 2.722 Thread 0x00007f4d40175800 2308       3       javax.swing.text.SimpleAttributeSet::removeAttributes (69 bytes)
Event: 2.723 Thread 0x00007f4d40175800 nmethod 2308 0x00007f4d291c3a10 code [0x00007f4d291c3ca0, 0x00007f4d291c4920]
Event: 2.730 Thread 0x00007f4d40175800 2309  s    1       javax.swing.text.html.MuxingAttributeSet::getAttributes (5 bytes)
Event: 2.730 Thread 0x00007f4d40175800 nmethod 2309 0x00007f4d303e4890 code [0x00007f4d303e4a40, 0x00007f4d303e4c50]
Event: 2.732 Thread 0x00007f4d40175800 2310       3       javax.swing.text.html.MuxingAttributeSet::getAttribute (45 bytes)
Event: 2.733 Thread 0x00007f4d40175800 nmethod 2310 0x00007f4d291c4c90 code [0x00007f4d291c4e60, 0x00007f4d291c5360]
Event: 2.733 Thread 0x00007f4d40175800 2312       3       javax.swing.text.StyleContext$SmallAttributeSet::getLocalAttribute (49 bytes)
Event: 2.733 Thread 0x00007f4d40175800 nmethod 2312 0x00007f4d291c5510 code [0x00007f4d291c56e0, 0x00007f4d291c5a60]
Event: 2.733 Thread 0x00007f4d40175800 2311       3       javax.swing.text.StyleContext$SmallAttributeSet::getAttribute (29 bytes)
Event: 2.733 Thread 0x00007f4d40175800 nmethod 2311 0x00007f4d291c5b90 code [0x00007f4d291c5d60, 0x00007f4d291c60f0]
Event: 2.734 Thread 0x00007f4d40175800 2314       1       javax.swing.text.html.CSS$Attribute::isInherited (5 bytes)
Event: 2.734 Thread 0x00007f4d40175800 nmethod 2314 0x00007f4d303e4d10 code [0x00007f4d303e4ec0, 0x00007f4d303e4f70]
Event: 2.741 Thread 0x00007f4d40175800 2315       3       java.nio.ByteBufferAsCharBufferB::get (26 bytes)
Event: 2.741 Thread 0x00007f4d40175800 nmethod 2315 0x00007f4d291c6210 code [0x00007f4d291c6400, 0x00007f4d291c68a0]
Event: 2.741 Thread 0x00007f4d40175800 2316       3       java.nio.ByteBufferAsCharBufferB::byteOffset (9 bytes)
Event: 2.742 Thread 0x00007f4d40175800 nmethod 2316 0x00007f4d291c6a90 code [0x00007f4d291c6c40, 0x00007f4d291c6d50]

GC Heap History (4 events):
Event: 0.593 GC heap before
{Heap before GC invocations=0 (full 0):
 garbage-first heap   total 112640K, used 24576K [0x0000000093800000, 0x0000000100000000)
  region size 1024K, 24 young (24576K), 0 survivors (0K)
 Metaspace       used 7372K, capacity 7528K, committed 7680K, reserved 1056768K
  class space    used 651K, capacity 698K, committed 768K, reserved 1048576K
}
Event: 0.597 GC heap after
{Heap after GC invocations=1 (full 0):
 garbage-first heap   total 112640K, used 1304K [0x0000000093800000, 0x0000000100000000)
  region size 1024K, 2 young (2048K), 2 survivors (2048K)
 Metaspace       used 7372K, capacity 7528K, committed 7680K, reserved 1056768K
  class space    used 651K, capacity 698K, committed 768K, reserved 1048576K
}
Event: 2.378 GC heap before
{Heap before GC invocations=1 (full 0):
 garbage-first heap   total 112640K, used 52504K [0x0000000093800000, 0x0000000100000000)
  region size 1024K, 53 young (54272K), 2 survivors (2048K)
 Metaspace       used 20384K, capacity 21049K, committed 21248K, reserved 1069056K
  class space    used 2209K, capacity 2517K, committed 2560K, reserved 1048576K
}
Event: 2.400 GC heap after
{Heap after GC invocations=2 (full 0):
 garbage-first heap   total 112640K, used 7999K [0x0000000093800000, 0x0000000100000000)
  region size 1024K, 8 young (8192K), 8 survivors (8192K)
 Metaspace       used 20384K, capacity 21049K, committed 21248K, reserved 1069056K
  class space    used 2209K, capacity 2517K, committed 2560K, reserved 1048576K
}

Deoptimization events (20 events):
Event: 2.720 Thread 0x00007f4d42b5a800 Uncommon trap: trap_request=0xffffffde fr.pc=0x00007f4d303dc9c8 relative=0x00000000000001a8
Event: 2.720 Thread 0x00007f4d42b5a800 Uncommon trap: reason=class_check action=maybe_recompile pc=0x00007f4d303dc9c8 method=java.lang.String.equals(Ljava/lang/Object;)Z @ 8 c2
Event: 2.720 Thread 0x00007f4d42b5a800 DEOPT PACKING pc=0x00007f4d303dc9c8 sp=0x00007f4cdc165b00
Event: 2.720 Thread 0x00007f4d42b5a800 DEOPT UNPACKING pc=0x00007f4d288a9ea5 sp=0x00007f4cdc165ab8 mode 2
Event: 2.721 Thread 0x00007f4d42b5a800 Uncommon trap: trap_request=0xffffffde fr.pc=0x00007f4d303dc9c8 relative=0x00000000000001a8
Event: 2.721 Thread 0x00007f4d42b5a800 Uncommon trap: reason=class_check action=maybe_recompile pc=0x00007f4d303dc9c8 method=java.lang.String.equals(Ljava/lang/Object;)Z @ 8 c2
Event: 2.721 Thread 0x00007f4d42b5a800 DEOPT PACKING pc=0x00007f4d303dc9c8 sp=0x00007f4cdc165cf0
Event: 2.721 Thread 0x00007f4d42b5a800 DEOPT UNPACKING pc=0x00007f4d288a9ea5 sp=0x00007f4cdc165ca8 mode 2
Event: 2.722 Thread 0x00007f4d42b5a800 Uncommon trap: trap_request=0xffffffde fr.pc=0x00007f4d303dc9c8 relative=0x00000000000001a8
Event: 2.722 Thread 0x00007f4d42b5a800 Uncommon trap: reason=class_check action=maybe_recompile pc=0x00007f4d303dc9c8 method=java.lang.String.equals(Ljava/lang/Object;)Z @ 8 c2
Event: 2.722 Thread 0x00007f4d42b5a800 DEOPT PACKING pc=0x00007f4d303dc9c8 sp=0x00007f4cdc166360
Event: 2.722 Thread 0x00007f4d42b5a800 DEOPT UNPACKING pc=0x00007f4d288a9ea5 sp=0x00007f4cdc166318 mode 2
Event: 2.724 Thread 0x00007f4d42b5a800 Uncommon trap: trap_request=0xffffffde fr.pc=0x00007f4d303dc9c8 relative=0x00000000000001a8
Event: 2.724 Thread 0x00007f4d42b5a800 Uncommon trap: reason=class_check action=maybe_recompile pc=0x00007f4d303dc9c8 method=java.lang.String.equals(Ljava/lang/Object;)Z @ 8 c2
Event: 2.724 Thread 0x00007f4d42b5a800 DEOPT PACKING pc=0x00007f4d303dc9c8 sp=0x00007f4cdc166170
Event: 2.724 Thread 0x00007f4d42b5a800 DEOPT UNPACKING pc=0x00007f4d288a9ea5 sp=0x00007f4cdc166128 mode 2
Event: 2.734 Thread 0x00007f4d42b5a800 Uncommon trap: trap_request=0xffffff4d fr.pc=0x00007f4d303e0ed0 relative=0x00000000000000b0
Event: 2.734 Thread 0x00007f4d42b5a800 Uncommon trap: reason=unstable_if action=reinterpret pc=0x00007f4d303e0ed0 method=java.lang.ref.SoftReference.get()Ljava/lang/Object; @ 6 c2
Event: 2.734 Thread 0x00007f4d42b5a800 DEOPT PACKING pc=0x00007f4d303e0ed0 sp=0x00007f4cdc165700
Event: 2.734 Thread 0x00007f4d42b5a800 DEOPT UNPACKING pc=0x00007f4d288a9ea5 sp=0x00007f4cdc1656b8 mode 2

Classes redefined (0 events):
No events

Internal exceptions (20 events):
Event: 1.642 Thread 0x00007f4d40027000 Exception <a 'java/lang/NoSuchMethodError'{0x0000000097ba2920}: 'java.lang.Object java.lang.invoke.DirectMethodHandle$Holder.invokeStatic(java.lang.Object, java.lang.Object, java.lang.Object, java.lang.Object, java.lang.Object, java.lang.Object, java.lang.Object, java.lang.Object, java.lang.Object, java.lang.Object, int, int, java.lang.Object, java.lang.Object)'> (0x0000000097ba2920) thrown at [./src/hotspot/share/interpreter/linkResolver.cpp, line 773]
Event: 1.644 Thread 0x00007f4d40027000 Exception <a 'java/lang/NoSuchMethodError'{0x0000000097bc2d08}: 'java.lang.Object java.lang.invoke.DirectMethodHandle$Holder.invokeStatic(java.lang.Object, java.lang.Object, java.lang.Object, java.lang.Object, java.lang.Object, java.lang.Object, java.lang.Object, java.lang.Object, java.lang.Object, java.lang.Object, int, int, java.lang.Object, java.lang.Object, java.lang.Object)'> (0x0000000097bc2d08) thrown at [./src/hotspot/share/interpreter/linkResolver.cpp, line 773]
Event: 1.648 Thread 0x00007f4d40027000 Exception <a 'java/lang/NoSuchMethodError'{0x0000000097bf44a8}: 'java.lang.Object java.lang.invoke.Invokers$Holder.linkToTargetMethod(java.lang.Object, java.lang.Object, java.lang.Object, java.lang.Object, java.lang.Object, java.lang.Object)'> (0x0000000097bf44a8) thrown at [./src/hotspot/share/interpreter/linkResolver.cpp, line 773]
Event: 1.654 Thread 0x00007f4d40027000 Exception <a 'java/lang/NoSuchMethodError'{0x0000000097a60f50}: 'java.lang.Object java.lang.invoke.DirectMethodHandle$Holder.invokeSpecial(java.lang.Object, java.lang.Object, int, int, java.lang.Object, java.lang.Object, java.lang.Object, java.lang.Object)'> (0x0000000097a60f50) thrown at [./src/hotspot/share/interpreter/linkResolver.cpp, line 773]
Event: 1.654 Thread 0x00007f4d40027000 Exception <a 'java/lang/NoSuchMethodError'{0x0000000097a64688}: 'java.lang.Object java.lang.invoke.DelegatingMethodHandle$Holder.reinvoke_L(java.lang.Object, int, int, java.lang.Object, java.lang.Object, java.lang.Object, java.lang.Object)'> (0x0000000097a64688) thrown at [./src/hotspot/share/interpreter/linkResolver.cpp, line 773]
Event: 1.801 Thread 0x00007f4d40027000 Exception <a 'java/lang/NoSuchMethodError'{0x00000000979ae578}: 'java.lang.Object java.lang.invoke.DirectMethodHandle$Holder.invokeStatic(java.lang.Object, java.lang.Object, java.lang.Object, java.lang.Object, java.lang.Object, java.lang.Object, java.lang.Object, java.lang.Object, java.lang.Object, java.lang.Object, java.lang.Object, java.lang.Object, java.lang.Object, int)'> (0x00000000979ae578) thrown at [./src/hotspot/share/interpreter/linkResolver.cpp, line 773]
Event: 1.803 Thread 0x00007f4d40027000 Exception <a 'java/lang/NoSuchMethodError'{0x00000000979ba888}: 'java.lang.Object java.lang.invoke.DirectMethodHandle$Holder.invokeStatic(java.lang.Object, java.lang.Object, java.lang.Object, java.lang.Object, java.lang.Object, java.lang.Object, java.lang.Object, java.lang.Object, java.lang.Object, java.lang.Object, java.lang.Object, java.lang.Object, java.lang.Object, int, int)'> (0x00000000979ba888) thrown at [./src/hotspot/share/interpreter/linkResolver.cpp, line 773]
Event: 1.805 Thread 0x00007f4d40027000 Exception <a 'java/lang/NoSuchMethodError'{0x00000000979c6f38}: 'java.lang.Object java.lang.invoke.DirectMethodHandle$Holder.invokeStatic(java.lang.Object, java.lang.Object, java.lang.Object, java.lang.Object, java.lang.Object, java.lang.Object, java.lang.Object, java.lang.Object, java.lang.Object, java.lang.Object, java.lang.Object, java.lang.Object, java.lang.Object, int, int, java.lang.Object)'> (0x00000000979c6f38) thrown at [./src/hotspot/share/interpreter/linkResolver.cpp, line 773]
Event: 2.433 Thread 0x00007f4d42b5a800 Exception <a 'java/lang/ClassNotFoundException'{0x000000009a5feba8}: org/apache/lucene/luke/app/desktop/messages/messages> (0x000000009a5feba8) thrown at [./src/hotspot/share/prims/jni.cpp, line 636]
Event: 2.440 Thread 0x00007f4d42b5a800 Exception <a 'java/lang/ClassNotFoundException'{0x000000009a41d160}: org/apache/lucene/luke/app/desktop/messages/messages_en> (0x000000009a41d160) thrown at [./src/hotspot/share/prims/jni.cpp, line 636]
Event: 2.443 Thread 0x00007f4d42b5a800 Exception <a 'java/lang/ClassNotFoundException'{0x000000009a422528}: org/apache/lucene/luke/app/desktop/messages/messages_en_US> (0x000000009a422528) thrown at [./src/hotspot/share/prims/jni.cpp, line 636]
Event: 2.444 Thread 0x00007f4d42b5a800 Implicit null exception at 0x00007f4d303cdb8b to 0x00007f4d303cdc68
Event: 2.451 Thread 0x00007f4d42b5a800 Exception <a 'java/lang/NoSuchMethodError'{0x000000009a48e780}: 'java.lang.Object java.lang.invoke.DirectMethodHandle$Holder.invokeSpecial(java.lang.Object, java.lang.Object, int, int, int, int, int)'> (0x000000009a48e780) thrown at [./src/hotspot/share/interpreter/linkResolver.cpp, line 773]
Event: 2.451 Thread 0x00007f4d42b5a800 Exception <a 'java/lang/NoSuchMethodError'{0x000000009a491a08}: 'java.lang.Object java.lang.invoke.DelegatingMethodHandle$Holder.reinvoke_L(java.lang.Object, int, int, int, int, int)'> (0x000000009a491a08) thrown at [./src/hotspot/share/interpreter/linkResolver.cpp, line 773]
Event: 2.476 Thread 0x00007f4d42b5a800 Exception <a 'java/lang/ClassNotFoundException'{0x000000009a4b2eb0}: com/sun/swing/internal/plaf/metal/resources/spi/metalProvider> (0x000000009a4b2eb0) thrown at [./src/hotspot/share/classfile/systemDictionary.cpp, line 231]
Event: 2.477 Thread 0x00007f4d42b5a800 Exception <a 'java/lang/ClassNotFoundException'{0x000000009a4b7150}: com/sun/swing/internal/plaf/basic/resources/spi/basicProvider> (0x000000009a4b7150) thrown at [./src/hotspot/share/classfile/systemDictionary.cpp, line 231]
Event: 2.481 Thread 0x00007f4d42b5a800 Implicit null exception at 0x00007f4d303848f8 to 0x00007f4d3038498a
Event: 2.481 Thread 0x00007f4d42b5a800 Implicit null exception at 0x00007f4d3038652f to 0x00007f4d3038659d
Event: 2.712 Thread 0x00007f4d42b5a800 Exception <a 'java/lang/NoSuchMethodError'{0x000000009a157230}: 'java.lang.Object java.lang.invoke.DirectMethodHandle$Holder.invokeStatic(java.lang.Object, java.lang.Object, java.lang.Object, java.lang.Object, java.lang.Object, java.lang.Object, java.lang.Object, java.lang.Object, int, int, java.lang.Object)'> (0x000000009a157230) thrown at [./src/hotspot/share/interpreter/linkResolver.cpp, line 773]
Event: 2.714 Thread 0x00007f4d42b5a800 Exception <a 'java/lang/NoSuchMethodError'{0x000000009a173de8}: 'java.lang.Object java.lang.invoke.DirectMethodHandle$Holder.invokeStatic(java.lang.Object, java.lang.Object, java.lang.Object, java.lang.Object, java.lang.Object, java.lang.Object, java.lang.Object, java.lang.Object, int, int, java.lang.Object, java.lang.Object)'> (0x000000009a173de8) thrown at [./src/hotspot/share/interpreter/linkResolver.cpp, line 773]

Events (20 events):
Event: 2.739 loading class sun/font/TrueTypeGlyphMapper
Event: 2.739 loading class sun/font/TrueTypeGlyphMapper done
Event: 2.739 loading class sun/font/CMap
Event: 2.739 loading class sun/font/CMap done
Event: 2.739 loading class sun/font/CMap$NullCMapClass
Event: 2.739 loading class sun/font/CMap$NullCMapClass done
Event: 2.740 loading class sun/font/CMap$CMapFormat4
Event: 2.740 loading class sun/font/CMap$CMapFormat4 done
Event: 2.740 loading class java/nio/ByteBufferAsCharBufferB
Event: 2.740 loading class java/nio/ByteBufferAsCharBufferB done
Event: 2.740 Executing VM operation: Deoptimize
Event: 2.741 Executing VM operation: Deoptimize done
Event: 2.741 loading class sun/font/FontDesignMetrics$KeyReference
Event: 2.741 loading class sun/font/FontDesignMetrics$KeyReference done
Event: 2.741 loading class javax/swing/text/ParagraphView$Row
Event: 2.741 loading class javax/swing/text/ParagraphView$Row done
Event: 2.741 loading class javax/swing/text/Utilities
Event: 2.742 loading class javax/swing/text/Utilities done
Event: 2.742 loading class sun/font/CompositeGlyphMapper
Event: 2.742 loading class sun/font/CompositeGlyphMapper done


Dynamic libraries:
93800000-9a600000 rw-p 00000000 00:00 0 
9a600000-100000000 ---p 00000000 00:00 0 
100000000-100340000 rw-p 00000000 00:00 0 
100340000-140000000 ---p 00000000 00:00 0 
55685b400000-55685b401000 r-xp 00000000 103:05 1586413                   /usr/lib/jvm/java-11-adoptopenjdk/bin/java
55685b601000-55685b602000 r--p 00001000 103:05 1586413                   /usr/lib/jvm/java-11-adoptopenjdk/bin/java
55685b602000-55685b603000 rw-p 00002000 103:05 1586413                   /usr/lib/jvm/java-11-adoptopenjdk/bin/java
55685c7b2000-55685c7d3000 rw-p 00000000 00:00 0                          [heap]
7f4cb8000000-7f4cb80b4000 rw-p 00000000 00:00 0 
7f4cb80b4000-7f4cbc000000 ---p 00000000 00:00 0 
7f4cbfc00000-7f4cbfc80000 rw-p 00000000 00:00 0 
7f4cbfc80000-7f4cbfe00000 ---p 00000000 00:00 0 
7f4cbfe00000-7f4cc0000000 rw-p 00000000 00:00 0 
7f4cc0000000-7f4cc0021000 rw-p 00000000 00:00 0 
7f4cc0021000-7f4cc4000000 ---p 00000000 00:00 0 
7f4cc4000000-7f4cc4021000 rw-p 00000000 00:00 0 
7f4cc4021000-7f4cc8000000 ---p 00000000 00:00 0 
7f4cc8000000-7f4cc8021000 rw-p 00000000 00:00 0 
7f4cc8021000-7f4ccc000000 ---p 00000000 00:00 0 
7f4ccc000000-7f4ccc021000 rw-p 00000000 00:00 0 
7f4ccc021000-7f4cd0000000 ---p 00000000 00:00 0 
7f4cd0000000-7f4cd0021000 rw-p 00000000 00:00 0 
7f4cd0021000-7f4cd4000000 ---p 00000000 00:00 0 
7f4cd4000000-7f4cd4021000 rw-p 00000000 00:00 0 
7f4cd4021000-7f4cd8000000 ---p 00000000 00:00 0 
7f4cd8000000-7f4cd8021000 rw-p 00000000 00:00 0 
7f4cd8021000-7f4cdc000000 ---p 00000000 00:00 0 
7f4cdc06a000-7f4cdc06e000 ---p 00000000 00:00 0 
7f4cdc06e000-7f4cdc16a000 rw-p 00000000 00:00 0 
7f4cdc16a000-7f4cdc16e000 ---p 00000000 00:00 0 
7f4cdc16e000-7f4cdc26a000 rw-p 00000000 00:00 0 
7f4cdc26a000-7f4cdc26b000 ---p 00000000 00:00 0 
7f4cdc26b000-7f4cdc56c000 rw-p 00000000 00:00 0 
7f4cdc56c000-7f4cdc669000 r--s 00000000 103:05 1851001                   /var/cache/fontconfig/923e285e415b1073c8df160bee08820f-le64.cache-8
7f4cdc669000-7f4cdc700000 r--s 00000000 103:05 1850240                   /var/cache/fontconfig/17090aa38d5c6f09fb8c5c354938f1d7-le64.cache-8
7f4cdc700000-7f4cdc7fd000 r--s 00000000 103:05 1851001                   /var/cache/fontconfig/923e285e415b1073c8df160bee08820f-le64.cache-8
7f4cdc7fd000-7f4cdc9fd000 rw-p 00000000 00:00 0 
7f4cdc9fd000-7f4cdc9fe000 ---p 00000000 00:00 0 
7f4cdc9fe000-7f4cdd1fe000 rw-p 00000000 00:00 0 
7f4cdd1fe000-7f4cdd1ff000 ---p 00000000 00:00 0 
7f4cdd1ff000-7f4cdd9ff000 rw-p 00000000 00:00 0 
7f4cdd9ff000-7f4cdda00000 ---p 00000000 00:00 0 
7f4cdda00000-7f4cde200000 rw-p 00000000 00:00 0 
7f4cde200000-7f4cde345000 r-xp 00000000 103:05 1715153                   /usr/lib/jvm/java-11-adoptopenjdk/lib/libharfbuzz.so
7f4cde345000-7f4cde544000 ---p 00145000 103:05 1715153                   /usr/lib/jvm/java-11-adoptopenjdk/lib/libharfbuzz.so
7f4cde544000-7f4cde546000 r--p 00144000 103:05 1715153                   /usr/lib/jvm/java-11-adoptopenjdk/lib/libharfbuzz.so
7f4cde546000-7f4cde547000 rw-p 00146000 103:05 1715153                   /usr/lib/jvm/java-11-adoptopenjdk/lib/libharfbuzz.so
7f4cde547000-7f4cde54a000 rw-p 00000000 00:00 0 
7f4cde568000-7f4cde600000 r--s 00000000 103:05 1850239                   /var/cache/fontconfig/df311e82a1a24c41a75c2c930223552e-le64.cache-8
7f4cde600000-7f4cde60d000 r-xp 00000000 103:05 1715152                   /usr/lib/jvm/java-11-adoptopenjdk/lib/libfontmanager.so
7f4cde60d000-7f4cde80c000 ---p 0000d000 103:05 1715152                   /usr/lib/jvm/java-11-adoptopenjdk/lib/libfontmanager.so
7f4cde80c000-7f4cde80d000 r--p 0000c000 103:05 1715152                   /usr/lib/jvm/java-11-adoptopenjdk/lib/libfontmanager.so
7f4cde80d000-7f4cde80e000 rw-p 0000d000 103:05 1715152                   /usr/lib/jvm/java-11-adoptopenjdk/lib/libfontmanager.so
7f4cde836000-7f4cde86e000 r--p 00000000 103:05 1456131                   /usr/lib/libgio-2.0.so.0.7000.4
7f4cde86e000-7f4cde973000 r-xp 00038000 103:05 1456131                   /usr/lib/libgio-2.0.so.0.7000.4
7f4cde973000-7f4cde9f4000 r--p 0013d000 103:05 1456131                   /usr/lib/libgio-2.0.so.0.7000.4
7f4cde9f4000-7f4cde9f5000 ---p 001be000 103:05 1456131                   /usr/lib/libgio-2.0.so.0.7000.4
7f4cde9f5000-7f4cde9fd000 r--p 001be000 103:05 1456131                   /usr/lib/libgio-2.0.so.0.7000.4
7f4cde9fd000-7f4cde9fe000 rw-p 001c6000 103:05 1456131                   /usr/lib/libgio-2.0.so.0.7000.4
7f4cde9fe000-7f4cdea00000 rw-p 00000000 00:00 0 
7f4cdea00000-7f4cdea5d000 r-xp 00000000 103:05 1715149                   /usr/lib/jvm/java-11-adoptopenjdk/lib/libawt_xawt.so
7f4cdea5d000-7f4cdec5d000 ---p 0005d000 103:05 1715149                   /usr/lib/jvm/java-11-adoptopenjdk/lib/libawt_xawt.so
7f4cdec5d000-7f4cdec5e000 r--p 0005d000 103:05 1715149                   /usr/lib/jvm/java-11-adoptopenjdk/lib/libawt_xawt.so
7f4cdec5e000-7f4cdec60000 rw-p 0005e000 103:05 1715149                   /usr/lib/jvm/java-11-adoptopenjdk/lib/libawt_xawt.so
7f4cdec60000-7f4cdec62000 rw-p 00000000 00:00 0 
7f4cdec88000-7f4cdecae000 r--s 00000000 103:05 1851002                   /var/cache/fontconfig/f2e43df3287529323e79e7929dc44cc9-le64.cache-8
7f4cdecae000-7f4cdecbd000 r--s 00000000 103:05 1850998                   /var/cache/fontconfig/491f45a0a771fef1c10b9b647a97fb82-le64.cache-8
7f4cdecbd000-7f4cdecd1000 r--s 00000000 103:05 1850997                   /var/cache/fontconfig/614d1caaa4d7914789410f6367de37ca-le64.cache-8
7f4cdecd1000-7f4cded68000 r--s 00000000 103:05 1850240                   /var/cache/fontconfig/17090aa38d5c6f09fb8c5c354938f1d7-le64.cache-8
7f4cded68000-7f4cdee00000 r--s 00000000 103:05 1850239                   /var/cache/fontconfig/df311e82a1a24c41a75c2c930223552e-le64.cache-8
7f4cdee00000-7f4cdee9e000 r-xp 00000000 103:05 1715147                   /usr/lib/jvm/java-11-adoptopenjdk/lib/libawt.so
7f4cdee9e000-7f4cdf09d000 ---p 0009e000 103:05 1715147                   /usr/lib/jvm/java-11-adoptopenjdk/lib/libawt.so
7f4cdf09d000-7f4cdf09e000 r--p 0009d000 103:05 1715147                   /usr/lib/jvm/java-11-adoptopenjdk/lib/libawt.so
7f4cdf09e000-7f4cdf0a9000 rw-p 0009e000 103:05 1715147                   /usr/lib/jvm/java-11-adoptopenjdk/lib/libawt.so
7f4cdf0a9000-7f4cdf0ce000 rw-p 00000000 00:00 0 
7f4cdf100000-7f4cdf104000 ---p 00000000 00:00 0 
7f4cdf104000-7f4cdf400000 rw-p 00000000 00:00 0 
7f4cdf400000-7f4cdf600000 rw-p 00000000 00:00 0 
7f4cdf600000-7f4cdf800000 rw-p 00000000 00:00 0 
7f4cdf800000-7f4cdf805000 r-xp 00000000 103:05 1715169                   /usr/lib/jvm/java-11-adoptopenjdk/lib/libmanagement_ext.so
7f4cdf805000-7f4cdfa04000 ---p 00005000 103:05 1715169                   /usr/lib/jvm/java-11-adoptopenjdk/lib/libmanagement_ext.so
7f4cdfa04000-7f4cdfa05000 r--p 00004000 103:05 1715169                   /usr/lib/jvm/java-11-adoptopenjdk/lib/libmanagement_ext.so
7f4cdfa05000-7f4cdfa06000 rw-p 00005000 103:05 1715169                   /usr/lib/jvm/java-11-adoptopenjdk/lib/libmanagement_ext.so
7f4cdfa09000-7f4cdfa2f000 r--s 00000000 103:05 1851002                   /var/cache/fontconfig/f2e43df3287529323e79e7929dc44cc9-le64.cache-8
7f4cdfa2f000-7f4cdfa3e000 r--s 00000000 103:05 1850998                   /var/cache/fontconfig/491f45a0a771fef1c10b9b647a97fb82-le64.cache-8
7f4cdfa3e000-7f4cdfa52000 r--s 00000000 103:05 1850997                   /var/cache/fontconfig/614d1caaa4d7914789410f6367de37ca-le64.cache-8
7f4cdfa52000-7f4cdfa73000 r--s 00000000 103:06 7871931                   /home/jorge/.cache/fontconfig/f6b893a7224233d96cb72fd88691c0b4-le64.cache-8
7f4cdfac3000-7f4cdfae0000 r--p 00000000 103:05 1456141                   /usr/lib/libglib-2.0.so.0.7000.4
7f4cdfae0000-7f4cdfb72000 r-xp 0001d000 103:05 1456141                   /usr/lib/libglib-2.0.so.0.7000.4
7f4cdfb72000-7f4cdfbfc000 r--p 000af000 103:05 1456141                   /usr/lib/libglib-2.0.so.0.7000.4
7f4cdfbfc000-7f4cdfbfd000 ---p 00139000 103:05 1456141                   /usr/lib/libglib-2.0.so.0.7000.4
7f4cdfbfd000-7f4cdfbfe000 r--p 00139000 103:05 1456141                   /usr/lib/libglib-2.0.so.0.7000.4
7f4cdfbfe000-7f4cdfbff000 rw-p 0013a000 103:05 1456141                   /usr/lib/libglib-2.0.so.0.7000.4
7f4cdfbff000-7f4cdfc00000 rw-p 00000000 00:00 0 
7f4cdfc00000-7f4cdfc04000 r-xp 00000000 103:05 1715167                   /usr/lib/jvm/java-11-adoptopenjdk/lib/libmanagement.so
7f4cdfc04000-7f4cdfe03000 ---p 00004000 103:05 1715167                   /usr/lib/jvm/java-11-adoptopenjdk/lib/libmanagement.so
7f4cdfe03000-7f4cdfe04000 r--p 00003000 103:05 1715167                   /usr/lib/jvm/java-11-adoptopenjdk/lib/libmanagement.so
7f4cdfe04000-7f4cdfe05000 rw-p 00004000 103:05 1715167                   /usr/lib/jvm/java-11-adoptopenjdk/lib/libmanagement.so
7f4cdfe0a000-7f4cdfe11000 r--s 00000000 103:05 1851003                   /var/cache/fontconfig/7ef2298fde41cc6eeb7af42e48b7d293-le64.cache-8
7f4cdfe11000-7f4cdfe15000 ---p 00000000 00:00 0 
7f4cdfe15000-7f4cdff11000 rw-p 00000000 00:00 0 
7f4cdff11000-7f4cdff1c000 r--p 00000000 103:05 1466181                   /usr/lib/libharfbuzz.so.0.40001.0
7f4cdff1c000-7f4cdffc5000 r-xp 0000b000 103:05 1466181                   /usr/lib/libharfbuzz.so.0.40001.0
7f4cdffc5000-7f4cdfffd000 r--p 000b4000 103:05 1466181                   /usr/lib/libharfbuzz.so.0.40001.0
7f4cdfffd000-7f4cdfffe000 ---p 000ec000 103:05 1466181                   /usr/lib/libharfbuzz.so.0.40001.0
7f4cdfffe000-7f4cdffff000 r--p 000ec000 103:05 1466181                   /usr/lib/libharfbuzz.so.0.40001.0
7f4cdffff000-7f4ce0000000 rw-p 000ed000 103:05 1466181                   /usr/lib/libharfbuzz.so.0.40001.0
7f4ce0000000-7f4ce0021000 rw-p 00000000 00:00 0 
7f4ce0021000-7f4ce4000000 ---p 00000000 00:00 0 
7f4ce4000000-7f4ce4021000 rw-p 00000000 00:00 0 
7f4ce4021000-7f4ce8000000 ---p 00000000 00:00 0 
7f4ce8000000-7f4ce8021000 rw-p 00000000 00:00 0 
7f4ce8021000-7f4cec000000 ---p 00000000 00:00 0 
7f4cec000000-7f4cec021000 rw-p 00000000 00:00 0 
7f4cec021000-7f4cf0000000 ---p 00000000 00:00 0 
7f4cf0000000-7f4cf11ec000 rw-p 00000000 00:00 0 
7f4cf11ec000-7f4cf4000000 ---p 00000000 00:00 0 
7f4cf4000000-7f4cf4794000 rw-p 00000000 00:00 0 
7f4cf4794000-7f4cf8000000 ---p 00000000 00:00 0 
7f4cf8000000-7f4cf8021000 rw-p 00000000 00:00 0 
7f4cf8021000-7f4cfc000000 ---p 00000000 00:00 0 
7f4cfc000000-7f4cfc021000 rw-p 00000000 00:00 0 
7f4cfc021000-7f4d00000000 ---p 00000000 00:00 0 
7f4d00000000-7f4d00021000 rw-p 00000000 00:00 0 
7f4d00021000-7f4d04000000 ---p 00000000 00:00 0 
7f4d04000000-7f4d04021000 rw-p 00000000 00:00 0 
7f4d04021000-7f4d08000000 ---p 00000000 00:00 0 
7f4d08000000-7f4d08021000 rw-p 00000000 00:00 0 
7f4d08021000-7f4d0c000000 ---p 00000000 00:00 0 
7f4d0c000000-7f4d0c021000 rw-p 00000000 00:00 0 
7f4d0c021000-7f4d10000000 ---p 00000000 00:00 0 
7f4d10000000-7f4d10021000 rw-p 00000000 00:00 0 
7f4d10021000-7f4d14000000 ---p 00000000 00:00 0 
7f4d14000000-7f4d14021000 rw-p 00000000 00:00 0 
7f4d14021000-7f4d18000000 ---p 00000000 00:00 0 
7f4d18002000-7f4d1800f000 r--s 00000000 103:05 1850276                   /var/cache/fontconfig/210c0516121708a580e22e6b1f9a103a-le64.cache-8
7f4d1800f000-7f4d18030000 r--s 00000000 103:06 7871931                   /home/jorge/.cache/fontconfig/f6b893a7224233d96cb72fd88691c0b4-le64.cache-8
7f4d18030000-7f4d18039000 r--s 00000000 103:05 1850241                   /var/cache/fontconfig/f349e9996a5320f6dd491cedd2b1f964-le64.cache-8
7f4d18039000-7f4d18040000 r--s 00000000 103:05 1851003                   /var/cache/fontconfig/7ef2298fde41cc6eeb7af42e48b7d293-le64.cache-8
7f4d18040000-7f4d1804d000 r--s 00000000 103:05 1850276                   /var/cache/fontconfig/210c0516121708a580e22e6b1f9a103a-le64.cache-8
7f4d1804d000-7f4d18056000 r--s 00000000 103:05 1850241                   /var/cache/fontconfig/f349e9996a5320f6dd491cedd2b1f964-le64.cache-8
7f4d18056000-7f4d18057000 ---p 00000000 00:00 0 
7f4d18057000-7f4d18158000 rw-p 00000000 00:00 0 
7f4d1815e000-7f4d18165000 r--p 00000000 103:05 1494004                   /usr/lib/libxfconf-0.so.3.0.0
7f4d18165000-7f4d18170000 r-xp 00007000 103:05 1494004                   /usr/lib/libxfconf-0.so.3.0.0
7f4d18170000-7f4d18176000 r--p 00012000 103:05 1494004                   /usr/lib/libxfconf-0.so.3.0.0
7f4d18176000-7f4d18178000 r--p 00017000 103:05 1494004                   /usr/lib/libxfconf-0.so.3.0.0
7f4d18178000-7f4d18179000 rw-p 00019000 103:05 1494004                   /usr/lib/libxfconf-0.so.3.0.0
7f4d18179000-7f4d18183000 r--p 00000000 103:05 1492288                   /usr/lib/libmount.so.1.1.0
7f4d18183000-7f4d181ad000 r-xp 0000a000 103:05 1492288                   /usr/lib/libmount.so.1.1.0
7f4d181ad000-7f4d181b9000 r--p 00034000 103:05 1492288                   /usr/lib/libmount.so.1.1.0
7f4d181b9000-7f4d181bb000 r--p 0003f000 103:05 1492288                   /usr/lib/libmount.so.1.1.0
7f4d181bb000-7f4d181bc000 rw-p 00041000 103:05 1492288                   /usr/lib/libmount.so.1.1.0
7f4d181bc000-7f4d181d8000 r--p 00000000 103:05 1468762                   /usr/lib/libX11.so.6.4.0
7f4d181d8000-7f4d18262000 r-xp 0001c000 103:05 1468762                   /usr/lib/libX11.so.6.4.0
7f4d18262000-7f4d182f7000 r--p 000a6000 103:05 1468762                   /usr/lib/libX11.so.6.4.0
7f4d182f7000-7f4d182fa000 r--p 0013a000 103:05 1468762                   /usr/lib/libX11.so.6.4.0
7f4d182fa000-7f4d182fe000 rw-p 0013d000 103:05 1468762                   /usr/lib/libX11.so.6.4.0
7f4d182fe000-7f4d184fe000 rw-p 00000000 00:00 0 
7f4d184fe000-7f4d184ff000 ---p 00000000 00:00 0 
7f4d184ff000-7f4d18600000 rw-p 00000000 00:00 0 
7f4d18600000-7f4d18616000 r-xp 00000000 103:05 1715171                   /usr/lib/jvm/java-11-adoptopenjdk/lib/libnet.so
7f4d18616000-7f4d18815000 ---p 00016000 103:05 1715171                   /usr/lib/jvm/java-11-adoptopenjdk/lib/libnet.so
7f4d18815000-7f4d18816000 r--p 00015000 103:05 1715171                   /usr/lib/jvm/java-11-adoptopenjdk/lib/libnet.so
7f4d18816000-7f4d18817000 rw-p 00016000 103:05 1715171                   /usr/lib/jvm/java-11-adoptopenjdk/lib/libnet.so
7f4d18817000-7f4d1881d000 r--s 00000000 103:05 1850999                   /var/cache/fontconfig/b67b32625a2bb51b023d3814a918f351-le64.cache-8
7f4d1881d000-7f4d1881f000 r--p 00000000 103:05 1469865                   /usr/lib/libXfixes.so.3.1.0
7f4d1881f000-7f4d18822000 r-xp 00002000 103:05 1469865                   /usr/lib/libXfixes.so.3.1.0
7f4d18822000-7f4d18823000 r--p 00005000 103:05 1469865                   /usr/lib/libXfixes.so.3.1.0
7f4d18823000-7f4d18824000 ---p 00006000 103:05 1469865                   /usr/lib/libXfixes.so.3.1.0
7f4d18824000-7f4d18825000 r--p 00006000 103:05 1469865                   /usr/lib/libXfixes.so.3.1.0
7f4d18825000-7f4d18826000 rw-p 00007000 103:05 1469865                   /usr/lib/libXfixes.so.3.1.0
7f4d18826000-7f4d1882a000 r--p 00000000 103:05 1475166                   /usr/lib/gio/modules/libdconfsettings.so
7f4d1882a000-7f4d18830000 r-xp 00004000 103:05 1475166                   /usr/lib/gio/modules/libdconfsettings.so
7f4d18830000-7f4d18833000 r--p 0000a000 103:05 1475166                   /usr/lib/gio/modules/libdconfsettings.so
7f4d18833000-7f4d18834000 r--p 0000c000 103:05 1475166                   /usr/lib/gio/modules/libdconfsettings.so
7f4d18834000-7f4d18835000 rw-p 0000d000 103:05 1475166                   /usr/lib/gio/modules/libdconfsettings.so
7f4d18835000-7f4d18843000 r--p 00000000 103:05 1466303                   /usr/lib/libfreetype.so.6.18.1
7f4d18843000-7f4d188c2000 r-xp 0000e000 103:05 1466303                   /usr/lib/libfreetype.so.6.18.1
7f4d188c2000-7f4d188f7000 r--p 0008d000 103:05 1466303                   /usr/lib/libfreetype.so.6.18.1
7f4d188f7000-7f4d188f8000 ---p 000c2000 103:05 1466303                   /usr/lib/libfreetype.so.6.18.1
7f4d188f8000-7f4d188ff000 r--p 000c2000 103:05 1466303                   /usr/lib/libfreetype.so.6.18.1
7f4d188ff000-7f4d18900000 rw-p 000c9000 103:05 1466303                   /usr/lib/libfreetype.so.6.18.1
7f4d18900000-7f4d18904000 ---p 00000000 00:00 0 
7f4d18904000-7f4d18a00000 rw-p 00000000 00:00 0 
7f4d18a00000-7f4d18a0f000 r-xp 00000000 103:05 1715172                   /usr/lib/jvm/java-11-adoptopenjdk/lib/libnio.so
7f4d18a0f000-7f4d18c0f000 ---p 0000f000 103:05 1715172                   /usr/lib/jvm/java-11-adoptopenjdk/lib/libnio.so
7f4d18c0f000-7f4d18c10000 r--p 0000f000 103:05 1715172                   /usr/lib/jvm/java-11-adoptopenjdk/lib/libnio.so
7f4d18c10000-7f4d18c11000 rw-p 00010000 103:05 1715172                   /usr/lib/jvm/java-11-adoptopenjdk/lib/libnio.so
7f4d18c13000-7f4d18c17000 ---p 00000000 00:00 0 
7f4d18c17000-7f4d18d13000 rw-p 00000000 00:00 0 
7f4d18d13000-7f4d18d17000 ---p 00000000 00:00 0 
7f4d18d17000-7f4d18e13000 rw-p 00000000 00:00 0 
7f4d18e13000-7f4d18e17000 ---p 00000000 00:00 0 
7f4d18e17000-7f4d18f13000 rw-p 00000000 00:00 0 
7f4d18f13000-7f4d18f17000 ---p 00000000 00:00 0 
7f4d18f17000-7f4d19013000 rw-p 00000000 00:00 0 
7f4d19013000-7f4d19017000 ---p 00000000 00:00 0 
7f4d19017000-7f4d19113000 rw-p 00000000 00:00 0 
7f4d19113000-7f4d193fc000 r--p 00000000 103:05 1495776                   /usr/lib/locale/locale-archive
7f4d193fc000-7f4d19400000 ---p 00000000 00:00 0 
7f4d19400000-7f4d194fc000 rw-p 00000000 00:00 0 
7f4d194fc000-7f4d19500000 ---p 00000000 00:00 0 
7f4d19500000-7f4d195fc000 rw-p 00000000 00:00 0 
7f4d195fc000-7f4d195fd000 ---p 00000000 00:00 0 
7f4d195fd000-7f4d19efe000 rw-p 00000000 00:00 0 
7f4d19efe000-7f4d19eff000 ---p 00000000 00:00 0 
7f4d19eff000-7f4d1c000000 rw-p 00000000 00:00 0 
7f4d1c000000-7f4d1c021000 rw-p 00000000 00:00 0 
7f4d1c021000-7f4d20000000 ---p 00000000 00:00 0 
7f4d20001000-7f4d20007000 r--s 00000000 103:05 1850999                   /var/cache/fontconfig/b67b32625a2bb51b023d3814a918f351-le64.cache-8
7f4d20007000-7f4d2000f000 r--p 00000000 103:05 1449179                   /usr/lib/libblkid.so.1.1.0
7f4d2000f000-7f4d2002f000 r-xp 00008000 103:05 1449179                   /usr/lib/libblkid.so.1.1.0
7f4d2002f000-7f4d20038000 r--p 00028000 103:05 1449179                   /usr/lib/libblkid.so.1.1.0
7f4d20038000-7f4d20039000 ---p 00031000 103:05 1449179                   /usr/lib/libblkid.so.1.1.0
7f4d20039000-7f4d2003e000 r--p 00031000 103:05 1449179                   /usr/lib/libblkid.so.1.1.0
7f4d2003e000-7f4d2003f000 rw-p 00036000 103:05 1449179                   /usr/lib/libblkid.so.1.1.0
7f4d2003f000-7f4d20041000 r--p 00000000 103:05 1455440                   /usr/lib/libpcre.so.1.2.13
7f4d20041000-7f4d20097000 r-xp 00002000 103:05 1455440                   /usr/lib/libpcre.so.1.2.13
7f4d20097000-7f4d200b4000 r--p 00058000 103:05 1455440                   /usr/lib/libpcre.so.1.2.13
7f4d200b4000-7f4d200b5000 r--p 00074000 103:05 1455440                   /usr/lib/libpcre.so.1.2.13
7f4d200b5000-7f4d200b6000 rw-p 00075000 103:05 1455440                   /usr/lib/libpcre.so.1.2.13
7f4d200b6000-7f4d200b7000 ---p 00000000 00:00 0 
7f4d200b7000-7f4d20b78000 rw-p 00000000 00:00 0 
7f4d20b78000-7f4d224e0000 ---p 00000000 00:00 0 
7f4d224e0000-7f4d22698000 rw-p 00000000 00:00 0 
7f4d22698000-7f4d24000000 ---p 00000000 00:00 0 
7f4d24000000-7f4d24021000 rw-p 00000000 00:00 0 
7f4d24021000-7f4d28000000 ---p 00000000 00:00 0 
7f4d28002000-7f4d28005000 r--s 00000000 103:05 1850995                   /var/cache/fontconfig/6ba42ae0000f58711b5caaf10d690066-le64.cache-8
7f4d28005000-7f4d28007000 r--p 00000000 103:05 1455813                   /usr/lib/libffi.so.8.1.0
7f4d28007000-7f4d2800d000 r-xp 00002000 103:05 1455813                   /usr/lib/libffi.so.8.1.0
7f4d2800d000-7f4d2800f000 r--p 00008000 103:05 1455813                   /usr/lib/libffi.so.8.1.0
7f4d2800f000-7f4d28010000 r--p 00009000 103:05 1455813                   /usr/lib/libffi.so.8.1.0
7f4d28010000-7f4d28011000 rw-p 0000a000 103:05 1455813                   /usr/lib/libffi.so.8.1.0
7f4d28011000-7f4d28013000 r--p 00000000 103:05 1456147                   /usr/lib/libgmodule-2.0.so.0.7000.4
7f4d28013000-7f4d28015000 r-xp 00002000 103:05 1456147                   /usr/lib/libgmodule-2.0.so.0.7000.4
7f4d28015000-7f4d28016000 r--p 00004000 103:05 1456147                   /usr/lib/libgmodule-2.0.so.0.7000.4
7f4d28016000-7f4d28017000 r--p 00004000 103:05 1456147                   /usr/lib/libgmodule-2.0.so.0.7000.4
7f4d28017000-7f4d28018000 rw-p 00005000 103:05 1456147                   /usr/lib/libgmodule-2.0.so.0.7000.4
7f4d28018000-7f4d28026000 r--p 00000000 103:05 1456151                   /usr/lib/libgobject-2.0.so.0.7000.4
7f4d28026000-7f4d28056000 r-xp 0000e000 103:05 1456151                   /usr/lib/libgobject-2.0.so.0.7000.4
7f4d28056000-7f4d2806e000 r--p 0003e000 103:05 1456151                   /usr/lib/libgobject-2.0.so.0.7000.4
7f4d2806e000-7f4d2806f000 ---p 00056000 103:05 1456151                   /usr/lib/libgobject-2.0.so.0.7000.4
7f4d2806f000-7f4d28072000 r--p 00056000 103:05 1456151                   /usr/lib/libgobject-2.0.so.0.7000.4
7f4d28072000-7f4d28073000 rw-p 00059000 103:05 1456151                   /usr/lib/libgobject-2.0.so.0.7000.4
7f4d28073000-7f4d28074000 r--p 00000000 103:05 1466283                   /usr/lib/libbrotlicommon.so.1.0.9
7f4d28074000-7f4d28075000 r-xp 00001000 103:05 1466283                   /usr/lib/libbrotlicommon.so.1.0.9
7f4d28075000-7f4d28094000 r--p 00002000 103:05 1466283                   /usr/lib/libbrotlicommon.so.1.0.9
7f4d28094000-7f4d28095000 r--p 00020000 103:05 1466283                   /usr/lib/libbrotlicommon.so.1.0.9
7f4d28095000-7f4d28096000 rw-p 00021000 103:05 1466283                   /usr/lib/libbrotlicommon.so.1.0.9
7f4d28096000-7f4d28097000 ---p 00000000 00:00 0 
7f4d28097000-7f4d281cf000 rw-p 00000000 00:00 0 
7f4d281cf000-7f4d284fc000 ---p 00000000 00:00 0 
7f4d284fc000-7f4d28533000 rw-p 00000000 00:00 0 
7f4d28533000-7f4d28860000 ---p 00000000 00:00 0 
7f4d28860000-7f4d28ad0000 rwxp 00000000 00:00 0 
7f4d28ad0000-7f4d28df1000 ---p 00000000 00:00 0 
7f4d28df1000-7f4d291d1000 rwxp 00000000 00:00 0 
7f4d291d1000-7f4d30328000 ---p 00000000 00:00 0 
7f4d30328000-7f4d30598000 rwxp 00000000 00:00 0 
7f4d30598000-7f4d37860000 ---p 00000000 00:00 0 
7f4d37860000-7f4d40000000 r--s 00000000 103:05 1715182                   /usr/lib/jvm/java-11-adoptopenjdk/lib/modules
7f4d40000000-7f4d42b68000 rw-p 00000000 00:00 0 
7f4d42b68000-7f4d44000000 ---p 00000000 00:00 0 
7f4d44001000-7f4d44003000 r--p 00000000 103:05 1471156                   /usr/lib/libXrandr.so.2.2.0
7f4d44003000-7f4d4400a000 r-xp 00002000 103:05 1471156                   /usr/lib/libXrandr.so.2.2.0
7f4d4400a000-7f4d4400c000 r--p 00009000 103:05 1471156                   /usr/lib/libXrandr.so.2.2.0
7f4d4400c000-7f4d4400d000 r--p 0000a000 103:05 1471156                   /usr/lib/libXrandr.so.2.2.0
7f4d4400d000-7f4d4400e000 rw-p 0000b000 103:05 1471156                   /usr/lib/libXrandr.so.2.2.0
7f4d4400e000-7f4d44011000 r--p 00000000 103:05 1466157                   /usr/lib/libgraphite2.so.3.2.1
7f4d44011000-7f4d4402b000 r-xp 00003000 103:05 1466157                   /usr/lib/libgraphite2.so.3.2.1
7f4d4402b000-7f4d44030000 r--p 0001d000 103:05 1466157                   /usr/lib/libgraphite2.so.3.2.1
7f4d44030000-7f4d44032000 r--p 00021000 103:05 1466157                   /usr/lib/libgraphite2.so.3.2.1
7f4d44032000-7f4d44033000 rw-p 00023000 103:05 1466157                   /usr/lib/libgraphite2.so.3.2.1
7f4d44033000-7f4d44034000 r--p 00000000 103:05 1466288                   /usr/lib/libbrotlidec.so.1.0.9
7f4d44034000-7f4d4403c000 r-xp 00001000 103:05 1466288                   /usr/lib/libbrotlidec.so.1.0.9
7f4d4403c000-7f4d4403f000 r--p 00009000 103:05 1466288                   /usr/lib/libbrotlidec.so.1.0.9
7f4d4403f000-7f4d44040000 r--p 0000b000 103:05 1466288                   /usr/lib/libbrotlidec.so.1.0.9
7f4d44040000-7f4d44041000 rw-p 0000c000 103:05 1466288                   /usr/lib/libbrotlidec.so.1.0.9
7f4d44041000-7f4d44047000 r--p 00000000 103:05 1466148                   /usr/lib/libpng16.so.16.37.0
7f4d44047000-7f4d4406b000 r-xp 00006000 103:05 1466148                   /usr/lib/libpng16.so.16.37.0
7f4d4406b000-7f4d44076000 r--p 0002a000 103:05 1466148                   /usr/lib/libpng16.so.16.37.0
7f4d44076000-7f4d44077000 r--p 00034000 103:05 1466148                   /usr/lib/libpng16.so.16.37.0
7f4d44077000-7f4d44078000 rw-p 00035000 103:05 1466148                   /usr/lib/libpng16.so.16.37.0
7f4d44078000-7f4d4407a000 r--p 00000000 103:05 1455214                   /usr/lib/libbz2.so.1.0.8
7f4d4407a000-7f4d44087000 r-xp 00002000 103:05 1455214                   /usr/lib/libbz2.so.1.0.8
7f4d44087000-7f4d44089000 r--p 0000f000 103:05 1455214                   /usr/lib/libbz2.so.1.0.8
7f4d44089000-7f4d4408a000 r--p 00010000 103:05 1455214                   /usr/lib/libbz2.so.1.0.8
7f4d4408a000-7f4d4408b000 rw-p 00011000 103:05 1455214                   /usr/lib/libbz2.so.1.0.8
7f4d4408b000-7f4d4408d000 r--p 00000000 103:05 1466372                   /usr/lib/libXdmcp.so.6.0.0
7f4d4408d000-7f4d4408f000 r-xp 00002000 103:05 1466372                   /usr/lib/libXdmcp.so.6.0.0
7f4d4408f000-7f4d44091000 r--p 00004000 103:05 1466372                   /usr/lib/libXdmcp.so.6.0.0
7f4d44091000-7f4d44092000 r--p 00005000 103:05 1466372                   /usr/lib/libXdmcp.so.6.0.0
7f4d44092000-7f4d44093000 rw-p 00006000 103:05 1466372                   /usr/lib/libXdmcp.so.6.0.0
7f4d44093000-7f4d44094000 ---p 00000000 00:00 0 
7f4d44094000-7f4d441cc000 rw-p 00000000 00:00 0 
7f4d441cc000-7f4d444f9000 ---p 00000000 00:00 0 
7f4d444f9000-7f4d44c00000 rw-p 00000000 00:00 0 
7f4d44c00000-7f4d44c07000 r-xp 00000000 103:05 1715181                   /usr/lib/jvm/java-11-adoptopenjdk/lib/libzip.so
7f4d44c07000-7f4d44e06000 ---p 00007000 103:05 1715181                   /usr/lib/jvm/java-11-adoptopenjdk/lib/libzip.so
7f4d44e06000-7f4d44e07000 r--p 00006000 103:05 1715181                   /usr/lib/jvm/java-11-adoptopenjdk/lib/libzip.so
7f4d44e07000-7f4d44e08000 rw-p 00007000 103:05 1715181                   /usr/lib/jvm/java-11-adoptopenjdk/lib/libzip.so
7f4d44e0a000-7f4d44e16000 r--p 00000000 103:05 1466458                   /usr/lib/libxcb.so.1.1.0
7f4d44e16000-7f4d44e29000 r-xp 0000c000 103:05 1466458                   /usr/lib/libxcb.so.1.1.0
7f4d44e29000-7f4d44e32000 r--p 0001f000 103:05 1466458                   /usr/lib/libxcb.so.1.1.0
7f4d44e32000-7f4d44e33000 r--p 00027000 103:05 1466458                   /usr/lib/libxcb.so.1.1.0
7f4d44e33000-7f4d44e34000 rw-p 00028000 103:05 1466458                   /usr/lib/libxcb.so.1.1.0
7f4d44e34000-7f4d44e37000 r--p 00000000 103:05 1471036                   /usr/lib/libXi.so.6.1.0
7f4d44e37000-7f4d44e43000 r-xp 00003000 103:05 1471036                   /usr/lib/libXi.so.6.1.0
7f4d44e43000-7f4d44e46000 r--p 0000f000 103:05 1471036                   /usr/lib/libXi.so.6.1.0
7f4d44e46000-7f4d44e47000 r--p 00011000 103:05 1471036                   /usr/lib/libXi.so.6.1.0
7f4d44e47000-7f4d44e48000 rw-p 00012000 103:05 1471036                   /usr/lib/libXi.so.6.1.0
7f4d44e48000-7f4d44e4a000 r--p 00000000 103:05 1470736                   /usr/lib/libXrender.so.1.3.0
7f4d44e4a000-7f4d44e51000 r-xp 00002000 103:05 1470736                   /usr/lib/libXrender.so.1.3.0
7f4d44e51000-7f4d44e53000 r--p 00009000 103:05 1470736                   /usr/lib/libXrender.so.1.3.0
7f4d44e53000-7f4d44e54000 r--p 0000a000 103:05 1470736                   /usr/lib/libXrender.so.1.3.0
7f4d44e54000-7f4d44e55000 rw-p 0000b000 103:05 1470736                   /usr/lib/libXrender.so.1.3.0
7f4d44e55000-7f4d44e59000 r--p 00000000 103:05 1469658                   /usr/lib/libXext.so.6.4.0
7f4d44e59000-7f4d44e64000 r-xp 00004000 103:05 1469658                   /usr/lib/libXext.so.6.4.0
7f4d44e64000-7f4d44e68000 r--p 0000f000 103:05 1469658                   /usr/lib/libXext.so.6.4.0
7f4d44e68000-7f4d44e69000 r--p 00012000 103:05 1469658                   /usr/lib/libXext.so.6.4.0
7f4d44e69000-7f4d44e6a000 rw-p 00013000 103:05 1469658                   /usr/lib/libXext.so.6.4.0
7f4d44e6a000-7f4d44e6d000 r--p 00000000 103:05 1481185                   /usr/lib/libnss_resolve.so.2
7f4d44e6d000-7f4d44e84000 r-xp 00003000 103:05 1481185                   /usr/lib/libnss_resolve.so.2
7f4d44e84000-7f4d44e8b000 r--p 0001a000 103:05 1481185                   /usr/lib/libnss_resolve.so.2
7f4d44e8b000-7f4d44e8c000 ---p 00021000 103:05 1481185                   /usr/lib/libnss_resolve.so.2
7f4d44e8c000-7f4d44e8d000 r--p 00021000 103:05 1481185                   /usr/lib/libnss_resolve.so.2
7f4d44e8d000-7f4d44e8e000 rw-p 00022000 103:05 1481185                   /usr/lib/libnss_resolve.so.2
7f4d44e8e000-7f4d44e91000 r--p 00000000 103:05 1446037                   /usr/lib/libgcc_s.so.1
7f4d44e91000-7f4d44ea3000 r-xp 00003000 103:05 1446037                   /usr/lib/libgcc_s.so.1
7f4d44ea3000-7f4d44ea6000 r--p 00015000 103:05 1446037                   /usr/lib/libgcc_s.so.1
7f4d44ea6000-7f4d44ea7000 ---p 00018000 103:05 1446037                   /usr/lib/libgcc_s.so.1
7f4d44ea7000-7f4d44ea8000 r--p 00018000 103:05 1446037                   /usr/lib/libgcc_s.so.1
7f4d44ea8000-7f4d44ea9000 rw-p 00019000 103:05 1446037                   /usr/lib/libgcc_s.so.1
7f4d44ea9000-7f4d44eb0000 r--p 00000000 103:05 1481176                   /usr/lib/libnss_mymachines.so.2
7f4d44eb0000-7f4d44ee6000 r-xp 00007000 103:05 1481176                   /usr/lib/libnss_mymachines.so.2
7f4d44ee6000-7f4d44ef9000 r--p 0003d000 103:05 1481176                   /usr/lib/libnss_mymachines.so.2
7f4d44ef9000-7f4d44efa000 ---p 00050000 103:05 1481176                   /usr/lib/libnss_mymachines.so.2
7f4d44efa000-7f4d44efd000 r--p 00050000 103:05 1481176                   /usr/lib/libnss_mymachines.so.2
7f4d44efd000-7f4d44efe000 rw-p 00053000 103:05 1481176                   /usr/lib/libnss_mymachines.so.2
7f4d44efe000-7f4d45000000 rw-p 00000000 00:00 0 
7f4d45000000-7f4d4501b000 r-xp 00000000 103:05 1715163                   /usr/lib/jvm/java-11-adoptopenjdk/lib/libjimage.so
7f4d4501b000-7f4d4521a000 ---p 0001b000 103:05 1715163                   /usr/lib/jvm/java-11-adoptopenjdk/lib/libjimage.so
7f4d4521a000-7f4d4521c000 r--p 0001a000 103:05 1715163                   /usr/lib/jvm/java-11-adoptopenjdk/lib/libjimage.so
7f4d4521c000-7f4d4521d000 rw-p 0001c000 103:05 1715163                   /usr/lib/jvm/java-11-adoptopenjdk/lib/libjimage.so
7f4d4521f000-7f4d45222000 r--s 00000000 103:05 1850995                   /var/cache/fontconfig/6ba42ae0000f58711b5caaf10d690066-le64.cache-8
7f4d45222000-7f4d452fe000 rw-p 00000000 00:00 0 
7f4d452fe000-7f4d452ff000 ---p 00000000 00:00 0 
7f4d452ff000-7f4d45400000 rw-p 00000000 00:00 0 
7f4d45400000-7f4d45429000 r-xp 00000000 103:05 1715159                   /usr/lib/jvm/java-11-adoptopenjdk/lib/libjava.so
7f4d45429000-7f4d45628000 ---p 00029000 103:05 1715159                   /usr/lib/jvm/java-11-adoptopenjdk/lib/libjava.so
7f4d45628000-7f4d45629000 r--p 00028000 103:05 1715159                   /usr/lib/jvm/java-11-adoptopenjdk/lib/libjava.so
7f4d45629000-7f4d4562a000 rw-p 00029000 103:05 1715159                   /usr/lib/jvm/java-11-adoptopenjdk/lib/libjava.so
7f4d4562a000-7f4d4562b000 rw-p 00000000 00:00 0 
7f4d4562c000-7f4d4562f000 r--p 00000000 103:05 1470997                   /usr/lib/libXcursor.so.1.0.2
7f4d4562f000-7f4d45634000 r-xp 00003000 103:05 1470997                   /usr/lib/libXcursor.so.1.0.2
7f4d45634000-7f4d45636000 r--p 00008000 103:05 1470997                   /usr/lib/libXcursor.so.1.0.2
7f4d45636000-7f4d45637000 r--p 00009000 103:05 1470997                   /usr/lib/libXcursor.so.1.0.2
7f4d45637000-7f4d45638000 rw-p 0000a000 103:05 1470997                   /usr/lib/libXcursor.so.1.0.2
7f4d45638000-7f4d4563b000 r--p 00000000 103:05 1494000                   /usr/lib/gio/modules/libxfconfgsettingsbackend.so
7f4d4563b000-7f4d4563e000 r-xp 00003000 103:05 1494000                   /usr/lib/gio/modules/libxfconfgsettingsbackend.so
7f4d4563e000-7f4d45640000 r--p 00006000 103:05 1494000                   /usr/lib/gio/modules/libxfconfgsettingsbackend.so
7f4d45640000-7f4d45641000 r--p 00007000 103:05 1494000                   /usr/lib/gio/modules/libxfconfgsettingsbackend.so
7f4d45641000-7f4d45642000 rw-p 00008000 103:05 1494000                   /usr/lib/gio/modules/libxfconfgsettingsbackend.so
7f4d45642000-7f4d4564c000 r--p 00000000 103:05 1602542                   /usr/share/glib-2.0/schemas/gschemas.compiled
7f4d4564c000-7f4d4571a000 rw-p 00000000 00:00 0 
7f4d4571a000-7f4d45800000 ---p 00000000 00:00 0 
7f4d45800000-7f4d4580d000 r-xp 00000000 103:05 1715180                   /usr/lib/jvm/java-11-adoptopenjdk/lib/libverify.so
7f4d4580d000-7f4d45a0c000 ---p 0000d000 103:05 1715180                   /usr/lib/jvm/java-11-adoptopenjdk/lib/libverify.so
7f4d45a0c000-7f4d45a0e000 r--p 0000c000 103:05 1715180                   /usr/lib/jvm/java-11-adoptopenjdk/lib/libverify.so
7f4d45a0e000-7f4d45a0f000 rw-p 0000e000 103:05 1715180                   /usr/lib/jvm/java-11-adoptopenjdk/lib/libverify.so
7f4d45a0f000-7f4d45a10000 r--s 00000000 103:05 1851000                   /var/cache/fontconfig/8d4af663993b81a124ee82e610bb31f9-le64.cache-8
7f4d45a10000-7f4d45a11000 r--p 00000000 103:05 1456154                   /usr/lib/libgthread-2.0.so.0.7000.4
7f4d45a11000-7f4d45a12000 r-xp 00001000 103:05 1456154                   /usr/lib/libgthread-2.0.so.0.7000.4
7f4d45a12000-7f4d45a13000 r--p 00002000 103:05 1456154                   /usr/lib/libgthread-2.0.so.0.7000.4
7f4d45a13000-7f4d45a14000 r--p 00002000 103:05 1456154                   /usr/lib/libgthread-2.0.so.0.7000.4
7f4d45a14000-7f4d45a15000 rw-p 00003000 103:05 1456154                   /usr/lib/libgthread-2.0.so.0.7000.4
7f4d45a15000-7f4d45a1d000 rw-p 00000000 00:00 0 
7f4d45a1d000-7f4d45b00000 ---p 00000000 00:00 0 
7f4d45b00000-7f4d45b04000 ---p 00000000 00:00 0 
7f4d45b04000-7f4d45c00000 rw-p 00000000 00:00 0 
7f4d45c00000-7f4d46e77000 r-xp 00000000 103:05 1847053                   /usr/lib/jvm/java-11-adoptopenjdk/lib/server/libjvm.so
7f4d46e77000-7f4d47076000 ---p 01277000 103:05 1847053                   /usr/lib/jvm/java-11-adoptopenjdk/lib/server/libjvm.so
7f4d47076000-7f4d4713b000 r--p 01276000 103:05 1847053                   /usr/lib/jvm/java-11-adoptopenjdk/lib/server/libjvm.so
7f4d4713b000-7f4d47176000 rw-p 0133b000 103:05 1847053                   /usr/lib/jvm/java-11-adoptopenjdk/lib/server/libjvm.so
7f4d47176000-7f4d471cd000 rw-p 00000000 00:00 0 
7f4d471cd000-7f4d471cf000 r--p 00000000 103:05 1471112                   /usr/lib/libXtst.so.6.1.0
7f4d471cf000-7f4d471d2000 r-xp 00002000 103:05 1471112                   /usr/lib/libXtst.so.6.1.0
7f4d471d2000-7f4d471d3000 r--p 00005000 103:05 1471112                   /usr/lib/libXtst.so.6.1.0
7f4d471d3000-7f4d471d4000 r--p 00005000 103:05 1471112                   /usr/lib/libXtst.so.6.1.0
7f4d471d4000-7f4d471d5000 rw-p 00006000 103:05 1471112                   /usr/lib/libXtst.so.6.1.0
7f4d471d5000-7f4d471f6000 rw-p 00000000 00:00 0 
7f4d471f6000-7f4d47222000 r--p 00000000 103:05 1445263                   /usr/lib/libc.so.6
7f4d47222000-7f4d47398000 r-xp 0002c000 103:05 1445263                   /usr/lib/libc.so.6
7f4d47398000-7f4d473ec000 r--p 001a2000 103:05 1445263                   /usr/lib/libc.so.6
7f4d473ec000-7f4d473ed000 ---p 001f6000 103:05 1445263                   /usr/lib/libc.so.6
7f4d473ed000-7f4d473f0000 r--p 001f6000 103:05 1445263                   /usr/lib/libc.so.6
7f4d473f0000-7f4d473f3000 rw-p 001f9000 103:05 1445263                   /usr/lib/libc.so.6
7f4d473f3000-7f4d47400000 rw-p 00000000 00:00 0 
7f4d47400000-7f4d47410000 r-xp 00000000 103:05 1715142                   /usr/lib/jvm/java-11-adoptopenjdk/lib/jli/libjli.so
7f4d47410000-7f4d4760f000 ---p 00010000 103:05 1715142                   /usr/lib/jvm/java-11-adoptopenjdk/lib/jli/libjli.so
7f4d4760f000-7f4d47610000 r--p 0000f000 103:05 1715142                   /usr/lib/jvm/java-11-adoptopenjdk/lib/jli/libjli.so
7f4d47610000-7f4d47611000 rw-p 00010000 103:05 1715142                   /usr/lib/jvm/java-11-adoptopenjdk/lib/jli/libjli.so
7f4d47611000-7f4d47614000 r--p 00000000 103:05 1454663                   /usr/lib/libcap.so.2.63
7f4d47614000-7f4d47619000 r-xp 00003000 103:05 1454663                   /usr/lib/libcap.so.2.63
7f4d47619000-7f4d4761b000 r--p 00008000 103:05 1454663                   /usr/lib/libcap.so.2.63
7f4d4761b000-7f4d4761c000 r--p 00009000 103:05 1454663                   /usr/lib/libcap.so.2.63
7f4d4761c000-7f4d4761d000 rw-p 0000a000 103:05 1454663                   /usr/lib/libcap.so.2.63
7f4d4761d000-7f4d4763e000 rw-p 00000000 00:00 0 
7f4d4763e000-7f4d4763f000 r--p 00000000 103:05 1445303                   /usr/lib/librt.so.1
7f4d4763f000-7f4d47640000 r-xp 00001000 103:05 1445303                   /usr/lib/librt.so.1
7f4d47640000-7f4d47641000 r--p 00002000 103:05 1445303                   /usr/lib/librt.so.1
7f4d47641000-7f4d47642000 r--p 00002000 103:05 1445303                   /usr/lib/librt.so.1
7f4d47642000-7f4d47643000 rw-p 00003000 103:05 1445303                   /usr/lib/librt.so.1
7f4d47643000-7f4d47653000 r--p 00000000 103:05 1445275                   /usr/lib/libm.so.6
7f4d47653000-7f4d476cd000 r-xp 00010000 103:05 1445275                   /usr/lib/libm.so.6
7f4d476cd000-7f4d47729000 r--p 0008a000 103:05 1445275                   /usr/lib/libm.so.6
7f4d47729000-7f4d4772a000 r--p 000e5000 103:05 1445275                   /usr/lib/libm.so.6
7f4d4772a000-7f4d4772b000 rw-p 000e6000 103:05 1445275                   /usr/lib/libm.so.6
7f4d4772b000-7f4d4772d000 rw-p 00000000 00:00 0 
7f4d4772d000-7f4d4772e000 r--p 00000000 103:05 1445268                   /usr/lib/libdl.so.2
7f4d4772e000-7f4d4772f000 r-xp 00001000 103:05 1445268                   /usr/lib/libdl.so.2
7f4d4772f000-7f4d47730000 r--p 00002000 103:05 1445268                   /usr/lib/libdl.so.2
7f4d47730000-7f4d47731000 r--p 00002000 103:05 1445268                   /usr/lib/libdl.so.2
7f4d47731000-7f4d47732000 rw-p 00003000 103:05 1445268                   /usr/lib/libdl.so.2
7f4d47732000-7f4d47733000 r--p 00000000 103:05 1445295                   /usr/lib/libpthread.so.0
7f4d47733000-7f4d47734000 r-xp 00001000 103:05 1445295                   /usr/lib/libpthread.so.0
7f4d47734000-7f4d47735000 r--p 00002000 103:05 1445295                   /usr/lib/libpthread.so.0
7f4d47735000-7f4d47736000 r--p 00002000 103:05 1445295                   /usr/lib/libpthread.so.0
7f4d47736000-7f4d47737000 rw-p 00003000 103:05 1445295                   /usr/lib/libpthread.so.0
7f4d47737000-7f4d4773a000 r--p 00000000 103:05 1455072                   /usr/lib/libz.so.1.2.11
7f4d4773a000-7f4d47748000 r-xp 00003000 103:05 1455072                   /usr/lib/libz.so.1.2.11
7f4d47748000-7f4d4774e000 r--p 00011000 103:05 1455072                   /usr/lib/libz.so.1.2.11
7f4d4774e000-7f4d4774f000 ---p 00017000 103:05 1455072                   /usr/lib/libz.so.1.2.11
7f4d4774f000-7f4d47750000 r--p 00017000 103:05 1455072                   /usr/lib/libz.so.1.2.11
7f4d47750000-7f4d47751000 rw-p 00018000 103:05 1455072                   /usr/lib/libz.so.1.2.11
7f4d47751000-7f4d47752000 r--s 00000000 103:05 1851000                   /var/cache/fontconfig/8d4af663993b81a124ee82e610bb31f9-le64.cache-8
7f4d47752000-7f4d47753000 r--p 00000000 103:06 7598115                   /home/jorge/.config/dconf/user
7f4d47753000-7f4d47754000 r--p 00000000 103:05 1466376                   /usr/lib/libXau.so.6.0.0
7f4d47754000-7f4d47755000 r-xp 00001000 103:05 1466376                   /usr/lib/libXau.so.6.0.0
7f4d47755000-7f4d47756000 r--p 00002000 103:05 1466376                   /usr/lib/libXau.so.6.0.0
7f4d47756000-7f4d47757000 r--p 00002000 103:05 1466376                   /usr/lib/libXau.so.6.0.0
7f4d47757000-7f4d47758000 rw-p 00003000 103:05 1466376                   /usr/lib/libXau.so.6.0.0
7f4d47758000-7f4d4775d000 rw-p 00000000 00:00 0 
7f4d4775d000-7f4d47764000 ---p 00000000 00:00 0 
7f4d47764000-7f4d4776c000 rw-s 00000000 00:23 1304                       /tmp/hsperfdata_jorge/72117
7f4d4776c000-7f4d4776d000 ---p 00000000 00:00 0 
7f4d4776d000-7f4d4776e000 r--p 00000000 00:00 0 
7f4d4776e000-7f4d47770000 rw-p 00000000 00:00 0 
7f4d47770000-7f4d47772000 r--p 00000000 103:05 1445252                   /usr/lib/ld-linux-x86-64.so.2
7f4d47772000-7f4d47799000 r-xp 00002000 103:05 1445252                   /usr/lib/ld-linux-x86-64.so.2
7f4d47799000-7f4d477a4000 r--p 00029000 103:05 1445252                   /usr/lib/ld-linux-x86-64.so.2
7f4d477a4000-7f4d477a5000 r--s 00000000 00:2b 38                         /run/user/1000/dconf/user
7f4d477a5000-7f4d477a7000 r--p 00034000 103:05 1445252                   /usr/lib/ld-linux-x86-64.so.2
7f4d477a7000-7f4d477a9000 rw-p 00036000 103:05 1445252                   /usr/lib/ld-linux-x86-64.so.2
7ffd73897000-7ffd738b8000 rw-p 00000000 00:00 0                          [stack]
7ffd73903000-7ffd73907000 r--p 00000000 00:00 0                          [vvar]
7ffd73907000-7ffd73909000 r-xp 00000000 00:00 0                          [vdso]
ffffffffff600000-ffffffffff601000 --xp 00000000 00:00 0                  [vsyscall]


VM Arguments:
jvm_args: --module-path=/home/jorge/github/ri/lucene-9.0.0/modules:/home/jorge/github/ri/lucene-9.0.0/modules-thirdparty --add-modules=org.apache.logging.log4j -Djdk.module.main=org.apache.lucene.luke 
java_command: org.apache.lucene.luke
java_class_path (initial): <not set>
Launcher Type: SUN_STANDARD

[Global flags]
     intx CICompilerCount                          = 4                                         {product} {ergonomic}
     uint ConcGCThreads                            = 2                                         {product} {ergonomic}
     uint G1ConcRefinementThreads                  = 8                                         {product} {ergonomic}
   size_t G1HeapRegionSize                         = 1048576                                   {product} {ergonomic}
    uintx GCDrainStackTargetSize                   = 64                                        {product} {ergonomic}
   size_t InitialHeapSize                          = 115343360                                 {product} {ergonomic}
   size_t MarkStackSize                            = 4194304                                   {product} {ergonomic}
   size_t MaxHeapSize                              = 1820327936                                {product} {ergonomic}
   size_t MaxNewSize                               = 1091567616                                {product} {ergonomic}
   size_t MinHeapDeltaBytes                        = 1048576                                   {product} {ergonomic}
    uintx NonNMethodCodeHeapSize                   = 5836300                                {pd product} {ergonomic}
    uintx NonProfiledCodeHeapSize                  = 122910970                              {pd product} {ergonomic}
    uintx ProfiledCodeHeapSize                     = 122910970                              {pd product} {ergonomic}
    uintx ReservedCodeCacheSize                    = 251658240                              {pd product} {ergonomic}
     bool SegmentedCodeCache                       = true                                      {product} {ergonomic}
     bool UseCompressedClassPointers               = true                                 {lp64_product} {ergonomic}
     bool UseCompressedOops                        = true                                 {lp64_product} {ergonomic}
     bool UseG1GC                                  = true                                      {product} {ergonomic}

Logging:
Log output configuration:
 #0: stdout all=warning uptime,level,tags
 #1: stderr all=off uptime,level,tags

Environment Variables:
JAVA_HOME=/usr/lib/jvm/java-11-adoptopenjdk
PATH=/home/jorge/scripts:/home/jorge/tools/paperview:/opt/pulsesecure/bin:/home/jorge/software/idea/bin:/home/jorge/software/apache-maven-3.8.2/bin:/usr/lib/jvm/java-11-adoptopenjdk/bin:/usr/local/bin:/usr/bin:/bin:/usr/local/sbin:/home/jorge/.local/bin:/home/jorge/.cargo/bin
SHELL=/bin/zsh
DISPLAY=:0
LANG=en_US.utf8

Signal Handlers:
SIGSEGV: [libjvm.so+0xf4bc80], sa_mask[0]=11111111011111111101111111111110, sa_flags=SA_RESTART|SA_SIGINFO
SIGBUS: [libjvm.so+0xf4bc80], sa_mask[0]=11111111011111111101111111111110, sa_flags=SA_RESTART|SA_SIGINFO
SIGFPE: [libjvm.so+0xf4bc80], sa_mask[0]=11111111011111111101111111111110, sa_flags=SA_RESTART|SA_SIGINFO
SIGPIPE: SIG_IGN, sa_mask[0]=00000000000010000000000000000000, sa_flags=SA_RESTART
SIGXFSZ: [libjvm.so+0xc6c2b0], sa_mask[0]=11111111011111111101111111111110, sa_flags=SA_RESTART|SA_SIGINFO
SIGILL: [libjvm.so+0xf4bc80], sa_mask[0]=11111111011111111101111111111110, sa_flags=SA_RESTART|SA_SIGINFO
SIGUSR2: [libjvm.so+0xc6c150], sa_mask[0]=00000000000000000000000000000000, sa_flags=SA_RESTART|SA_SIGINFO
SIGHUP: [libjvm.so+0xc6c4b0], sa_mask[0]=11111111011111111101111111111110, sa_flags=SA_RESTART|SA_SIGINFO
SIGINT: [libjvm.so+0xc6c4b0], sa_mask[0]=11111111011111111101111111111110, sa_flags=SA_RESTART|SA_SIGINFO
SIGTERM: [libjvm.so+0xc6c4b0], sa_mask[0]=11111111011111111101111111111110, sa_flags=SA_RESTART|SA_SIGINFO
SIGQUIT: [libjvm.so+0xc6c4b0], sa_mask[0]=11111111011111111101111111111110, sa_flags=SA_RESTART|SA_SIGINFO


---------------  S Y S T E M  ---------------

OS:NAME="Arch Linux"
PRETTY_NAME="Arch Linux"
ID=arch
BUILD_ID=rolling
ANSI_COLOR="38;2;23;147;209"
HOME_URL="https://archlinux.org/"
DOCUMENTATION_URL="https://wiki.archlinux.org/"
SUPPORT_URL="https://bbs.archlinux.org/"
BUG_REPORT_URL="https://bugs.archlinux.org/"
LOGO=archlinux-logo
uname:Linux 5.16.14-arch1-1 #1 SMP PREEMPT Fri, 11 Mar 2022 17:40:36 +0000 x86_64
OS uptime: 0 days 1:40 hours
libc:glibc 2.35 NPTL 2.35 
rlimit (soft/hard): STACK 8192k/infinity , CORE infinity/infinity , NPROC 27438/27438 , NOFILE 524288/524288 , AS infinity/infinity , CPU infinity/infinity , DATA infinity/infinity , FSIZE infinity/infinity , MEMLOCK 8192k/8192k
load average:4.96 5.78 4.85

/proc/meminfo:
MemTotal:        7106532 kB
MemFree:          118608 kB
MemAvailable:     766064 kB
Buffers:           57580 kB
Cached:           878164 kB
SwapCached:        44520 kB
Active:          1494892 kB
Inactive:        4129756 kB
Active(anon):    1074384 kB
Inactive(anon):  3747760 kB
Active(file):     420508 kB
Inactive(file):   381996 kB
Unevictable:           0 kB
Mlocked:               0 kB
SwapTotal:       2097148 kB
SwapFree:         542972 kB
Dirty:              1068 kB
Writeback:             0 kB
AnonPages:       4667724 kB
Mapped:           524208 kB
Shmem:            158624 kB
KReclaimable:     125140 kB
Slab:             275852 kB
SReclaimable:     125140 kB
SUnreclaim:       150712 kB
KernelStack:       29200 kB
PageTables:        56028 kB
NFS_Unstable:          0 kB
Bounce:                0 kB
WritebackTmp:          0 kB
CommitLimit:     5650412 kB
Committed_AS:   14852432 kB
VmallocTotal:   34359738367 kB
VmallocUsed:       57000 kB
VmallocChunk:          0 kB
Percpu:            10368 kB
HardwareCorrupted:     0 kB
AnonHugePages:         0 kB
ShmemHugePages:        0 kB
ShmemPmdMapped:        0 kB
FileHugePages:         0 kB
FilePmdMapped:         0 kB
CmaTotal:              0 kB
CmaFree:               0 kB
HugePages_Total:       0
HugePages_Free:        0
HugePages_Rsvd:        0
HugePages_Surp:        0
Hugepagesize:       2048 kB
Hugetlb:               0 kB
DirectMap4k:     1155092 kB
DirectMap2M:     6119424 kB
DirectMap1G:     1048576 kB

/sys/kernel/mm/transparent_hugepage/enabled:
always [madvise] never
/sys/kernel/mm/transparent_hugepage/defrag (defrag/compaction efforts parameter):
always defer defer+madvise [madvise] never

Process Memory:
Virtual Size: 5114372K (peak: 5175812K)
Resident Set Size: 200108K (peak: 200108K) (anon: 167708K, file: 32364K, shmem: 36K)
Swapped out: 0K
C-Heap outstanding allocations: 62420K

/proc/sys/kernel/threads-max (system-wide limit on the number of threads):
54876
/proc/sys/vm/max_map_count (maximum number of memory map areas a process may have):
65530
/proc/sys/kernel/pid_max (system-wide limit on number of process identifiers):
4194304

Steal ticks since vm start: 0
Steal ticks percentage since vm start:  0.000

CPU:total 8 (initial active 8) (8 cores per cpu, 2 threads per core) family 23 model 24 stepping 1 microcode 0x8108109, cmov, cx8, fxsr, mmx, sse, sse2, sse3, ssse3, sse4.1, sse4.2, popcnt, avx, avx2, aes, clmul, mmxext, 3dnowpref, lzcnt, sse4a, ht, tsc, tscinvbit, tscinv, bmi1, bmi2, adx, sha, fma
CPU Model and flags from /proc/cpuinfo:
model name	: AMD Ryzen 5 3500U with Radeon Vega Mobile Gfx
flags		: fpu vme de pse tsc msr pae mce cx8 apic sep mtrr pge mca cmov pat pse36 clflush mmx fxsr sse sse2 ht syscall nx mmxext fxsr_opt pdpe1gb rdtscp lm constant_tsc rep_good nopl nonstop_tsc cpuid extd_apicid aperfmperf rapl pni pclmulqdq monitor ssse3 fma cx16 sse4_1 sse4_2 movbe popcnt aes xsave avx f16c rdrand lahf_lm cmp_legacy svm extapic cr8_legacy abm sse4a misalignsse 3dnowprefetch osvw skinit wdt tce topoext perfctr_core perfctr_nb bpext perfctr_llc mwaitx cpb hw_pstate ssbd ibpb vmmcall fsgsbase bmi1 avx2 smep bmi2 rdseed adx smap clflushopt sha_ni xsaveopt xsavec xgetbv1 xsaves clzero irperf xsaveerptr arat npt lbrv svm_lock nrip_save tsc_scale vmcb_clean flushbyasid decodeassists pausefilter pfthreshold avic v_vmsave_vmload vgif overflow_recov succor smca sme sev sev_es
Online cpus:
0-7
Offline cpus:
8-15
BIOS frequency limitation:
2100000
Frequency switch latency (ns):
0
Available cpu frequencies:
2100000 1700000 1400000 
Current governor:
schedutil
Core performance/turbo boost:
1

Memory: 4k page, physical 7106532k(118608k free), swap 2097148k(542972k free)

vm_info: OpenJDK 64-Bit Server VM (11.0.12+7) for linux-amd64 JRE (11.0.12+7), built on Jul 21 2021 08:09:41 by "" with gcc 7.5.0

END.
