#
# A fatal error has been detected by the Java Runtime Environment:
#
#  SIGSEGV (0xb) at pc=0x00007fc60c237f7e, pid=72291, tid=72350
#
# JRE version: OpenJDK Runtime Environment Temurin-11.0.12+7 (11.0.12+7) (build 11.0.12+7)
# Java VM: OpenJDK 64-Bit Server VM Temurin-11.0.12+7 (11.0.12+7, mixed mode, tiered, compressed oops, g1 gc, linux-amd64)
# Problematic frame:
# C  [libharfbuzz.so+0x37f7e]
#
# Core dump will be written. Default location: Core dumps may be processed with "/usr/lib/systemd/systemd-coredump %P %u %g %s %t %c %h" (or dumping to /home/jorge/github/ri/lucene-9.0.0/bin/core.72291)
#
# If you would like to submit a bug report, please visit:
#   https://github.com/adoptium/adoptium-support/issues
# The crash happened outside the Java Virtual Machine in native code.
# See problematic frame for where to report the bug.
#

---------------  S U M M A R Y ------------

Command Line: --module-path=/home/jorge/github/ri/lucene-9.0.0/modules:/home/jorge/github/ri/lucene-9.0.0/modules-thirdparty --add-modules=org.apache.logging.log4j -Djdk.module.main=org.apache.lucene.luke org.apache.lucene.luke

Host: AMD Ryzen 5 3500U with Radeon Vega Mobile Gfx, 8 cores, 6G, Arch Linux
Time: Tue Mar 15 18:21:20 2022 CET elapsed time: 2.697430 seconds (0d 0h 0m 2s)

---------------  T H R E A D  ---------------

Current thread (0x00007fc63499c000):  JavaThread "AWT-EventQueue-0" [_thread_in_native, id=72350, stack(0x00007fc5ca269000,0x00007fc5ca369000)]

Stack: [0x00007fc5ca269000,0x00007fc5ca369000],  sp=0x00007fc5ca360e70,  free space=991k
Native frames: (J=compiled Java code, A=aot compiled Java code, j=interpreted, Vv=VM code, C=native code)
C  [libharfbuzz.so+0x37f7e]

Java frames: (J=compiled Java code, j=interpreted, Vv=VM code)
j  sun.font.FreetypeFontScaler.getGlyphImageNative(Lsun/font/Font2D;JJI)J+0 java.desktop@11.0.12
j  sun.font.FreetypeFontScaler.getGlyphImage(JI)J+26 java.desktop@11.0.12
j  sun.font.FileFont.getGlyphImage(JI)J+6 java.desktop@11.0.12
j  sun.font.FileFontStrike.getGlyphImagePtr(I)J+86 java.desktop@11.0.12
j  sun.font.FileFontStrike.getGlyphAdvance(IZ)F+240 java.desktop@11.0.12
j  sun.font.FileFontStrike.getGlyphAdvance(I)F+3 java.desktop@11.0.12
j  sun.font.CompositeStrike.getGlyphAdvance(I)F+11 java.desktop@11.0.12
j  sun.font.CompositeStrike.getCodePointAdvance(I)F+12 java.desktop@11.0.12
j  sun.font.FontDesignMetrics.handleCharWidth(I)F+5 java.desktop@11.0.12
j  sun.font.FontDesignMetrics.getLatinCharWidth(C)F+16 java.desktop@11.0.12
j  sun.font.FontDesignMetrics.charsWidth([CII)I+108 java.desktop@11.0.12
j  sun.swing.SwingUtilities2.getFontCharsWidth([CIILjava/awt/FontMetrics;Z)F+40 java.desktop@11.0.12
j  javax.swing.text.Utilities.getTabbedTextWidth(Ljavax/swing/text/View;Ljavax/swing/text/Segment;Ljava/awt/FontMetrics;FLjavax/swing/text/TabExpander;I[IZ)F+352 java.desktop@11.0.12
j  javax.swing.text.Utilities.getTabbedTextWidth(Ljavax/swing/text/View;Ljavax/swing/text/Segment;Ljava/awt/FontMetrics;ILjavax/swing/text/TabExpander;I[I)I+12 java.desktop@11.0.12
j  javax.swing.text.GlyphPainter1.getSpan(Ljavax/swing/text/GlyphView;IILjavax/swing/text/TabExpander;F)F+35 java.desktop@11.0.12
j  javax.swing.text.GlyphView.getPreferredSpan(I)F+77 java.desktop@11.0.12
j  javax.swing.text.FlowView$LogicalView.getPreferredSpan(I)F+32 java.desktop@11.0.12
j  javax.swing.text.FlowView.calculateMinorAxisRequirements(ILjavax/swing/SizeRequirements;)Ljavax/swing/SizeRequirements;+17 java.desktop@11.0.12
j  javax.swing.text.ParagraphView.calculateMinorAxisRequirements(ILjavax/swing/SizeRequirements;)Ljavax/swing/SizeRequirements;+3 java.desktop@11.0.12
j  javax.swing.text.html.ParagraphView.calculateMinorAxisRequirements(ILjavax/swing/SizeRequirements;)Ljavax/swing/SizeRequirements;+3 java.desktop@11.0.12
j  javax.swing.text.BoxView.checkRequests(I)V+73 java.desktop@11.0.12
j  javax.swing.text.BoxView.getMinimumSpan(I)F+2 java.desktop@11.0.12
j  javax.swing.text.html.ParagraphView.getMinimumSpan(I)F+11 java.desktop@11.0.12
j  javax.swing.text.BoxView.calculateMinorAxisRequirements(ILjavax/swing/SizeRequirements;)Ljavax/swing/SizeRequirements;+36 java.desktop@11.0.12
j  javax.swing.text.html.BlockView.calculateMinorAxisRequirements(ILjavax/swing/SizeRequirements;)Ljavax/swing/SizeRequirements;+31 java.desktop@11.0.12
j  javax.swing.text.BoxView.checkRequests(I)V+73 java.desktop@11.0.12
j  javax.swing.text.BoxView.getMinimumSpan(I)F+2 java.desktop@11.0.12
j  javax.swing.text.html.BlockView.getMinimumSpan(I)F+2 java.desktop@11.0.12
j  javax.swing.text.BoxView.calculateMinorAxisRequirements(ILjavax/swing/SizeRequirements;)Ljavax/swing/SizeRequirements;+36 java.desktop@11.0.12
j  javax.swing.text.html.BlockView.calculateMinorAxisRequirements(ILjavax/swing/SizeRequirements;)Ljavax/swing/SizeRequirements;+31 java.desktop@11.0.12
j  javax.swing.text.BoxView.checkRequests(I)V+73 java.desktop@11.0.12
j  javax.swing.text.BoxView.getPreferredSpan(I)F+2 java.desktop@11.0.12
j  javax.swing.text.html.BlockView.getPreferredSpan(I)F+2 java.desktop@11.0.12
j  javax.swing.plaf.basic.BasicHTML$Renderer.<init>(Ljavax/swing/JComponent;Ljavax/swing/text/ViewFactory;Ljavax/swing/text/View;)V+34 java.desktop@11.0.12
j  javax.swing.plaf.basic.BasicHTML.createHTMLView(Ljavax/swing/JComponent;Ljava/lang/String;)Ljavax/swing/text/View;+98 java.desktop@11.0.12
j  javax.swing.plaf.basic.BasicHTML.updateRenderer(Ljavax/swing/JComponent;Ljava/lang/String;)V+40 java.desktop@11.0.12
j  javax.swing.plaf.basic.BasicButtonListener.propertyChange(Ljava/beans/PropertyChangeEvent;)V+83 java.desktop@11.0.12
J 2180 c1 java.beans.PropertyChangeSupport.fire([Ljava/beans/PropertyChangeListener;Ljava/beans/PropertyChangeEvent;)V java.desktop@11.0.12 (39 bytes) @ 0x00007fc61d1dbb2c [0x00007fc61d1db9e0+0x000000000000014c]
j  java.beans.PropertyChangeSupport.firePropertyChange(Ljava/beans/PropertyChangeEvent;)V+71 java.desktop@11.0.12
J 2155 c1 java.awt.Component.firePropertyChange(Ljava/lang/String;Ljava/lang/Object;Ljava/lang/Object;)V java.desktop@11.0.12 (59 bytes) @ 0x00007fc61d1c76f4 [0x00007fc61d1c6e60+0x0000000000000894]
j  javax.swing.AbstractButton.setText(Ljava/lang/String;)V+15 java.desktop@11.0.12
j  org.apache.lucene.luke.app.desktop.components.dialog.menubar.OpenIndexDialogFactory.initialize()V+33 org.apache.lucene.luke@9.0.0
j  org.apache.lucene.luke.app.desktop.components.dialog.menubar.OpenIndexDialogFactory.<init>()V+126 org.apache.lucene.luke@9.0.0
j  org.apache.lucene.luke.app.desktop.components.dialog.menubar.OpenIndexDialogFactory.getInstance()Lorg/apache/lucene/luke/app/desktop/components/dialog/menubar/OpenIndexDialogFactory;+10 org.apache.lucene.luke@9.0.0
j  org.apache.lucene.luke.app.desktop.components.MenuBarProvider.<init>()V+188 org.apache.lucene.luke@9.0.0
j  org.apache.lucene.luke.app.desktop.components.LukeWindowProvider.<init>()V+88 org.apache.lucene.luke@9.0.0
j  org.apache.lucene.luke.app.desktop.LukeMain.createAndShowGUI()V+17 org.apache.lucene.luke@9.0.0
j  org.apache.lucene.luke.app.desktop.LukeMain$$Lambda$223.run()V+0 org.apache.lucene.luke@9.0.0
j  java.awt.event.InvocationEvent.dispatch()V+47 java.desktop@11.0.12
j  java.awt.EventQueue.dispatchEventImpl(Ljava/awt/AWTEvent;Ljava/lang/Object;)V+21 java.desktop@11.0.12
j  java.awt.EventQueue$4.run()Ljava/lang/Void;+32 java.desktop@11.0.12
j  java.awt.EventQueue$4.run()Ljava/lang/Object;+1 java.desktop@11.0.12
v  ~StubRoutines::call_stub
j  java.security.AccessController.doPrivileged(Ljava/security/PrivilegedAction;Ljava/security/AccessControlContext;)Ljava/lang/Object;+0 java.base@11.0.12
j  java.security.ProtectionDomain$JavaSecurityAccessImpl.doIntersectionPrivilege(Ljava/security/PrivilegedAction;Ljava/security/AccessControlContext;Ljava/security/AccessControlContext;)Ljava/lang/Object;+18 java.base@11.0.12
j  java.awt.EventQueue.dispatchEvent(Ljava/awt/AWTEvent;)V+46 java.desktop@11.0.12
j  java.awt.EventDispatchThread.pumpOneEventForFilters(I)V+78 java.desktop@11.0.12
j  java.awt.EventDispatchThread.pumpEventsForFilter(ILjava/awt/Conditional;Ljava/awt/EventFilter;)V+35 java.desktop@11.0.12
j  java.awt.EventDispatchThread.pumpEventsForHierarchy(ILjava/awt/Conditional;Ljava/awt/Component;)V+11 java.desktop@11.0.12
j  java.awt.EventDispatchThread.pumpEvents(ILjava/awt/Conditional;)V+4 java.desktop@11.0.12
j  java.awt.EventDispatchThread.pumpEvents(Ljava/awt/Conditional;)V+3 java.desktop@11.0.12
j  java.awt.EventDispatchThread.run()V+9 java.desktop@11.0.12
v  ~StubRoutines::call_stub

siginfo: si_signo: 11 (SIGSEGV), si_code: 1 (SEGV_MAPERR), si_addr: 0x0000000000000010

Register to memory mapping:

RAX=0x00007fc60c237f70: <offset 0x0000000000037f70> in /usr/lib/jvm/java-11-adoptopenjdk/lib/libharfbuzz.so at 0x00007fc60c200000
RBX=0x00007fc5b00a9c10 points into unknown readable memory: 0x0000000100000001 | 01 00 00 00 01 00 00 00
RCX=0x0 is NULL
RDX=0x0 is NULL
RSP=0x00007fc5ca360e70 is pointing into the stack for thread: 0x00007fc63499c000
RBP=0x00007fc5ca360e80 is pointing into the stack for thread: 0x00007fc63499c000
RSI=0x00007fc60dba9c30: <offset 0x0000000000098c30> in /usr/lib/libharfbuzz.so.0 at 0x00007fc60db11000
RDI=0x0 is NULL
R8 =0x00007fc60dba8ea0: <offset 0x0000000000097ea0> in /usr/lib/libharfbuzz.so.0 at 0x00007fc60db11000
R9 =0x00007fc60dba8e20: <offset 0x0000000000097e20> in /usr/lib/libharfbuzz.so.0 at 0x00007fc60db11000
R10=0x0 is NULL
R11=0x0000000000020000 is an unknown value
R12=0x0 is NULL
R13=0x0 is NULL
R14=0x00007fc60dba9640: <offset 0x0000000000098640> in /usr/lib/libharfbuzz.so.0 at 0x00007fc60db11000
R15=0x00007fc60dba8f20: <offset 0x0000000000097f20> in /usr/lib/libharfbuzz.so.0 at 0x00007fc60db11000


Registers:
RAX=0x00007fc60c237f70, RBX=0x00007fc5b00a9c10, RCX=0x0000000000000000, RDX=0x0000000000000000
RSP=0x00007fc5ca360e70, RBP=0x00007fc5ca360e80, RSI=0x00007fc60dba9c30, RDI=0x0000000000000000
R8 =0x00007fc60dba8ea0, R9 =0x00007fc60dba8e20, R10=0x0000000000000000, R11=0x0000000000020000
R12=0x0000000000000000, R13=0x0000000000000000, R14=0x00007fc60dba9640, R15=0x00007fc60dba8f20
RIP=0x00007fc60c237f7e, EFLAGS=0x0000000000010202, CSGSFS=0x002b000000000033, ERR=0x0000000000000004
  TRAPNO=0x000000000000000e

Top of Stack: (sp=0x00007fc5ca360e70)
0x00007fc5ca360e70:   00007fc5b00a9c10 0000000000000000
0x00007fc5ca360e80:   00007fc60dba9c30 00007fc60db3e886
0x00007fc5ca360e90:   0000000000000000 0000000000000000
0x00007fc5ca360ea0:   00007fc5b00a9c10 00007fc5b00a97c0 

Instructions: (pc=0x00007fc60c237f7e)
0x00007fc60c237e7e:   d6 53 49 89 fc 49 89 cf 4c 89 cb 48 83 ec 18 8b
0x00007fc60c237e8e:   45 10 89 45 cc 48 8b 47 40 4c 8b 98 30 01 00 00
0x00007fc60c237e9e:   4c 39 1d ab e5 30 00 75 31 48 8b 7f 10 48 8b 47
0x00007fc60c237eae:   40 48 8b 77 48 48 8b 50 28 48 89 55 18 48 8b 80
0x00007fc60c237ebe:   38 01 00 00 48 83 c4 18 5b 44 89 f2 41 5c 41 5d
0x00007fc60c237ece:   41 5e 41 5f 5d ff e0 0f 1f 00 45 31 ed 85 d2 74
0x00007fc60c237ede:   4f 44 89 c1 48 89 4d c0 eb 27 0f 1f 84 00 00 00
0x00007fc60c237eee:   00 00 8b 45 cc 41 83 c5 01 4c 03 7d c0 48 01 c3
0x00007fc60c237efe:   45 39 ee 74 2b 49 8b 44 24 40 4c 8b 98 30 01 00
0x00007fc60c237f0e:   00 41 8b 17 49 8b 74 24 48 48 89 d9 c7 03 00 00
0x00007fc60c237f1e:   00 00 4c 8b 40 20 4c 89 e7 41 ff d3 85 c0 75 c2
0x00007fc60c237f2e:   48 83 c4 18 44 89 e8 5b 41 5c 41 5d 41 5e 41 5f
0x00007fc60c237f3e:   5d c3 55 31 c0 48 89 e5 5d c3 0f 1f 84 00 00 00
0x00007fc60c237f4e:   00 00 66 0f ef c0 55 31 c0 48 89 e5 0f 11 02 5d
0x00007fc60c237f5e:   0f 11 42 10 0f 11 42 20 c3 66 0f 1f 84 00 00 00
0x00007fc60c237f6e:   00 00 55 66 0f ef c0 48 89 e5 41 54 49 89 fc 53
0x00007fc60c237f7e:   48 8b 7f 10 48 89 d3 0f 11 02 0f 11 42 10 0f 11
0x00007fc60c237f8e:   42 20 48 8b 47 40 48 8b 77 48 48 8b 48 18 ff 90
0x00007fc60c237f9e:   28 01 00 00 85 c0 89 c1 74 11 49 8b 54 24 10 48
0x00007fc60c237fae:   63 73 08 48 85 d2 75 0a 89 73 08 5b 89 c8 41 5c
0x00007fc60c237fbe:   5d c3 48 63 7a 20 49 63 54 24 20 48 63 03 39 d7
0x00007fc60c237fce:   75 39 89 03 49 63 54 24 20 48 63 43 04 39 d7 75
0x00007fc60c237fde:   1c 89 43 04 41 8b 54 24 20 39 d7 74 cb 48 63 c2
0x00007fc60c237fee:   48 0f af c6 48 99 48 f7 ff 89 c6 eb bb 48 0f af
0x00007fc60c237ffe:   c2 4c 63 c7 48 99 49 f7 f8 eb d6 48 0f af c2 4c
0x00007fc60c23800e:   63 c7 48 99 49 f7 f8 eb b9 66 0f 1f 84 00 00 00
0x00007fc60c23801e:   00 00 55 66 0f ef c0 48 89 e5 41 54 49 89 fc 53
0x00007fc60c23802e:   48 8b 7f 10 48 89 d3 0f 11 02 0f 11 42 10 0f 11
0x00007fc60c23803e:   42 20 48 8b 47 40 48 8b 77 48 48 8b 48 10 ff 90
0x00007fc60c23804e:   20 01 00 00 85 c0 89 c1 74 11 49 8b 54 24 10 48
0x00007fc60c23805e:   63 73 08 48 85 d2 75 0a 89 73 08 5b 89 c8 41 5c
0x00007fc60c23806e:   5d c3 48 63 7a 24 49 63 54 24 24 48 63 03 39 d7 


Stack slot to memory mapping:
stack at sp + 0 slots: 0x00007fc5b00a9c10 points into unknown readable memory: 0x0000000100000001 | 01 00 00 00 01 00 00 00
stack at sp + 1 slots: 0x0 is NULL
stack at sp + 2 slots: 0x00007fc60dba9c30: <offset 0x0000000000098c30> in /usr/lib/libharfbuzz.so.0 at 0x00007fc60db11000
stack at sp + 3 slots: 0x00007fc60db3e886: hb_font_funcs_set_glyph_shape_func+0x0000000000000036 in /usr/lib/libharfbuzz.so.0 at 0x00007fc60db11000
stack at sp + 4 slots: 0x0 is NULL
stack at sp + 5 slots: 0x0 is NULL
stack at sp + 6 slots: 0x00007fc5b00a9c10 points into unknown readable memory: 0x0000000100000001 | 01 00 00 00 01 00 00 00
stack at sp + 7 slots: 0x00007fc5b00a97c0 points into unknown readable memory: 0x0000000000000000 | 00 00 00 00 00 00 00 00


---------------  P R O C E S S  ---------------

Threads class SMR info:
_java_thread_list=0x00007fc63499b790, length=15, elements={
0x00007fc634156800, 0x00007fc63415a800, 0x00007fc63416f800, 0x00007fc634171800,
0x00007fc634173800, 0x00007fc634175800, 0x00007fc634177800, 0x00007fc634249800,
0x00007fc5e8089800, 0x00007fc5e80c5000, 0x00007fc634903000, 0x00007fc63490a800,
0x00007fc634a1e000, 0x00007fc63499c000, 0x00007fc634027000
}

Java Threads: ( => current thread )
  0x00007fc634156800 JavaThread "Reference Handler" daemon [_thread_blocked, id=72299, stack(0x00007fc6384bb000,0x00007fc6385bb000)]
  0x00007fc63415a800 JavaThread "Finalizer" daemon [_thread_blocked, id=72300, stack(0x00007fc6383bb000,0x00007fc6384bb000)]
  0x00007fc63416f800 JavaThread "Signal Dispatcher" daemon [_thread_blocked, id=72301, stack(0x00007fc61c760000,0x00007fc61c860000)]
  0x00007fc634171800 JavaThread "Service Thread" daemon [_thread_blocked, id=72302, stack(0x00007fc61c660000,0x00007fc61c760000)]
  0x00007fc634173800 JavaThread "C2 CompilerThread0" daemon [_thread_blocked, id=72303, stack(0x00007fc61c560000,0x00007fc61c660000)]
  0x00007fc634175800 JavaThread "C1 CompilerThread0" daemon [_thread_blocked, id=72304, stack(0x00007fc61c460000,0x00007fc61c560000)]
  0x00007fc634177800 JavaThread "Sweeper thread" daemon [_thread_blocked, id=72305, stack(0x00007fc61c360000,0x00007fc61c460000)]
  0x00007fc634249800 JavaThread "Common-Cleaner" daemon [_thread_blocked, id=72306, stack(0x00007fc61c260000,0x00007fc61c360000)]
  0x00007fc5e8089800 JavaThread "C2 CompilerThread1" daemon [_thread_blocked, id=72307, stack(0x00007fc61c160000,0x00007fc61c260000)]
  0x00007fc5e80c5000 JavaThread "C2 CompilerThread2" daemon [_thread_blocked, id=72308, stack(0x00007fc61c060000,0x00007fc61c160000)]
  0x00007fc634903000 JavaThread "Java2D Disposer" daemon [_thread_blocked, id=72323, stack(0x00007fc60da11000,0x00007fc60db11000)]
  0x00007fc63490a800 JavaThread "AWT-XAWT" daemon [_thread_in_native, id=72324, stack(0x00007fc60d100000,0x00007fc60d200000)]
  0x00007fc634a1e000 JavaThread "AWT-Shutdown" [_thread_blocked, id=72349, stack(0x00007fc5ca369000,0x00007fc5ca469000)]
=>0x00007fc63499c000 JavaThread "AWT-EventQueue-0" [_thread_in_native, id=72350, stack(0x00007fc5ca269000,0x00007fc5ca369000)]
  0x00007fc634027000 JavaThread "DestroyJavaVM" [_thread_blocked, id=72292, stack(0x00007fc63bb00000,0x00007fc63bc00000)]

Other Threads:
  0x00007fc63414e000 VMThread "VM Thread" [stack: 0x00007fc6385bd000,0x00007fc6386bd000] [id=72298]
  0x00007fc634424800 WatcherThread [stack: 0x00007fc6148c0000,0x00007fc6149c0000] [id=72312]
  0x00007fc634040800 GCTaskThread "GC Thread#0" [stack: 0x00007fc63b300000,0x00007fc63b400000] [id=72293]
  0x00007fc600001000 GCTaskThread "GC Thread#1" [stack: 0x00007fc614500000,0x00007fc614600000] [id=72313]
  0x00007fc600004000 GCTaskThread "GC Thread#2" [stack: 0x00007fc5ca169000,0x00007fc5ca269000] [id=72351]
  0x00007fc600005800 GCTaskThread "GC Thread#3" [stack: 0x00007fc5ca067000,0x00007fc5ca167000] [id=72352]
  0x00007fc600007000 GCTaskThread "GC Thread#4" [stack: 0x00007fc5c9f65000,0x00007fc5ca065000] [id=72353]
  0x00007fc600008800 GCTaskThread "GC Thread#5" [stack: 0x00007fc5c9e63000,0x00007fc5c9f63000] [id=72354]
  0x00007fc63406c800 ConcurrentGCThread "G1 Main Marker" [stack: 0x00007fc6399cd000,0x00007fc639acd000] [id=72294]
  0x00007fc63406e800 ConcurrentGCThread "G1 Conc#0" [stack: 0x00007fc6398cb000,0x00007fc6399cb000] [id=72295]
  0x00007fc610001000 ConcurrentGCThread "G1 Conc#1" [stack: 0x00007fc5c9d61000,0x00007fc5c9e61000] [id=72355]
  0x00007fc6340eb800 ConcurrentGCThread "G1 Refine#0" [stack: 0x00007fc638fc1000,0x00007fc6390c1000] [id=72296]
  0x00007fc6340ed000 ConcurrentGCThread "G1 Young RemSet Sampling" [stack: 0x00007fc638ebf000,0x00007fc638fbf000] [id=72297]

Threads with active compile tasks:

VM state:not at safepoint (normal execution)

VM Mutex/Monitor currently owned by a thread: None

Heap address: 0x0000000093800000, size: 1736 MB, Compressed Oops mode: 32-bit
Narrow klass base: 0x0000000000000000, Narrow klass shift: 3
Compressed class space size: 1073741824 Address: 0x0000000100000000

Heap:
 garbage-first heap   total 112640K, used 11945K [0x0000000093800000, 0x0000000100000000)
  region size 1024K, 13 young (13312K), 8 survivors (8192K)
 Metaspace       used 25348K, capacity 26073K, committed 26368K, reserved 1073152K
  class space    used 2935K, capacity 3273K, committed 3328K, reserved 1048576K
Heap Regions: E=young(eden), S=young(survivor), O=old, HS=humongous(starts), HC=humongous(continues), CS=collection set, F=free, A=archive, TAMS=top-at-mark-start (previous, next)
|   0|0x0000000093800000, 0x0000000093800000, 0x0000000093900000|  0%| F|  |TAMS 0x0000000093800000, 0x0000000093800000| Untracked 
|   1|0x0000000093900000, 0x0000000093900000, 0x0000000093a00000|  0%| F|  |TAMS 0x0000000093900000, 0x0000000093900000| Untracked 
|   2|0x0000000093a00000, 0x0000000093a00000, 0x0000000093b00000|  0%| F|  |TAMS 0x0000000093a00000, 0x0000000093a00000| Untracked 
|   3|0x0000000093b00000, 0x0000000093b00000, 0x0000000093c00000|  0%| F|  |TAMS 0x0000000093b00000, 0x0000000093b00000| Untracked 
|   4|0x0000000093c00000, 0x0000000093c00000, 0x0000000093d00000|  0%| F|  |TAMS 0x0000000093c00000, 0x0000000093c00000| Untracked 
|   5|0x0000000093d00000, 0x0000000093d00000, 0x0000000093e00000|  0%| F|  |TAMS 0x0000000093d00000, 0x0000000093d00000| Untracked 
|   6|0x0000000093e00000, 0x0000000093e00000, 0x0000000093f00000|  0%| F|  |TAMS 0x0000000093e00000, 0x0000000093e00000| Untracked 
|   7|0x0000000093f00000, 0x0000000093f00000, 0x0000000094000000|  0%| F|  |TAMS 0x0000000093f00000, 0x0000000093f00000| Untracked 
|   8|0x0000000094000000, 0x0000000094000000, 0x0000000094100000|  0%| F|  |TAMS 0x0000000094000000, 0x0000000094000000| Untracked 
|   9|0x0000000094100000, 0x0000000094100000, 0x0000000094200000|  0%| F|  |TAMS 0x0000000094100000, 0x0000000094100000| Untracked 
|  10|0x0000000094200000, 0x0000000094200000, 0x0000000094300000|  0%| F|  |TAMS 0x0000000094200000, 0x0000000094200000| Untracked 
|  11|0x0000000094300000, 0x0000000094300000, 0x0000000094400000|  0%| F|  |TAMS 0x0000000094300000, 0x0000000094300000| Untracked 
|  12|0x0000000094400000, 0x0000000094400000, 0x0000000094500000|  0%| F|  |TAMS 0x0000000094400000, 0x0000000094400000| Untracked 
|  13|0x0000000094500000, 0x0000000094500000, 0x0000000094600000|  0%| F|  |TAMS 0x0000000094500000, 0x0000000094500000| Untracked 
|  14|0x0000000094600000, 0x0000000094600000, 0x0000000094700000|  0%| F|  |TAMS 0x0000000094600000, 0x0000000094600000| Untracked 
|  15|0x0000000094700000, 0x0000000094700000, 0x0000000094800000|  0%| F|  |TAMS 0x0000000094700000, 0x0000000094700000| Untracked 
|  16|0x0000000094800000, 0x0000000094800000, 0x0000000094900000|  0%| F|  |TAMS 0x0000000094800000, 0x0000000094800000| Untracked 
|  17|0x0000000094900000, 0x0000000094900000, 0x0000000094a00000|  0%| F|  |TAMS 0x0000000094900000, 0x0000000094900000| Untracked 
|  18|0x0000000094a00000, 0x0000000094a00000, 0x0000000094b00000|  0%| F|  |TAMS 0x0000000094a00000, 0x0000000094a00000| Untracked 
|  19|0x0000000094b00000, 0x0000000094b00000, 0x0000000094c00000|  0%| F|  |TAMS 0x0000000094b00000, 0x0000000094b00000| Untracked 
|  20|0x0000000094c00000, 0x0000000094c00000, 0x0000000094d00000|  0%| F|  |TAMS 0x0000000094c00000, 0x0000000094c00000| Untracked 
|  21|0x0000000094d00000, 0x0000000094d00000, 0x0000000094e00000|  0%| F|  |TAMS 0x0000000094d00000, 0x0000000094d00000| Untracked 
|  22|0x0000000094e00000, 0x0000000094e00000, 0x0000000094f00000|  0%| F|  |TAMS 0x0000000094e00000, 0x0000000094e00000| Untracked 
|  23|0x0000000094f00000, 0x0000000094f00000, 0x0000000095000000|  0%| F|  |TAMS 0x0000000094f00000, 0x0000000094f00000| Untracked 
|  24|0x0000000095000000, 0x0000000095000000, 0x0000000095100000|  0%| F|  |TAMS 0x0000000095000000, 0x0000000095000000| Untracked 
|  25|0x0000000095100000, 0x0000000095100000, 0x0000000095200000|  0%| F|  |TAMS 0x0000000095100000, 0x0000000095100000| Untracked 
|  26|0x0000000095200000, 0x0000000095200000, 0x0000000095300000|  0%| F|  |TAMS 0x0000000095200000, 0x0000000095200000| Untracked 
|  27|0x0000000095300000, 0x0000000095300000, 0x0000000095400000|  0%| F|  |TAMS 0x0000000095300000, 0x0000000095300000| Untracked 
|  28|0x0000000095400000, 0x0000000095400000, 0x0000000095500000|  0%| F|  |TAMS 0x0000000095400000, 0x0000000095400000| Untracked 
|  29|0x0000000095500000, 0x0000000095500000, 0x0000000095600000|  0%| F|  |TAMS 0x0000000095500000, 0x0000000095500000| Untracked 
|  30|0x0000000095600000, 0x0000000095600000, 0x0000000095700000|  0%| F|  |TAMS 0x0000000095600000, 0x0000000095600000| Untracked 
|  31|0x0000000095700000, 0x0000000095700000, 0x0000000095800000|  0%| F|  |TAMS 0x0000000095700000, 0x0000000095700000| Untracked 
|  32|0x0000000095800000, 0x0000000095800000, 0x0000000095900000|  0%| F|  |TAMS 0x0000000095800000, 0x0000000095800000| Untracked 
|  33|0x0000000095900000, 0x0000000095900000, 0x0000000095a00000|  0%| F|  |TAMS 0x0000000095900000, 0x0000000095900000| Untracked 
|  34|0x0000000095a00000, 0x0000000095a00000, 0x0000000095b00000|  0%| F|  |TAMS 0x0000000095a00000, 0x0000000095a00000| Untracked 
|  35|0x0000000095b00000, 0x0000000095b00000, 0x0000000095c00000|  0%| F|  |TAMS 0x0000000095b00000, 0x0000000095b00000| Untracked 
|  36|0x0000000095c00000, 0x0000000095c00000, 0x0000000095d00000|  0%| F|  |TAMS 0x0000000095c00000, 0x0000000095c00000| Untracked 
|  37|0x0000000095d00000, 0x0000000095d00000, 0x0000000095e00000|  0%| F|  |TAMS 0x0000000095d00000, 0x0000000095d00000| Untracked 
|  38|0x0000000095e00000, 0x0000000095e00000, 0x0000000095f00000|  0%| F|  |TAMS 0x0000000095e00000, 0x0000000095e00000| Untracked 
|  39|0x0000000095f00000, 0x0000000095f00000, 0x0000000096000000|  0%| F|  |TAMS 0x0000000095f00000, 0x0000000095f00000| Untracked 
|  40|0x0000000096000000, 0x0000000096000000, 0x0000000096100000|  0%| F|  |TAMS 0x0000000096000000, 0x0000000096000000| Untracked 
|  41|0x0000000096100000, 0x0000000096100000, 0x0000000096200000|  0%| F|  |TAMS 0x0000000096100000, 0x0000000096100000| Untracked 
|  42|0x0000000096200000, 0x0000000096200000, 0x0000000096300000|  0%| F|  |TAMS 0x0000000096200000, 0x0000000096200000| Untracked 
|  43|0x0000000096300000, 0x0000000096300000, 0x0000000096400000|  0%| F|  |TAMS 0x0000000096300000, 0x0000000096300000| Untracked 
|  44|0x0000000096400000, 0x0000000096400000, 0x0000000096500000|  0%| F|  |TAMS 0x0000000096400000, 0x0000000096400000| Untracked 
|  45|0x0000000096500000, 0x0000000096500000, 0x0000000096600000|  0%| F|  |TAMS 0x0000000096500000, 0x0000000096500000| Untracked 
|  46|0x0000000096600000, 0x0000000096600000, 0x0000000096700000|  0%| F|  |TAMS 0x0000000096600000, 0x0000000096600000| Untracked 
|  47|0x0000000096700000, 0x0000000096700000, 0x0000000096800000|  0%| F|  |TAMS 0x0000000096700000, 0x0000000096700000| Untracked 
|  48|0x0000000096800000, 0x0000000096800000, 0x0000000096900000|  0%| F|  |TAMS 0x0000000096800000, 0x0000000096800000| Untracked 
|  49|0x0000000096900000, 0x0000000096900000, 0x0000000096a00000|  0%| F|  |TAMS 0x0000000096900000, 0x0000000096900000| Untracked 
|  50|0x0000000096a00000, 0x0000000096aaa708, 0x0000000096b00000| 66%| S|CS|TAMS 0x0000000096a00000, 0x0000000096a00000| Complete 
|  51|0x0000000096b00000, 0x0000000096c00000, 0x0000000096c00000|100%| S|CS|TAMS 0x0000000096b00000, 0x0000000096b00000| Complete 
|  52|0x0000000096c00000, 0x0000000096d00000, 0x0000000096d00000|100%| S|CS|TAMS 0x0000000096c00000, 0x0000000096c00000| Complete 
|  53|0x0000000096d00000, 0x0000000096e00000, 0x0000000096e00000|100%| S|CS|TAMS 0x0000000096d00000, 0x0000000096d00000| Complete 
|  54|0x0000000096e00000, 0x0000000096f00000, 0x0000000096f00000|100%| S|CS|TAMS 0x0000000096e00000, 0x0000000096e00000| Complete 
|  55|0x0000000096f00000, 0x0000000097000000, 0x0000000097000000|100%| S|CS|TAMS 0x0000000096f00000, 0x0000000096f00000| Complete 
|  56|0x0000000097000000, 0x0000000097100000, 0x0000000097100000|100%| S|CS|TAMS 0x0000000097000000, 0x0000000097000000| Complete 
|  57|0x0000000097100000, 0x0000000097200000, 0x0000000097200000|100%| S|CS|TAMS 0x0000000097100000, 0x0000000097100000| Complete 
|  58|0x0000000097200000, 0x0000000097200000, 0x0000000097300000|  0%| F|  |TAMS 0x0000000097200000, 0x0000000097200000| Untracked 
|  59|0x0000000097300000, 0x0000000097300000, 0x0000000097400000|  0%| F|  |TAMS 0x0000000097300000, 0x0000000097300000| Untracked 
|  60|0x0000000097400000, 0x0000000097400000, 0x0000000097500000|  0%| F|  |TAMS 0x0000000097400000, 0x0000000097400000| Untracked 
|  61|0x0000000097500000, 0x0000000097500000, 0x0000000097600000|  0%| F|  |TAMS 0x0000000097500000, 0x0000000097500000| Untracked 
|  62|0x0000000097600000, 0x0000000097600000, 0x0000000097700000|  0%| F|  |TAMS 0x0000000097600000, 0x0000000097600000| Untracked 
|  63|0x0000000097700000, 0x0000000097700000, 0x0000000097800000|  0%| F|  |TAMS 0x0000000097700000, 0x0000000097700000| Untracked 
|  64|0x0000000097800000, 0x0000000097800000, 0x0000000097900000|  0%| F|  |TAMS 0x0000000097800000, 0x0000000097800000| Untracked 
|  65|0x0000000097900000, 0x0000000097900000, 0x0000000097a00000|  0%| F|  |TAMS 0x0000000097900000, 0x0000000097900000| Untracked 
|  66|0x0000000097a00000, 0x0000000097a00000, 0x0000000097b00000|  0%| F|  |TAMS 0x0000000097a00000, 0x0000000097a00000| Untracked 
|  67|0x0000000097b00000, 0x0000000097b00000, 0x0000000097c00000|  0%| F|  |TAMS 0x0000000097b00000, 0x0000000097b00000| Untracked 
|  68|0x0000000097c00000, 0x0000000097c00000, 0x0000000097d00000|  0%| F|  |TAMS 0x0000000097c00000, 0x0000000097c00000| Untracked 
|  69|0x0000000097d00000, 0x0000000097d00000, 0x0000000097e00000|  0%| F|  |TAMS 0x0000000097d00000, 0x0000000097d00000| Untracked 
|  70|0x0000000097e00000, 0x0000000097e00000, 0x0000000097f00000|  0%| F|  |TAMS 0x0000000097e00000, 0x0000000097e00000| Untracked 
|  71|0x0000000097f00000, 0x0000000097f00000, 0x0000000098000000|  0%| F|  |TAMS 0x0000000097f00000, 0x0000000097f00000| Untracked 
|  72|0x0000000098000000, 0x0000000098000000, 0x0000000098100000|  0%| F|  |TAMS 0x0000000098000000, 0x0000000098000000| Untracked 
|  73|0x0000000098100000, 0x0000000098100000, 0x0000000098200000|  0%| F|  |TAMS 0x0000000098100000, 0x0000000098100000| Untracked 
|  74|0x0000000098200000, 0x0000000098200000, 0x0000000098300000|  0%| F|  |TAMS 0x0000000098200000, 0x0000000098200000| Untracked 
|  75|0x0000000098300000, 0x0000000098300000, 0x0000000098400000|  0%| F|  |TAMS 0x0000000098300000, 0x0000000098300000| Untracked 
|  76|0x0000000098400000, 0x0000000098400000, 0x0000000098500000|  0%| F|  |TAMS 0x0000000098400000, 0x0000000098400000| Untracked 
|  77|0x0000000098500000, 0x0000000098500000, 0x0000000098600000|  0%| F|  |TAMS 0x0000000098500000, 0x0000000098500000| Untracked 
|  78|0x0000000098600000, 0x0000000098600000, 0x0000000098700000|  0%| F|  |TAMS 0x0000000098600000, 0x0000000098600000| Untracked 
|  79|0x0000000098700000, 0x0000000098700000, 0x0000000098800000|  0%| F|  |TAMS 0x0000000098700000, 0x0000000098700000| Untracked 
|  80|0x0000000098800000, 0x0000000098800000, 0x0000000098900000|  0%| F|  |TAMS 0x0000000098800000, 0x0000000098800000| Untracked 
|  81|0x0000000098900000, 0x0000000098900000, 0x0000000098a00000|  0%| F|  |TAMS 0x0000000098900000, 0x0000000098900000| Untracked 
|  82|0x0000000098a00000, 0x0000000098a00000, 0x0000000098b00000|  0%| F|  |TAMS 0x0000000098a00000, 0x0000000098a00000| Untracked 
|  83|0x0000000098b00000, 0x0000000098b00000, 0x0000000098c00000|  0%| F|  |TAMS 0x0000000098b00000, 0x0000000098b00000| Untracked 
|  84|0x0000000098c00000, 0x0000000098c00000, 0x0000000098d00000|  0%| F|  |TAMS 0x0000000098c00000, 0x0000000098c00000| Untracked 
|  85|0x0000000098d00000, 0x0000000098d00000, 0x0000000098e00000|  0%| F|  |TAMS 0x0000000098d00000, 0x0000000098d00000| Untracked 
|  86|0x0000000098e00000, 0x0000000098e00000, 0x0000000098f00000|  0%| F|  |TAMS 0x0000000098e00000, 0x0000000098e00000| Untracked 
|  87|0x0000000098f00000, 0x0000000098f00000, 0x0000000099000000|  0%| F|  |TAMS 0x0000000098f00000, 0x0000000098f00000| Untracked 
|  88|0x0000000099000000, 0x0000000099000000, 0x0000000099100000|  0%| F|  |TAMS 0x0000000099000000, 0x0000000099000000| Untracked 
|  89|0x0000000099100000, 0x0000000099100000, 0x0000000099200000|  0%| F|  |TAMS 0x0000000099100000, 0x0000000099100000| Untracked 
|  90|0x0000000099200000, 0x0000000099200000, 0x0000000099300000|  0%| F|  |TAMS 0x0000000099200000, 0x0000000099200000| Untracked 
|  91|0x0000000099300000, 0x0000000099300000, 0x0000000099400000|  0%| F|  |TAMS 0x0000000099300000, 0x0000000099300000| Untracked 
|  92|0x0000000099400000, 0x0000000099400000, 0x0000000099500000|  0%| F|  |TAMS 0x0000000099400000, 0x0000000099400000| Untracked 
|  93|0x0000000099500000, 0x0000000099500000, 0x0000000099600000|  0%| F|  |TAMS 0x0000000099500000, 0x0000000099500000| Untracked 
|  94|0x0000000099600000, 0x0000000099600000, 0x0000000099700000|  0%| F|  |TAMS 0x0000000099600000, 0x0000000099600000| Untracked 
|  95|0x0000000099700000, 0x0000000099700000, 0x0000000099800000|  0%| F|  |TAMS 0x0000000099700000, 0x0000000099700000| Untracked 
|  96|0x0000000099800000, 0x0000000099800000, 0x0000000099900000|  0%| F|  |TAMS 0x0000000099800000, 0x0000000099800000| Untracked 
|  97|0x0000000099900000, 0x0000000099900000, 0x0000000099a00000|  0%| F|  |TAMS 0x0000000099900000, 0x0000000099900000| Untracked 
|  98|0x0000000099a00000, 0x0000000099a00000, 0x0000000099b00000|  0%| F|  |TAMS 0x0000000099a00000, 0x0000000099a00000| Untracked 
|  99|0x0000000099b00000, 0x0000000099b00000, 0x0000000099c00000|  0%| F|  |TAMS 0x0000000099b00000, 0x0000000099b00000| Untracked 
| 100|0x0000000099c00000, 0x0000000099c00000, 0x0000000099d00000|  0%| F|  |TAMS 0x0000000099c00000, 0x0000000099c00000| Untracked 
| 101|0x0000000099d00000, 0x0000000099d00000, 0x0000000099e00000|  0%| F|  |TAMS 0x0000000099d00000, 0x0000000099d00000| Untracked 
| 102|0x0000000099e00000, 0x0000000099e00000, 0x0000000099f00000|  0%| F|  |TAMS 0x0000000099e00000, 0x0000000099e00000| Untracked 
| 103|0x0000000099f00000, 0x0000000099f00000, 0x000000009a000000|  0%| F|  |TAMS 0x0000000099f00000, 0x0000000099f00000| Untracked 
| 104|0x000000009a000000, 0x000000009a000000, 0x000000009a100000|  0%| F|  |TAMS 0x000000009a000000, 0x000000009a000000| Untracked 
| 105|0x000000009a100000, 0x000000009a174d40, 0x000000009a200000| 45%| E|  |TAMS 0x000000009a100000, 0x000000009a100000| Complete 
| 106|0x000000009a200000, 0x000000009a300000, 0x000000009a300000|100%| E|CS|TAMS 0x000000009a200000, 0x000000009a200000| Complete 
| 107|0x000000009a300000, 0x000000009a400000, 0x000000009a400000|100%| E|CS|TAMS 0x000000009a300000, 0x000000009a300000| Complete 
| 108|0x000000009a400000, 0x000000009a500000, 0x000000009a500000|100%| E|CS|TAMS 0x000000009a400000, 0x000000009a400000| Complete 
| 109|0x000000009a500000, 0x000000009a600000, 0x000000009a600000|100%| E|CS|TAMS 0x000000009a500000, 0x000000009a500000| Complete 

Card table byte_map: [0x00007fc639e31000,0x00007fc63a195000] _byte_map_base: 0x00007fc639995000

Marking Bits (Prev, Next): (CMBitMap*) 0x00007fc634064e80, (CMBitMap*) 0x00007fc634064e48
 Prev Bits: [0x00007fc6149c0000, 0x00007fc6164e0000)
 Next Bits: [0x00007fc6164e0000, 0x00007fc618000000)

Polling page: 0x00007fc63d7a2000

Metaspace:

Usage:
  Non-class:     22.27 MB capacity,    21.89 MB ( 98%) used,   295.38 KB (  1%) free+waste,    91.31 KB ( <1%) overhead. 
      Class:      3.20 MB capacity,     2.87 MB ( 90%) used,   291.59 KB (  9%) free+waste,    46.38 KB (  1%) overhead. 
       Both:     25.46 MB capacity,    24.75 MB ( 97%) used,   586.96 KB (  2%) free+waste,   137.69 KB ( <1%) overhead. 

Virtual space:
  Non-class space:       24.00 MB reserved,      22.50 MB ( 94%) committed 
      Class space:        1.00 GB reserved,       3.25 MB ( <1%) committed 
             Both:        1.02 GB reserved,      25.75 MB (  2%) committed 

Chunk freelists:
   Non-Class:  116.00 KB
       Class:  23.00 KB
        Both:  139.00 KB

MaxMetaspaceSize: unlimited
CompressedClassSpaceSize: 1.00 GB
Initial GC threshold: 20.80 MB
Current GC threshold: 35.00 MB
CDS: off

CodeHeap 'non-profiled nmethods': size=120032Kb used=1058Kb max_used=1058Kb free=118973Kb
 bounds [0x00007fc624328000, 0x00007fc624598000, 0x00007fc62b860000]
CodeHeap 'profiled nmethods': size=120028Kb used=4219Kb max_used=4219Kb free=115809Kb
 bounds [0x00007fc61cdf1000, 0x00007fc61d211000, 0x00007fc624328000]
CodeHeap 'non-nmethods': size=5700Kb used=1370Kb max_used=1371Kb free=4329Kb
 bounds [0x00007fc61c860000, 0x00007fc61cad0000, 0x00007fc61cdf1000]
 total_blobs=2976 nmethods=2288 adapters=601
 compilation: enabled
              stopped_count=0, restarted_count=0
 full_count=0

Compilation events (20 events):
Event: 2.660 Thread 0x00007fc634175800 nmethod 2288 0x00007fc61d20d310 code [0x00007fc61d20d4c0, 0x00007fc61d20d5e0]
Event: 2.660 Thread 0x00007fc634175800 2290       3       javax.swing.text.StyleContext$KeyEnumeration::hasMoreElements (18 bytes)
Event: 2.660 Thread 0x00007fc634175800 nmethod 2290 0x00007fc61d20d690 code [0x00007fc61d20d840, 0x00007fc61d20d9b0]
Event: 2.661 Thread 0x00007fc5e8089800 nmethod 2279 0x00007fc62442e710 code [0x00007fc62442e8c0, 0x00007fc62442ed58]
Event: 2.663 Thread 0x00007fc634173800 nmethod 2284 0x00007fc62442ef90 code [0x00007fc62442f140, 0x00007fc62442f3d8]
Event: 2.666 Thread 0x00007fc634175800 2291  s    1       javax.swing.text.html.MuxingAttributeSet::getAttributes (5 bytes)
Event: 2.666 Thread 0x00007fc634175800 nmethod 2291 0x00007fc62442f590 code [0x00007fc62442f740, 0x00007fc62442f950]
Event: 2.668 Thread 0x00007fc634175800 2292       3       javax.swing.text.html.MuxingAttributeSet::getAttribute (45 bytes)
Event: 2.669 Thread 0x00007fc634175800 nmethod 2292 0x00007fc61d20da90 code [0x00007fc61d20dc60, 0x00007fc61d20e160]
Event: 2.669 Thread 0x00007fc634175800 2294       3       javax.swing.text.StyleContext$SmallAttributeSet::getLocalAttribute (49 bytes)
Event: 2.670 Thread 0x00007fc634175800 nmethod 2294 0x00007fc61d20e310 code [0x00007fc61d20e4e0, 0x00007fc61d20e860]
Event: 2.670 Thread 0x00007fc634175800 2293       3       javax.swing.text.StyleContext$SmallAttributeSet::getAttribute (29 bytes)
Event: 2.670 Thread 0x00007fc634175800 nmethod 2293 0x00007fc61d20e990 code [0x00007fc61d20eb60, 0x00007fc61d20eef0]
Event: 2.671 Thread 0x00007fc634175800 2295       1       javax.swing.text.html.CSS$Attribute::isInherited (5 bytes)
Event: 2.671 Thread 0x00007fc634175800 nmethod 2295 0x00007fc62442fa10 code [0x00007fc62442fbc0, 0x00007fc62442fc70]
Event: 2.673 Thread 0x00007fc5e80c5000 nmethod 2283% 0x00007fc62442fd10 code [0x00007fc62442fee0, 0x00007fc624430778]
Event: 2.677 Thread 0x00007fc634175800 2296       3       java.nio.ByteBufferAsCharBufferB::get (26 bytes)
Event: 2.677 Thread 0x00007fc634175800 nmethod 2296 0x00007fc61d20f010 code [0x00007fc61d20f200, 0x00007fc61d20f6a0]
Event: 2.678 Thread 0x00007fc634175800 2297       3       java.nio.ByteBufferAsCharBufferB::byteOffset (9 bytes)
Event: 2.678 Thread 0x00007fc634175800 nmethod 2297 0x00007fc61d20f890 code [0x00007fc61d20fa40, 0x00007fc61d20fb50]

GC Heap History (4 events):
Event: 0.627 GC heap before
{Heap before GC invocations=0 (full 0):
 garbage-first heap   total 112640K, used 24576K [0x0000000093800000, 0x0000000100000000)
  region size 1024K, 24 young (24576K), 0 survivors (0K)
 Metaspace       used 7347K, capacity 7464K, committed 7680K, reserved 1056768K
  class space    used 651K, capacity 698K, committed 768K, reserved 1048576K
}
Event: 0.633 GC heap after
{Heap after GC invocations=1 (full 0):
 garbage-first heap   total 112640K, used 1312K [0x0000000093800000, 0x0000000100000000)
  region size 1024K, 2 young (2048K), 2 survivors (2048K)
 Metaspace       used 7347K, capacity 7464K, committed 7680K, reserved 1056768K
  class space    used 651K, capacity 698K, committed 768K, reserved 1048576K
}
Event: 2.332 GC heap before
{Heap before GC invocations=1 (full 0):
 garbage-first heap   total 112640K, used 51488K [0x0000000093800000, 0x0000000100000000)
  region size 1024K, 52 young (53248K), 2 survivors (2048K)
 Metaspace       used 20467K, capacity 21109K, committed 21248K, reserved 1069056K
  class space    used 2222K, capacity 2517K, committed 2560K, reserved 1048576K
}
Event: 2.363 GC heap after
{Heap after GC invocations=2 (full 0):
 garbage-first heap   total 112640K, used 7849K [0x0000000093800000, 0x0000000100000000)
  region size 1024K, 8 young (8192K), 8 survivors (8192K)
 Metaspace       used 20467K, capacity 21109K, committed 21248K, reserved 1069056K
  class space    used 2222K, capacity 2517K, committed 2560K, reserved 1048576K
}

Deoptimization events (20 events):
Event: 2.658 Thread 0x00007fc63499c000 Uncommon trap: trap_request=0xffffffde fr.pc=0x00007fc62440abc8 relative=0x00000000000001a8
Event: 2.658 Thread 0x00007fc63499c000 Uncommon trap: reason=class_check action=maybe_recompile pc=0x00007fc62440abc8 method=java.lang.String.equals(Ljava/lang/Object;)Z @ 8 c2
Event: 2.658 Thread 0x00007fc63499c000 DEOPT PACKING pc=0x00007fc62440abc8 sp=0x00007fc5ca364b00
Event: 2.658 Thread 0x00007fc63499c000 DEOPT UNPACKING pc=0x00007fc61c8a9ea5 sp=0x00007fc5ca364ab8 mode 2
Event: 2.659 Thread 0x00007fc63499c000 Uncommon trap: trap_request=0xffffffde fr.pc=0x00007fc62440abc8 relative=0x00000000000001a8
Event: 2.659 Thread 0x00007fc63499c000 Uncommon trap: reason=class_check action=maybe_recompile pc=0x00007fc62440abc8 method=java.lang.String.equals(Ljava/lang/Object;)Z @ 8 c2
Event: 2.659 Thread 0x00007fc63499c000 DEOPT PACKING pc=0x00007fc62440abc8 sp=0x00007fc5ca364cf0
Event: 2.659 Thread 0x00007fc63499c000 DEOPT UNPACKING pc=0x00007fc61c8a9ea5 sp=0x00007fc5ca364ca8 mode 2
Event: 2.660 Thread 0x00007fc63499c000 Uncommon trap: trap_request=0xffffffde fr.pc=0x00007fc62440abc8 relative=0x00000000000001a8
Event: 2.660 Thread 0x00007fc63499c000 Uncommon trap: reason=class_check action=maybe_recompile pc=0x00007fc62440abc8 method=java.lang.String.equals(Ljava/lang/Object;)Z @ 8 c2
Event: 2.660 Thread 0x00007fc63499c000 DEOPT PACKING pc=0x00007fc62440abc8 sp=0x00007fc5ca365360
Event: 2.660 Thread 0x00007fc63499c000 DEOPT UNPACKING pc=0x00007fc61c8a9ea5 sp=0x00007fc5ca365318 mode 2
Event: 2.661 Thread 0x00007fc63499c000 Uncommon trap: trap_request=0xffffffde fr.pc=0x00007fc62440abc8 relative=0x00000000000001a8
Event: 2.661 Thread 0x00007fc63499c000 Uncommon trap: reason=class_check action=maybe_recompile pc=0x00007fc62440abc8 method=java.lang.String.equals(Ljava/lang/Object;)Z @ 8 c2
Event: 2.661 Thread 0x00007fc63499c000 DEOPT PACKING pc=0x00007fc62440abc8 sp=0x00007fc5ca365170
Event: 2.661 Thread 0x00007fc63499c000 DEOPT UNPACKING pc=0x00007fc61c8a9ea5 sp=0x00007fc5ca365128 mode 2
Event: 2.671 Thread 0x00007fc63499c000 Uncommon trap: trap_request=0xffffff4d fr.pc=0x00007fc62441e250 relative=0x00000000000000b0
Event: 2.671 Thread 0x00007fc63499c000 Uncommon trap: reason=unstable_if action=reinterpret pc=0x00007fc62441e250 method=java.lang.ref.SoftReference.get()Ljava/lang/Object; @ 6 c2
Event: 2.671 Thread 0x00007fc63499c000 DEOPT PACKING pc=0x00007fc62441e250 sp=0x00007fc5ca364700
Event: 2.671 Thread 0x00007fc63499c000 DEOPT UNPACKING pc=0x00007fc61c8a9ea5 sp=0x00007fc5ca3646b8 mode 2

Classes redefined (0 events):
No events

Internal exceptions (20 events):
Event: 1.826 Thread 0x00007fc634027000 Exception <a 'java/lang/NoSuchMethodError'{0x0000000097bc46b0}: 'java.lang.Object java.lang.invoke.DirectMethodHandle$Holder.invokeStatic(java.lang.Object, java.lang.Object, java.lang.Object, java.lang.Object, java.lang.Object, java.lang.Object, java.lang.Object, java.lang.Object, java.lang.Object, java.lang.Object, int, int, java.lang.Object, java.lang.Object, java.lang.Object)'> (0x0000000097bc46b0) thrown at [./src/hotspot/share/interpreter/linkResolver.cpp, line 773]
Event: 1.830 Thread 0x00007fc634027000 Exception <a 'java/lang/NoSuchMethodError'{0x0000000097bf5e50}: 'java.lang.Object java.lang.invoke.Invokers$Holder.linkToTargetMethod(java.lang.Object, java.lang.Object, java.lang.Object, java.lang.Object, java.lang.Object, java.lang.Object)'> (0x0000000097bf5e50) thrown at [./src/hotspot/share/interpreter/linkResolver.cpp, line 773]
Event: 1.841 Thread 0x00007fc634027000 Exception <a 'java/lang/NoSuchMethodError'{0x0000000097a62e28}: 'java.lang.Object java.lang.invoke.DirectMethodHandle$Holder.invokeSpecial(java.lang.Object, java.lang.Object, int, int, java.lang.Object, java.lang.Object, java.lang.Object, java.lang.Object)'> (0x0000000097a62e28) thrown at [./src/hotspot/share/interpreter/linkResolver.cpp, line 773]
Event: 1.841 Thread 0x00007fc634027000 Exception <a 'java/lang/NoSuchMethodError'{0x0000000097a66560}: 'java.lang.Object java.lang.invoke.DelegatingMethodHandle$Holder.reinvoke_L(java.lang.Object, int, int, java.lang.Object, java.lang.Object, java.lang.Object, java.lang.Object)'> (0x0000000097a66560) thrown at [./src/hotspot/share/interpreter/linkResolver.cpp, line 773]
Event: 1.884 Thread 0x00007fc634027000 Exception <a 'java/lang/NoSuchMethodError'{0x00000000979c6508}: 'java.lang.Object java.lang.invoke.DirectMethodHandle$Holder.invokeStatic(java.lang.Object, java.lang.Object, java.lang.Object, java.lang.Object, java.lang.Object, java.lang.Object, java.lang.Object, java.lang.Object, java.lang.Object, java.lang.Object, java.lang.Object, java.lang.Object, java.lang.Object, int)'> (0x00000000979c6508) thrown at [./src/hotspot/share/interpreter/linkResolver.cpp, line 773]
Event: 1.886 Thread 0x00007fc634027000 Exception <a 'java/lang/NoSuchMethodError'{0x00000000979d27d8}: 'java.lang.Object java.lang.invoke.DirectMethodHandle$Holder.invokeStatic(java.lang.Object, java.lang.Object, java.lang.Object, java.lang.Object, java.lang.Object, java.lang.Object, java.lang.Object, java.lang.Object, java.lang.Object, java.lang.Object, java.lang.Object, java.lang.Object, java.lang.Object, int, int)'> (0x00000000979d27d8) thrown at [./src/hotspot/share/interpreter/linkResolver.cpp, line 773]
Event: 1.888 Thread 0x00007fc634027000 Exception <a 'java/lang/NoSuchMethodError'{0x00000000979dee88}: 'java.lang.Object java.lang.invoke.DirectMethodHandle$Holder.invokeStatic(java.lang.Object, java.lang.Object, java.lang.Object, java.lang.Object, java.lang.Object, java.lang.Object, java.lang.Object, java.lang.Object, java.lang.Object, java.lang.Object, java.lang.Object, java.lang.Object, java.lang.Object, int, int, java.lang.Object)'> (0x00000000979dee88) thrown at [./src/hotspot/share/interpreter/linkResolver.cpp, line 773]
Event: 2.379 Thread 0x00007fc63499c000 Exception <a 'java/lang/ClassNotFoundException'{0x000000009a509c98}: org/apache/lucene/luke/app/desktop/messages/messages> (0x000000009a509c98) thrown at [./src/hotspot/share/prims/jni.cpp, line 636]
Event: 2.385 Thread 0x00007fc63499c000 Exception <a 'java/lang/ClassNotFoundException'{0x000000009a526fa0}: org/apache/lucene/luke/app/desktop/messages/messages_en> (0x000000009a526fa0) thrown at [./src/hotspot/share/prims/jni.cpp, line 636]
Event: 2.393 Thread 0x00007fc63499c000 Exception <a 'java/lang/ClassNotFoundException'{0x000000009a52c368}: org/apache/lucene/luke/app/desktop/messages/messages_en_US> (0x000000009a52c368) thrown at [./src/hotspot/share/prims/jni.cpp, line 636]
Event: 2.393 Thread 0x00007fc63499c000 Implicit null exception at 0x00007fc6243f9c8b to 0x00007fc6243f9d60
Event: 2.408 Thread 0x00007fc63499c000 Exception <a 'java/lang/NoSuchMethodError'{0x000000009a5f9088}: 'java.lang.Object java.lang.invoke.DirectMethodHandle$Holder.invokeSpecial(java.lang.Object, java.lang.Object, int, int, int, int, int)'> (0x000000009a5f9088) thrown at [./src/hotspot/share/interpreter/linkResolver.cpp, line 773]
Event: 2.409 Thread 0x00007fc63499c000 Exception <a 'java/lang/NoSuchMethodError'{0x000000009a5fc310}: 'java.lang.Object java.lang.invoke.DelegatingMethodHandle$Holder.reinvoke_L(java.lang.Object, int, int, int, int, int)'> (0x000000009a5fc310) thrown at [./src/hotspot/share/interpreter/linkResolver.cpp, line 773]
Event: 2.427 Thread 0x00007fc63499c000 Exception <a 'java/lang/ClassNotFoundException'{0x000000009a41e1c8}: com/sun/swing/internal/plaf/metal/resources/spi/metalProvider> (0x000000009a41e1c8) thrown at [./src/hotspot/share/classfile/systemDictionary.cpp, line 231]
Event: 2.428 Thread 0x00007fc63499c000 Exception <a 'java/lang/ClassNotFoundException'{0x000000009a422468}: com/sun/swing/internal/plaf/basic/resources/spi/basicProvider> (0x000000009a422468) thrown at [./src/hotspot/share/classfile/systemDictionary.cpp, line 231]
Event: 2.432 Thread 0x00007fc63499c000 Implicit null exception at 0x00007fc6243d3875 to 0x00007fc6243d3a20
Event: 2.432 Thread 0x00007fc63499c000 Implicit null exception at 0x00007fc6243675f8 to 0x00007fc62436768a
Event: 2.432 Thread 0x00007fc63499c000 Implicit null exception at 0x00007fc62436212f to 0x00007fc62436219d
Event: 2.652 Thread 0x00007fc63499c000 Exception <a 'java/lang/NoSuchMethodError'{0x000000009a2fd0b8}: 'java.lang.Object java.lang.invoke.DirectMethodHandle$Holder.invokeStatic(java.lang.Object, java.lang.Object, java.lang.Object, java.lang.Object, java.lang.Object, java.lang.Object, java.lang.Object, java.lang.Object, int, int, java.lang.Object)'> (0x000000009a2fd0b8) thrown at [./src/hotspot/share/interpreter/linkResolver.cpp, line 773]
Event: 2.653 Thread 0x00007fc63499c000 Exception <a 'java/lang/NoSuchMethodError'{0x000000009a11a120}: 'java.lang.Object java.lang.invoke.DirectMethodHandle$Holder.invokeStatic(java.lang.Object, java.lang.Object, java.lang.Object, java.lang.Object, java.lang.Object, java.lang.Object, java.lang.Object, java.lang.Object, int, int, java.lang.Object, java.lang.Object)'> (0x000000009a11a120) thrown at [./src/hotspot/share/interpreter/linkResolver.cpp, line 773]

Events (20 events):
Event: 2.675 loading class sun/font/TrueTypeGlyphMapper
Event: 2.675 loading class sun/font/TrueTypeGlyphMapper done
Event: 2.675 loading class sun/font/CMap
Event: 2.675 loading class sun/font/CMap done
Event: 2.675 loading class sun/font/CMap$NullCMapClass
Event: 2.675 loading class sun/font/CMap$NullCMapClass done
Event: 2.676 loading class sun/font/CMap$CMapFormat4
Event: 2.676 loading class sun/font/CMap$CMapFormat4 done
Event: 2.676 loading class java/nio/ByteBufferAsCharBufferB
Event: 2.676 loading class java/nio/ByteBufferAsCharBufferB done
Event: 2.676 Executing VM operation: Deoptimize
Event: 2.676 Executing VM operation: Deoptimize done
Event: 2.677 loading class sun/font/FontDesignMetrics$KeyReference
Event: 2.677 loading class sun/font/FontDesignMetrics$KeyReference done
Event: 2.677 loading class javax/swing/text/ParagraphView$Row
Event: 2.677 loading class javax/swing/text/ParagraphView$Row done
Event: 2.677 loading class javax/swing/text/Utilities
Event: 2.678 loading class javax/swing/text/Utilities done
Event: 2.678 loading class sun/font/CompositeGlyphMapper
Event: 2.678 loading class sun/font/CompositeGlyphMapper done


Dynamic libraries:
93800000-9a600000 rw-p 00000000 00:00 0 
9a600000-100000000 ---p 00000000 00:00 0 
100000000-100340000 rw-p 00000000 00:00 0 
100340000-140000000 ---p 00000000 00:00 0 
5572bde00000-5572bde01000 r-xp 00000000 103:05 1586413                   /usr/lib/jvm/java-11-adoptopenjdk/bin/java
5572be001000-5572be002000 r--p 00001000 103:05 1586413                   /usr/lib/jvm/java-11-adoptopenjdk/bin/java
5572be002000-5572be003000 rw-p 00002000 103:05 1586413                   /usr/lib/jvm/java-11-adoptopenjdk/bin/java
5572bf371000-5572bf392000 rw-p 00000000 00:00 0                          [heap]
7fc594000000-7fc594021000 rw-p 00000000 00:00 0 
7fc594021000-7fc598000000 ---p 00000000 00:00 0 
7fc59c000000-7fc59c021000 rw-p 00000000 00:00 0 
7fc59c021000-7fc5a0000000 ---p 00000000 00:00 0 
7fc5a0000000-7fc5a0021000 rw-p 00000000 00:00 0 
7fc5a0021000-7fc5a4000000 ---p 00000000 00:00 0 
7fc5a4000000-7fc5a4021000 rw-p 00000000 00:00 0 
7fc5a4021000-7fc5a8000000 ---p 00000000 00:00 0 
7fc5a8000000-7fc5a8021000 rw-p 00000000 00:00 0 
7fc5a8021000-7fc5ac000000 ---p 00000000 00:00 0 
7fc5ac000000-7fc5ac021000 rw-p 00000000 00:00 0 
7fc5ac021000-7fc5b0000000 ---p 00000000 00:00 0 
7fc5b0000000-7fc5b00b6000 rw-p 00000000 00:00 0 
7fc5b00b6000-7fc5b4000000 ---p 00000000 00:00 0 
7fc5b4000000-7fc5b4021000 rw-p 00000000 00:00 0 
7fc5b4021000-7fc5b8000000 ---p 00000000 00:00 0 
7fc5b8000000-7fc5b8021000 rw-p 00000000 00:00 0 
7fc5b8021000-7fc5bc000000 ---p 00000000 00:00 0 
7fc5bc000000-7fc5bc021000 rw-p 00000000 00:00 0 
7fc5bc021000-7fc5c0000000 ---p 00000000 00:00 0 
7fc5c0000000-7fc5c0021000 rw-p 00000000 00:00 0 
7fc5c0021000-7fc5c4000000 ---p 00000000 00:00 0 
7fc5c4000000-7fc5c4021000 rw-p 00000000 00:00 0 
7fc5c4021000-7fc5c8000000 ---p 00000000 00:00 0 
7fc5c995f000-7fc5c99df000 rw-p 00000000 00:00 0 
7fc5c99df000-7fc5c9b5f000 ---p 00000000 00:00 0 
7fc5c9b5f000-7fc5c9d5f000 rw-p 00000000 00:00 0 
7fc5c9d5f000-7fc5c9d60000 ---p 00000000 00:00 0 
7fc5c9d60000-7fc5c9e61000 rw-p 00000000 00:00 0 
7fc5c9e61000-7fc5c9e62000 ---p 00000000 00:00 0 
7fc5c9e62000-7fc5c9f63000 rw-p 00000000 00:00 0 
7fc5c9f63000-7fc5c9f64000 ---p 00000000 00:00 0 
7fc5c9f64000-7fc5ca065000 rw-p 00000000 00:00 0 
7fc5ca065000-7fc5ca066000 ---p 00000000 00:00 0 
7fc5ca066000-7fc5ca167000 rw-p 00000000 00:00 0 
7fc5ca167000-7fc5ca168000 ---p 00000000 00:00 0 
7fc5ca168000-7fc5ca269000 rw-p 00000000 00:00 0 
7fc5ca269000-7fc5ca26d000 ---p 00000000 00:00 0 
7fc5ca26d000-7fc5ca369000 rw-p 00000000 00:00 0 
7fc5ca369000-7fc5ca36d000 ---p 00000000 00:00 0 
7fc5ca36d000-7fc5ca669000 rw-p 00000000 00:00 0 
7fc5ca669000-7fc5ca766000 r--s 00000000 103:05 1851001                   /var/cache/fontconfig/923e285e415b1073c8df160bee08820f-le64.cache-8
7fc5ca766000-7fc5ca7fd000 r--s 00000000 103:05 1850240                   /var/cache/fontconfig/17090aa38d5c6f09fb8c5c354938f1d7-le64.cache-8
7fc5ca7fd000-7fc5ca7fe000 ---p 00000000 00:00 0 
7fc5ca7fe000-7fc5caffe000 rw-p 00000000 00:00 0 
7fc5caffe000-7fc5cafff000 ---p 00000000 00:00 0 
7fc5cafff000-7fc5cb7ff000 rw-p 00000000 00:00 0 
7fc5cb7ff000-7fc5cb800000 ---p 00000000 00:00 0 
7fc5cb800000-7fc5cc000000 rw-p 00000000 00:00 0 
7fc5cc000000-7fc5cc021000 rw-p 00000000 00:00 0 
7fc5cc021000-7fc5d0000000 ---p 00000000 00:00 0 
7fc5d0000000-7fc5d0021000 rw-p 00000000 00:00 0 
7fc5d0021000-7fc5d4000000 ---p 00000000 00:00 0 
7fc5d4000000-7fc5d503b000 rw-p 00000000 00:00 0 
7fc5d503b000-7fc5d8000000 ---p 00000000 00:00 0 
7fc5d8000000-7fc5d91e8000 rw-p 00000000 00:00 0 
7fc5d91e8000-7fc5dc000000 ---p 00000000 00:00 0 
7fc5dc000000-7fc5dc021000 rw-p 00000000 00:00 0 
7fc5dc021000-7fc5e0000000 ---p 00000000 00:00 0 
7fc5e0000000-7fc5e0021000 rw-p 00000000 00:00 0 
7fc5e0021000-7fc5e4000000 ---p 00000000 00:00 0 
7fc5e4000000-7fc5e4b75000 rw-p 00000000 00:00 0 
7fc5e4b75000-7fc5e8000000 ---p 00000000 00:00 0 
7fc5e8000000-7fc5e87a1000 rw-p 00000000 00:00 0 
7fc5e87a1000-7fc5ec000000 ---p 00000000 00:00 0 
7fc5ec000000-7fc5ec021000 rw-p 00000000 00:00 0 
7fc5ec021000-7fc5f0000000 ---p 00000000 00:00 0 
7fc5f0000000-7fc5f0021000 rw-p 00000000 00:00 0 
7fc5f0021000-7fc5f4000000 ---p 00000000 00:00 0 
7fc5f4000000-7fc5f4021000 rw-p 00000000 00:00 0 
7fc5f4021000-7fc5f8000000 ---p 00000000 00:00 0 
7fc5f8000000-7fc5f8021000 rw-p 00000000 00:00 0 
7fc5f8021000-7fc5fc000000 ---p 00000000 00:00 0 
7fc5fc000000-7fc5fc021000 rw-p 00000000 00:00 0 
7fc5fc021000-7fc600000000 ---p 00000000 00:00 0 
7fc600000000-7fc600021000 rw-p 00000000 00:00 0 
7fc600021000-7fc604000000 ---p 00000000 00:00 0 
7fc604000000-7fc604021000 rw-p 00000000 00:00 0 
7fc604021000-7fc608000000 ---p 00000000 00:00 0 
7fc608000000-7fc608021000 rw-p 00000000 00:00 0 
7fc608021000-7fc60c000000 ---p 00000000 00:00 0 
7fc60c000000-7fc60c200000 rw-p 00000000 00:00 0 
7fc60c200000-7fc60c345000 r-xp 00000000 103:05 1715153                   /usr/lib/jvm/java-11-adoptopenjdk/lib/libharfbuzz.so
7fc60c345000-7fc60c544000 ---p 00145000 103:05 1715153                   /usr/lib/jvm/java-11-adoptopenjdk/lib/libharfbuzz.so
7fc60c544000-7fc60c546000 r--p 00144000 103:05 1715153                   /usr/lib/jvm/java-11-adoptopenjdk/lib/libharfbuzz.so
7fc60c546000-7fc60c547000 rw-p 00146000 103:05 1715153                   /usr/lib/jvm/java-11-adoptopenjdk/lib/libharfbuzz.so
7fc60c547000-7fc60c54a000 rw-p 00000000 00:00 0 
7fc60c568000-7fc60c600000 r--s 00000000 103:05 1850239                   /var/cache/fontconfig/df311e82a1a24c41a75c2c930223552e-le64.cache-8
7fc60c600000-7fc60c60d000 r-xp 00000000 103:05 1715152                   /usr/lib/jvm/java-11-adoptopenjdk/lib/libfontmanager.so
7fc60c60d000-7fc60c80c000 ---p 0000d000 103:05 1715152                   /usr/lib/jvm/java-11-adoptopenjdk/lib/libfontmanager.so
7fc60c80c000-7fc60c80d000 r--p 0000c000 103:05 1715152                   /usr/lib/jvm/java-11-adoptopenjdk/lib/libfontmanager.so
7fc60c80d000-7fc60c80e000 rw-p 0000d000 103:05 1715152                   /usr/lib/jvm/java-11-adoptopenjdk/lib/libfontmanager.so
7fc60c810000-7fc60c836000 r--s 00000000 103:05 1851002                   /var/cache/fontconfig/f2e43df3287529323e79e7929dc44cc9-le64.cache-8
7fc60c836000-7fc60c86e000 r--p 00000000 103:05 1456131                   /usr/lib/libgio-2.0.so.0.7000.4
7fc60c86e000-7fc60c973000 r-xp 00038000 103:05 1456131                   /usr/lib/libgio-2.0.so.0.7000.4
7fc60c973000-7fc60c9f4000 r--p 0013d000 103:05 1456131                   /usr/lib/libgio-2.0.so.0.7000.4
7fc60c9f4000-7fc60c9f5000 ---p 001be000 103:05 1456131                   /usr/lib/libgio-2.0.so.0.7000.4
7fc60c9f5000-7fc60c9fd000 r--p 001be000 103:05 1456131                   /usr/lib/libgio-2.0.so.0.7000.4
7fc60c9fd000-7fc60c9fe000 rw-p 001c6000 103:05 1456131                   /usr/lib/libgio-2.0.so.0.7000.4
7fc60c9fe000-7fc60ca00000 rw-p 00000000 00:00 0 
7fc60ca00000-7fc60ca5d000 r-xp 00000000 103:05 1715149                   /usr/lib/jvm/java-11-adoptopenjdk/lib/libawt_xawt.so
7fc60ca5d000-7fc60cc5d000 ---p 0005d000 103:05 1715149                   /usr/lib/jvm/java-11-adoptopenjdk/lib/libawt_xawt.so
7fc60cc5d000-7fc60cc5e000 r--p 0005d000 103:05 1715149                   /usr/lib/jvm/java-11-adoptopenjdk/lib/libawt_xawt.so
7fc60cc5e000-7fc60cc60000 rw-p 0005e000 103:05 1715149                   /usr/lib/jvm/java-11-adoptopenjdk/lib/libawt_xawt.so
7fc60cc60000-7fc60cc62000 rw-p 00000000 00:00 0 
7fc60cc7f000-7fc60cc8e000 r--s 00000000 103:05 1850998                   /var/cache/fontconfig/491f45a0a771fef1c10b9b647a97fb82-le64.cache-8
7fc60cc8e000-7fc60cca2000 r--s 00000000 103:05 1850997                   /var/cache/fontconfig/614d1caaa4d7914789410f6367de37ca-le64.cache-8
7fc60cca2000-7fc60ccc3000 r--s 00000000 103:06 7871931                   /home/jorge/.cache/fontconfig/f6b893a7224233d96cb72fd88691c0b4-le64.cache-8
7fc60ccc3000-7fc60cce0000 r--p 00000000 103:05 1456141                   /usr/lib/libglib-2.0.so.0.7000.4
7fc60cce0000-7fc60cd72000 r-xp 0001d000 103:05 1456141                   /usr/lib/libglib-2.0.so.0.7000.4
7fc60cd72000-7fc60cdfc000 r--p 000af000 103:05 1456141                   /usr/lib/libglib-2.0.so.0.7000.4
7fc60cdfc000-7fc60cdfd000 ---p 00139000 103:05 1456141                   /usr/lib/libglib-2.0.so.0.7000.4
7fc60cdfd000-7fc60cdfe000 r--p 00139000 103:05 1456141                   /usr/lib/libglib-2.0.so.0.7000.4
7fc60cdfe000-7fc60cdff000 rw-p 0013a000 103:05 1456141                   /usr/lib/libglib-2.0.so.0.7000.4
7fc60cdff000-7fc60ce00000 rw-p 00000000 00:00 0 
7fc60ce00000-7fc60ce9e000 r-xp 00000000 103:05 1715147                   /usr/lib/jvm/java-11-adoptopenjdk/lib/libawt.so
7fc60ce9e000-7fc60d09d000 ---p 0009e000 103:05 1715147                   /usr/lib/jvm/java-11-adoptopenjdk/lib/libawt.so
7fc60d09d000-7fc60d09e000 r--p 0009d000 103:05 1715147                   /usr/lib/jvm/java-11-adoptopenjdk/lib/libawt.so
7fc60d09e000-7fc60d0a9000 rw-p 0009e000 103:05 1715147                   /usr/lib/jvm/java-11-adoptopenjdk/lib/libawt.so
7fc60d0a9000-7fc60d0ce000 rw-p 00000000 00:00 0 
7fc60d100000-7fc60d104000 ---p 00000000 00:00 0 
7fc60d104000-7fc60d400000 rw-p 00000000 00:00 0 
7fc60d400000-7fc60d600000 rw-p 00000000 00:00 0 
7fc60d600000-7fc60d800000 rw-p 00000000 00:00 0 
7fc60d800000-7fc60d805000 r-xp 00000000 103:05 1715169                   /usr/lib/jvm/java-11-adoptopenjdk/lib/libmanagement_ext.so
7fc60d805000-7fc60da04000 ---p 00005000 103:05 1715169                   /usr/lib/jvm/java-11-adoptopenjdk/lib/libmanagement_ext.so
7fc60da04000-7fc60da05000 r--p 00004000 103:05 1715169                   /usr/lib/jvm/java-11-adoptopenjdk/lib/libmanagement_ext.so
7fc60da05000-7fc60da06000 rw-p 00005000 103:05 1715169                   /usr/lib/jvm/java-11-adoptopenjdk/lib/libmanagement_ext.so
7fc60da11000-7fc60da15000 ---p 00000000 00:00 0 
7fc60da15000-7fc60db11000 rw-p 00000000 00:00 0 
7fc60db11000-7fc60db1c000 r--p 00000000 103:05 1466181                   /usr/lib/libharfbuzz.so.0.40001.0
7fc60db1c000-7fc60dbc5000 r-xp 0000b000 103:05 1466181                   /usr/lib/libharfbuzz.so.0.40001.0
7fc60dbc5000-7fc60dbfd000 r--p 000b4000 103:05 1466181                   /usr/lib/libharfbuzz.so.0.40001.0
7fc60dbfd000-7fc60dbfe000 ---p 000ec000 103:05 1466181                   /usr/lib/libharfbuzz.so.0.40001.0
7fc60dbfe000-7fc60dbff000 r--p 000ec000 103:05 1466181                   /usr/lib/libharfbuzz.so.0.40001.0
7fc60dbff000-7fc60dc00000 rw-p 000ed000 103:05 1466181                   /usr/lib/libharfbuzz.so.0.40001.0
7fc60dc00000-7fc60dc04000 r-xp 00000000 103:05 1715167                   /usr/lib/jvm/java-11-adoptopenjdk/lib/libmanagement.so
7fc60dc04000-7fc60de03000 ---p 00004000 103:05 1715167                   /usr/lib/jvm/java-11-adoptopenjdk/lib/libmanagement.so
7fc60de03000-7fc60de04000 r--p 00003000 103:05 1715167                   /usr/lib/jvm/java-11-adoptopenjdk/lib/libmanagement.so
7fc60de04000-7fc60de05000 rw-p 00004000 103:05 1715167                   /usr/lib/jvm/java-11-adoptopenjdk/lib/libmanagement.so
7fc60de60000-7fc60de62000 r--p 00000000 103:05 1469865                   /usr/lib/libXfixes.so.3.1.0
7fc60de62000-7fc60de65000 r-xp 00002000 103:05 1469865                   /usr/lib/libXfixes.so.3.1.0
7fc60de65000-7fc60de66000 r--p 00005000 103:05 1469865                   /usr/lib/libXfixes.so.3.1.0
7fc60de66000-7fc60de67000 ---p 00006000 103:05 1469865                   /usr/lib/libXfixes.so.3.1.0
7fc60de67000-7fc60de68000 r--p 00006000 103:05 1469865                   /usr/lib/libXfixes.so.3.1.0
7fc60de68000-7fc60de69000 rw-p 00007000 103:05 1469865                   /usr/lib/libXfixes.so.3.1.0
7fc60de70000-7fc60de7d000 r--s 00000000 103:05 1850276                   /var/cache/fontconfig/210c0516121708a580e22e6b1f9a103a-le64.cache-8
7fc60de7d000-7fc60de86000 r--s 00000000 103:05 1850241                   /var/cache/fontconfig/f349e9996a5320f6dd491cedd2b1f964-le64.cache-8
7fc60de86000-7fc60de8d000 r--p 00000000 103:05 1494004                   /usr/lib/libxfconf-0.so.3.0.0
7fc60de8d000-7fc60de98000 r-xp 00007000 103:05 1494004                   /usr/lib/libxfconf-0.so.3.0.0
7fc60de98000-7fc60de9e000 r--p 00012000 103:05 1494004                   /usr/lib/libxfconf-0.so.3.0.0
7fc60de9e000-7fc60dea0000 r--p 00017000 103:05 1494004                   /usr/lib/libxfconf-0.so.3.0.0
7fc60dea0000-7fc60dea1000 rw-p 00019000 103:05 1494004                   /usr/lib/libxfconf-0.so.3.0.0
7fc60dea3000-7fc60dea6000 r--p 00000000 103:05 1470997                   /usr/lib/libXcursor.so.1.0.2
7fc60dea6000-7fc60deab000 r-xp 00003000 103:05 1470997                   /usr/lib/libXcursor.so.1.0.2
7fc60deab000-7fc60dead000 r--p 00008000 103:05 1470997                   /usr/lib/libXcursor.so.1.0.2
7fc60dead000-7fc60deae000 r--p 00009000 103:05 1470997                   /usr/lib/libXcursor.so.1.0.2
7fc60deae000-7fc60deaf000 rw-p 0000a000 103:05 1470997                   /usr/lib/libXcursor.so.1.0.2
7fc60deaf000-7fc60deb3000 r--p 00000000 103:05 1475166                   /usr/lib/gio/modules/libdconfsettings.so
7fc60deb3000-7fc60deb9000 r-xp 00004000 103:05 1475166                   /usr/lib/gio/modules/libdconfsettings.so
7fc60deb9000-7fc60debc000 r--p 0000a000 103:05 1475166                   /usr/lib/gio/modules/libdconfsettings.so
7fc60debc000-7fc60debd000 r--p 0000c000 103:05 1475166                   /usr/lib/gio/modules/libdconfsettings.so
7fc60debd000-7fc60debe000 rw-p 0000d000 103:05 1475166                   /usr/lib/gio/modules/libdconfsettings.so
7fc60debe000-7fc60deda000 r--p 00000000 103:05 1468762                   /usr/lib/libX11.so.6.4.0
7fc60deda000-7fc60df64000 r-xp 0001c000 103:05 1468762                   /usr/lib/libX11.so.6.4.0
7fc60df64000-7fc60dff9000 r--p 000a6000 103:05 1468762                   /usr/lib/libX11.so.6.4.0
7fc60dff9000-7fc60dffc000 r--p 0013a000 103:05 1468762                   /usr/lib/libX11.so.6.4.0
7fc60dffc000-7fc60e000000 rw-p 0013d000 103:05 1468762                   /usr/lib/libX11.so.6.4.0
7fc60e000000-7fc610000000 rw-p 00000000 00:00 0 
7fc610000000-7fc610021000 rw-p 00000000 00:00 0 
7fc610021000-7fc614000000 ---p 00000000 00:00 0 
7fc614000000-7fc614200000 rw-p 00000000 00:00 0 
7fc614200000-7fc614216000 r-xp 00000000 103:05 1715171                   /usr/lib/jvm/java-11-adoptopenjdk/lib/libnet.so
7fc614216000-7fc614415000 ---p 00016000 103:05 1715171                   /usr/lib/jvm/java-11-adoptopenjdk/lib/libnet.so
7fc614415000-7fc614416000 r--p 00015000 103:05 1715171                   /usr/lib/jvm/java-11-adoptopenjdk/lib/libnet.so
7fc614416000-7fc614417000 rw-p 00016000 103:05 1715171                   /usr/lib/jvm/java-11-adoptopenjdk/lib/libnet.so
7fc61441c000-7fc614424000 r--p 00000000 103:05 1449179                   /usr/lib/libblkid.so.1.1.0
7fc614424000-7fc614444000 r-xp 00008000 103:05 1449179                   /usr/lib/libblkid.so.1.1.0
7fc614444000-7fc61444d000 r--p 00028000 103:05 1449179                   /usr/lib/libblkid.so.1.1.0
7fc61444d000-7fc61444e000 ---p 00031000 103:05 1449179                   /usr/lib/libblkid.so.1.1.0
7fc61444e000-7fc614453000 r--p 00031000 103:05 1449179                   /usr/lib/libblkid.so.1.1.0
7fc614453000-7fc614454000 rw-p 00036000 103:05 1449179                   /usr/lib/libblkid.so.1.1.0
7fc614454000-7fc614456000 r--p 00000000 103:05 1455813                   /usr/lib/libffi.so.8.1.0
7fc614456000-7fc61445c000 r-xp 00002000 103:05 1455813                   /usr/lib/libffi.so.8.1.0
7fc61445c000-7fc61445e000 r--p 00008000 103:05 1455813                   /usr/lib/libffi.so.8.1.0
7fc61445e000-7fc61445f000 r--p 00009000 103:05 1455813                   /usr/lib/libffi.so.8.1.0
7fc61445f000-7fc614460000 rw-p 0000a000 103:05 1455813                   /usr/lib/libffi.so.8.1.0
7fc614460000-7fc61446a000 r--p 00000000 103:05 1492288                   /usr/lib/libmount.so.1.1.0
7fc61446a000-7fc614494000 r-xp 0000a000 103:05 1492288                   /usr/lib/libmount.so.1.1.0
7fc614494000-7fc6144a0000 r--p 00034000 103:05 1492288                   /usr/lib/libmount.so.1.1.0
7fc6144a0000-7fc6144a2000 r--p 0003f000 103:05 1492288                   /usr/lib/libmount.so.1.1.0
7fc6144a2000-7fc6144a3000 rw-p 00041000 103:05 1492288                   /usr/lib/libmount.so.1.1.0
7fc6144a3000-7fc6144b1000 r--p 00000000 103:05 1456151                   /usr/lib/libgobject-2.0.so.0.7000.4
7fc6144b1000-7fc6144e1000 r-xp 0000e000 103:05 1456151                   /usr/lib/libgobject-2.0.so.0.7000.4
7fc6144e1000-7fc6144f9000 r--p 0003e000 103:05 1456151                   /usr/lib/libgobject-2.0.so.0.7000.4
7fc6144f9000-7fc6144fa000 ---p 00056000 103:05 1456151                   /usr/lib/libgobject-2.0.so.0.7000.4
7fc6144fa000-7fc6144fd000 r--p 00056000 103:05 1456151                   /usr/lib/libgobject-2.0.so.0.7000.4
7fc6144fd000-7fc6144fe000 rw-p 00059000 103:05 1456151                   /usr/lib/libgobject-2.0.so.0.7000.4
7fc6144fe000-7fc6144ff000 ---p 00000000 00:00 0 
7fc6144ff000-7fc614600000 rw-p 00000000 00:00 0 
7fc614600000-7fc61460f000 r-xp 00000000 103:05 1715172                   /usr/lib/jvm/java-11-adoptopenjdk/lib/libnio.so
7fc61460f000-7fc61480f000 ---p 0000f000 103:05 1715172                   /usr/lib/jvm/java-11-adoptopenjdk/lib/libnio.so
7fc61480f000-7fc614810000 r--p 0000f000 103:05 1715172                   /usr/lib/jvm/java-11-adoptopenjdk/lib/libnio.so
7fc614810000-7fc614811000 rw-p 00010000 103:05 1715172                   /usr/lib/jvm/java-11-adoptopenjdk/lib/libnio.so
7fc614817000-7fc614819000 r--p 00000000 103:05 1471156                   /usr/lib/libXrandr.so.2.2.0
7fc614819000-7fc614820000 r-xp 00002000 103:05 1471156                   /usr/lib/libXrandr.so.2.2.0
7fc614820000-7fc614822000 r--p 00009000 103:05 1471156                   /usr/lib/libXrandr.so.2.2.0
7fc614822000-7fc614823000 r--p 0000a000 103:05 1471156                   /usr/lib/libXrandr.so.2.2.0
7fc614823000-7fc614824000 rw-p 0000b000 103:05 1471156                   /usr/lib/libXrandr.so.2.2.0
7fc614824000-7fc614826000 r--p 00000000 103:05 1455440                   /usr/lib/libpcre.so.1.2.13
7fc614826000-7fc61487c000 r-xp 00002000 103:05 1455440                   /usr/lib/libpcre.so.1.2.13
7fc61487c000-7fc614899000 r--p 00058000 103:05 1455440                   /usr/lib/libpcre.so.1.2.13
7fc614899000-7fc61489a000 r--p 00074000 103:05 1455440                   /usr/lib/libpcre.so.1.2.13
7fc61489a000-7fc61489b000 rw-p 00075000 103:05 1455440                   /usr/lib/libpcre.so.1.2.13
7fc61489b000-7fc61489c000 r--p 00000000 103:05 1466283                   /usr/lib/libbrotlicommon.so.1.0.9
7fc61489c000-7fc61489d000 r-xp 00001000 103:05 1466283                   /usr/lib/libbrotlicommon.so.1.0.9
7fc61489d000-7fc6148bc000 r--p 00002000 103:05 1466283                   /usr/lib/libbrotlicommon.so.1.0.9
7fc6148bc000-7fc6148bd000 r--p 00020000 103:05 1466283                   /usr/lib/libbrotlicommon.so.1.0.9
7fc6148bd000-7fc6148be000 rw-p 00021000 103:05 1466283                   /usr/lib/libbrotlicommon.so.1.0.9
7fc6148be000-7fc6148bf000 ---p 00000000 00:00 0 
7fc6148bf000-7fc614b78000 rw-p 00000000 00:00 0 
7fc614b78000-7fc6164e0000 ---p 00000000 00:00 0 
7fc6164e0000-7fc616698000 rw-p 00000000 00:00 0 
7fc616698000-7fc618000000 ---p 00000000 00:00 0 
7fc618000000-7fc618021000 rw-p 00000000 00:00 0 
7fc618021000-7fc61c000000 ---p 00000000 00:00 0 
7fc61c004000-7fc61c007000 r--p 00000000 103:05 1466157                   /usr/lib/libgraphite2.so.3.2.1
7fc61c007000-7fc61c021000 r-xp 00003000 103:05 1466157                   /usr/lib/libgraphite2.so.3.2.1
7fc61c021000-7fc61c026000 r--p 0001d000 103:05 1466157                   /usr/lib/libgraphite2.so.3.2.1
7fc61c026000-7fc61c028000 r--p 00021000 103:05 1466157                   /usr/lib/libgraphite2.so.3.2.1
7fc61c028000-7fc61c029000 rw-p 00023000 103:05 1466157                   /usr/lib/libgraphite2.so.3.2.1
7fc61c029000-7fc61c02f000 r--p 00000000 103:05 1466148                   /usr/lib/libpng16.so.16.37.0
7fc61c02f000-7fc61c053000 r-xp 00006000 103:05 1466148                   /usr/lib/libpng16.so.16.37.0
7fc61c053000-7fc61c05e000 r--p 0002a000 103:05 1466148                   /usr/lib/libpng16.so.16.37.0
7fc61c05e000-7fc61c05f000 r--p 00034000 103:05 1466148                   /usr/lib/libpng16.so.16.37.0
7fc61c05f000-7fc61c060000 rw-p 00035000 103:05 1466148                   /usr/lib/libpng16.so.16.37.0
7fc61c060000-7fc61c064000 ---p 00000000 00:00 0 
7fc61c064000-7fc61c160000 rw-p 00000000 00:00 0 
7fc61c160000-7fc61c164000 ---p 00000000 00:00 0 
7fc61c164000-7fc61c260000 rw-p 00000000 00:00 0 
7fc61c260000-7fc61c264000 ---p 00000000 00:00 0 
7fc61c264000-7fc61c360000 rw-p 00000000 00:00 0 
7fc61c360000-7fc61c364000 ---p 00000000 00:00 0 
7fc61c364000-7fc61c460000 rw-p 00000000 00:00 0 
7fc61c460000-7fc61c464000 ---p 00000000 00:00 0 
7fc61c464000-7fc61c560000 rw-p 00000000 00:00 0 
7fc61c560000-7fc61c564000 ---p 00000000 00:00 0 
7fc61c564000-7fc61c660000 rw-p 00000000 00:00 0 
7fc61c660000-7fc61c664000 ---p 00000000 00:00 0 
7fc61c664000-7fc61c760000 rw-p 00000000 00:00 0 
7fc61c760000-7fc61c764000 ---p 00000000 00:00 0 
7fc61c764000-7fc61c860000 rw-p 00000000 00:00 0 
7fc61c860000-7fc61cad0000 rwxp 00000000 00:00 0 
7fc61cad0000-7fc61cdf1000 ---p 00000000 00:00 0 
7fc61cdf1000-7fc61d211000 rwxp 00000000 00:00 0 
7fc61d211000-7fc624328000 ---p 00000000 00:00 0 
7fc624328000-7fc624598000 rwxp 00000000 00:00 0 
7fc624598000-7fc62b860000 ---p 00000000 00:00 0 
7fc62b860000-7fc634000000 r--s 00000000 103:05 1715182                   /usr/lib/jvm/java-11-adoptopenjdk/lib/modules
7fc634000000-7fc634a70000 rw-p 00000000 00:00 0 
7fc634a70000-7fc638000000 ---p 00000000 00:00 0 
7fc638000000-7fc638007000 r--s 00000000 103:05 1851003                   /var/cache/fontconfig/7ef2298fde41cc6eeb7af42e48b7d293-le64.cache-8
7fc638007000-7fc638015000 r--p 00000000 103:05 1466303                   /usr/lib/libfreetype.so.6.18.1
7fc638015000-7fc638094000 r-xp 0000e000 103:05 1466303                   /usr/lib/libfreetype.so.6.18.1
7fc638094000-7fc6380c9000 r--p 0008d000 103:05 1466303                   /usr/lib/libfreetype.so.6.18.1
7fc6380c9000-7fc6380ca000 ---p 000c2000 103:05 1466303                   /usr/lib/libfreetype.so.6.18.1
7fc6380ca000-7fc6380d1000 r--p 000c2000 103:05 1466303                   /usr/lib/libfreetype.so.6.18.1
7fc6380d1000-7fc6380d2000 rw-p 000c9000 103:05 1466303                   /usr/lib/libfreetype.so.6.18.1
7fc6380d2000-7fc6383bb000 r--p 00000000 103:05 1495776                   /usr/lib/locale/locale-archive
7fc6383bb000-7fc6383bf000 ---p 00000000 00:00 0 
7fc6383bf000-7fc6384bb000 rw-p 00000000 00:00 0 
7fc6384bb000-7fc6384bf000 ---p 00000000 00:00 0 
7fc6384bf000-7fc6385bb000 rw-p 00000000 00:00 0 
7fc6385bb000-7fc6385bc000 ---p 00000000 00:00 0 
7fc6385bc000-7fc638ebd000 rw-p 00000000 00:00 0 
7fc638ebd000-7fc638ebe000 ---p 00000000 00:00 0 
7fc638ebe000-7fc638fbf000 rw-p 00000000 00:00 0 
7fc638fbf000-7fc638fc0000 ---p 00000000 00:00 0 
7fc638fc0000-7fc6398c9000 rw-p 00000000 00:00 0 
7fc6398c9000-7fc6398ca000 ---p 00000000 00:00 0 
7fc6398ca000-7fc6399cb000 rw-p 00000000 00:00 0 
7fc6399cb000-7fc6399cc000 ---p 00000000 00:00 0 
7fc6399cc000-7fc639b04000 rw-p 00000000 00:00 0 
7fc639b04000-7fc639e31000 ---p 00000000 00:00 0 
7fc639e31000-7fc639e68000 rw-p 00000000 00:00 0 
7fc639e68000-7fc63a195000 ---p 00000000 00:00 0 
7fc63a195000-7fc63a1cc000 rw-p 00000000 00:00 0 
7fc63a1cc000-7fc63a4f9000 ---p 00000000 00:00 0 
7fc63a4f9000-7fc63ac00000 rw-p 00000000 00:00 0 
7fc63ac00000-7fc63ac07000 r-xp 00000000 103:05 1715181                   /usr/lib/jvm/java-11-adoptopenjdk/lib/libzip.so
7fc63ac07000-7fc63ae06000 ---p 00007000 103:05 1715181                   /usr/lib/jvm/java-11-adoptopenjdk/lib/libzip.so
7fc63ae06000-7fc63ae07000 r--p 00006000 103:05 1715181                   /usr/lib/jvm/java-11-adoptopenjdk/lib/libzip.so
7fc63ae07000-7fc63ae08000 rw-p 00007000 103:05 1715181                   /usr/lib/jvm/java-11-adoptopenjdk/lib/libzip.so
7fc63ae0a000-7fc63ae0c000 r--p 00000000 103:05 1456147                   /usr/lib/libgmodule-2.0.so.0.7000.4
7fc63ae0c000-7fc63ae0e000 r-xp 00002000 103:05 1456147                   /usr/lib/libgmodule-2.0.so.0.7000.4
7fc63ae0e000-7fc63ae0f000 r--p 00004000 103:05 1456147                   /usr/lib/libgmodule-2.0.so.0.7000.4
7fc63ae0f000-7fc63ae10000 r--p 00004000 103:05 1456147                   /usr/lib/libgmodule-2.0.so.0.7000.4
7fc63ae10000-7fc63ae11000 rw-p 00005000 103:05 1456147                   /usr/lib/libgmodule-2.0.so.0.7000.4
7fc63ae11000-7fc63ae12000 r--p 00000000 103:05 1466288                   /usr/lib/libbrotlidec.so.1.0.9
7fc63ae12000-7fc63ae1a000 r-xp 00001000 103:05 1466288                   /usr/lib/libbrotlidec.so.1.0.9
7fc63ae1a000-7fc63ae1d000 r--p 00009000 103:05 1466288                   /usr/lib/libbrotlidec.so.1.0.9
7fc63ae1d000-7fc63ae1e000 r--p 0000b000 103:05 1466288                   /usr/lib/libbrotlidec.so.1.0.9
7fc63ae1e000-7fc63ae1f000 rw-p 0000c000 103:05 1466288                   /usr/lib/libbrotlidec.so.1.0.9
7fc63ae1f000-7fc63ae21000 r--p 00000000 103:05 1455214                   /usr/lib/libbz2.so.1.0.8
7fc63ae21000-7fc63ae2e000 r-xp 00002000 103:05 1455214                   /usr/lib/libbz2.so.1.0.8
7fc63ae2e000-7fc63ae30000 r--p 0000f000 103:05 1455214                   /usr/lib/libbz2.so.1.0.8
7fc63ae30000-7fc63ae31000 r--p 00010000 103:05 1455214                   /usr/lib/libbz2.so.1.0.8
7fc63ae31000-7fc63ae32000 rw-p 00011000 103:05 1455214                   /usr/lib/libbz2.so.1.0.8
7fc63ae32000-7fc63ae3e000 r--p 00000000 103:05 1466458                   /usr/lib/libxcb.so.1.1.0
7fc63ae3e000-7fc63ae51000 r-xp 0000c000 103:05 1466458                   /usr/lib/libxcb.so.1.1.0
7fc63ae51000-7fc63ae5a000 r--p 0001f000 103:05 1466458                   /usr/lib/libxcb.so.1.1.0
7fc63ae5a000-7fc63ae5b000 r--p 00027000 103:05 1466458                   /usr/lib/libxcb.so.1.1.0
7fc63ae5b000-7fc63ae5c000 rw-p 00028000 103:05 1466458                   /usr/lib/libxcb.so.1.1.0
7fc63ae5c000-7fc63ae5f000 r--p 00000000 103:05 1471036                   /usr/lib/libXi.so.6.1.0
7fc63ae5f000-7fc63ae6b000 r-xp 00003000 103:05 1471036                   /usr/lib/libXi.so.6.1.0
7fc63ae6b000-7fc63ae6e000 r--p 0000f000 103:05 1471036                   /usr/lib/libXi.so.6.1.0
7fc63ae6e000-7fc63ae6f000 r--p 00011000 103:05 1471036                   /usr/lib/libXi.so.6.1.0
7fc63ae6f000-7fc63ae70000 rw-p 00012000 103:05 1471036                   /usr/lib/libXi.so.6.1.0
7fc63ae70000-7fc63ae74000 r--p 00000000 103:05 1469658                   /usr/lib/libXext.so.6.4.0
7fc63ae74000-7fc63ae7f000 r-xp 00004000 103:05 1469658                   /usr/lib/libXext.so.6.4.0
7fc63ae7f000-7fc63ae83000 r--p 0000f000 103:05 1469658                   /usr/lib/libXext.so.6.4.0
7fc63ae83000-7fc63ae84000 r--p 00012000 103:05 1469658                   /usr/lib/libXext.so.6.4.0
7fc63ae84000-7fc63ae85000 rw-p 00013000 103:05 1469658                   /usr/lib/libXext.so.6.4.0
7fc63ae85000-7fc63ae88000 r--p 00000000 103:05 1481185                   /usr/lib/libnss_resolve.so.2
7fc63ae88000-7fc63ae9f000 r-xp 00003000 103:05 1481185                   /usr/lib/libnss_resolve.so.2
7fc63ae9f000-7fc63aea6000 r--p 0001a000 103:05 1481185                   /usr/lib/libnss_resolve.so.2
7fc63aea6000-7fc63aea7000 ---p 00021000 103:05 1481185                   /usr/lib/libnss_resolve.so.2
7fc63aea7000-7fc63aea8000 r--p 00021000 103:05 1481185                   /usr/lib/libnss_resolve.so.2
7fc63aea8000-7fc63aea9000 rw-p 00022000 103:05 1481185                   /usr/lib/libnss_resolve.so.2
7fc63aea9000-7fc63aeb0000 r--p 00000000 103:05 1481176                   /usr/lib/libnss_mymachines.so.2
7fc63aeb0000-7fc63aee6000 r-xp 00007000 103:05 1481176                   /usr/lib/libnss_mymachines.so.2
7fc63aee6000-7fc63aef9000 r--p 0003d000 103:05 1481176                   /usr/lib/libnss_mymachines.so.2
7fc63aef9000-7fc63aefa000 ---p 00050000 103:05 1481176                   /usr/lib/libnss_mymachines.so.2
7fc63aefa000-7fc63aefd000 r--p 00050000 103:05 1481176                   /usr/lib/libnss_mymachines.so.2
7fc63aefd000-7fc63aefe000 rw-p 00053000 103:05 1481176                   /usr/lib/libnss_mymachines.so.2
7fc63aefe000-7fc63b000000 rw-p 00000000 00:00 0 
7fc63b000000-7fc63b01b000 r-xp 00000000 103:05 1715163                   /usr/lib/jvm/java-11-adoptopenjdk/lib/libjimage.so
7fc63b01b000-7fc63b21a000 ---p 0001b000 103:05 1715163                   /usr/lib/jvm/java-11-adoptopenjdk/lib/libjimage.so
7fc63b21a000-7fc63b21c000 r--p 0001a000 103:05 1715163                   /usr/lib/jvm/java-11-adoptopenjdk/lib/libjimage.so
7fc63b21c000-7fc63b21d000 rw-p 0001c000 103:05 1715163                   /usr/lib/jvm/java-11-adoptopenjdk/lib/libjimage.so
7fc63b221000-7fc63b223000 r--p 00000000 103:05 1466372                   /usr/lib/libXdmcp.so.6.0.0
7fc63b223000-7fc63b225000 r-xp 00002000 103:05 1466372                   /usr/lib/libXdmcp.so.6.0.0
7fc63b225000-7fc63b227000 r--p 00004000 103:05 1466372                   /usr/lib/libXdmcp.so.6.0.0
7fc63b227000-7fc63b228000 r--p 00005000 103:05 1466372                   /usr/lib/libXdmcp.so.6.0.0
7fc63b228000-7fc63b229000 rw-p 00006000 103:05 1466372                   /usr/lib/libXdmcp.so.6.0.0
7fc63b229000-7fc63b22b000 r--p 00000000 103:05 1471112                   /usr/lib/libXtst.so.6.1.0
7fc63b22b000-7fc63b22e000 r-xp 00002000 103:05 1471112                   /usr/lib/libXtst.so.6.1.0
7fc63b22e000-7fc63b22f000 r--p 00005000 103:05 1471112                   /usr/lib/libXtst.so.6.1.0
7fc63b22f000-7fc63b230000 r--p 00005000 103:05 1471112                   /usr/lib/libXtst.so.6.1.0
7fc63b230000-7fc63b231000 rw-p 00006000 103:05 1471112                   /usr/lib/libXtst.so.6.1.0
7fc63b231000-7fc63b234000 r--p 00000000 103:05 1446037                   /usr/lib/libgcc_s.so.1
7fc63b234000-7fc63b246000 r-xp 00003000 103:05 1446037                   /usr/lib/libgcc_s.so.1
7fc63b246000-7fc63b249000 r--p 00015000 103:05 1446037                   /usr/lib/libgcc_s.so.1
7fc63b249000-7fc63b24a000 ---p 00018000 103:05 1446037                   /usr/lib/libgcc_s.so.1
7fc63b24a000-7fc63b24b000 r--p 00018000 103:05 1446037                   /usr/lib/libgcc_s.so.1
7fc63b24b000-7fc63b24c000 rw-p 00019000 103:05 1446037                   /usr/lib/libgcc_s.so.1
7fc63b24c000-7fc63b2fe000 rw-p 00000000 00:00 0 
7fc63b2fe000-7fc63b2ff000 ---p 00000000 00:00 0 
7fc63b2ff000-7fc63b400000 rw-p 00000000 00:00 0 
7fc63b400000-7fc63b429000 r-xp 00000000 103:05 1715159                   /usr/lib/jvm/java-11-adoptopenjdk/lib/libjava.so
7fc63b429000-7fc63b628000 ---p 00029000 103:05 1715159                   /usr/lib/jvm/java-11-adoptopenjdk/lib/libjava.so
7fc63b628000-7fc63b629000 r--p 00028000 103:05 1715159                   /usr/lib/jvm/java-11-adoptopenjdk/lib/libjava.so
7fc63b629000-7fc63b62a000 rw-p 00029000 103:05 1715159                   /usr/lib/jvm/java-11-adoptopenjdk/lib/libjava.so
7fc63b62a000-7fc63b62b000 rw-p 00000000 00:00 0 
7fc63b631000-7fc63b633000 r--p 00000000 103:05 1470736                   /usr/lib/libXrender.so.1.3.0
7fc63b633000-7fc63b63a000 r-xp 00002000 103:05 1470736                   /usr/lib/libXrender.so.1.3.0
7fc63b63a000-7fc63b63c000 r--p 00009000 103:05 1470736                   /usr/lib/libXrender.so.1.3.0
7fc63b63c000-7fc63b63d000 r--p 0000a000 103:05 1470736                   /usr/lib/libXrender.so.1.3.0
7fc63b63d000-7fc63b63e000 rw-p 0000b000 103:05 1470736                   /usr/lib/libXrender.so.1.3.0
7fc63b63e000-7fc63b641000 r--p 00000000 103:05 1454663                   /usr/lib/libcap.so.2.63
7fc63b641000-7fc63b646000 r-xp 00003000 103:05 1454663                   /usr/lib/libcap.so.2.63
7fc63b646000-7fc63b648000 r--p 00008000 103:05 1454663                   /usr/lib/libcap.so.2.63
7fc63b648000-7fc63b649000 r--p 00009000 103:05 1454663                   /usr/lib/libcap.so.2.63
7fc63b649000-7fc63b64a000 rw-p 0000a000 103:05 1454663                   /usr/lib/libcap.so.2.63
7fc63b64a000-7fc63b71a000 rw-p 00000000 00:00 0 
7fc63b71a000-7fc63b800000 ---p 00000000 00:00 0 
7fc63b800000-7fc63b80d000 r-xp 00000000 103:05 1715180                   /usr/lib/jvm/java-11-adoptopenjdk/lib/libverify.so
7fc63b80d000-7fc63ba0c000 ---p 0000d000 103:05 1715180                   /usr/lib/jvm/java-11-adoptopenjdk/lib/libverify.so
7fc63ba0c000-7fc63ba0e000 r--p 0000c000 103:05 1715180                   /usr/lib/jvm/java-11-adoptopenjdk/lib/libverify.so
7fc63ba0e000-7fc63ba0f000 rw-p 0000e000 103:05 1715180                   /usr/lib/jvm/java-11-adoptopenjdk/lib/libverify.so
7fc63ba0f000-7fc63ba15000 r--s 00000000 103:05 1850999                   /var/cache/fontconfig/b67b32625a2bb51b023d3814a918f351-le64.cache-8
7fc63ba15000-7fc63ba1e000 rw-p 00000000 00:00 0 
7fc63ba1e000-7fc63bb00000 ---p 00000000 00:00 0 
7fc63bb00000-7fc63bb04000 ---p 00000000 00:00 0 
7fc63bb04000-7fc63bc00000 rw-p 00000000 00:00 0 
7fc63bc00000-7fc63ce77000 r-xp 00000000 103:05 1847053                   /usr/lib/jvm/java-11-adoptopenjdk/lib/server/libjvm.so
7fc63ce77000-7fc63d076000 ---p 01277000 103:05 1847053                   /usr/lib/jvm/java-11-adoptopenjdk/lib/server/libjvm.so
7fc63d076000-7fc63d13b000 r--p 01276000 103:05 1847053                   /usr/lib/jvm/java-11-adoptopenjdk/lib/server/libjvm.so
7fc63d13b000-7fc63d176000 rw-p 0133b000 103:05 1847053                   /usr/lib/jvm/java-11-adoptopenjdk/lib/server/libjvm.so
7fc63d176000-7fc63d1cd000 rw-p 00000000 00:00 0 
7fc63d1ce000-7fc63d1f6000 rw-p 00000000 00:00 0 
7fc63d1f6000-7fc63d222000 r--p 00000000 103:05 1445263                   /usr/lib/libc.so.6
7fc63d222000-7fc63d398000 r-xp 0002c000 103:05 1445263                   /usr/lib/libc.so.6
7fc63d398000-7fc63d3ec000 r--p 001a2000 103:05 1445263                   /usr/lib/libc.so.6
7fc63d3ec000-7fc63d3ed000 ---p 001f6000 103:05 1445263                   /usr/lib/libc.so.6
7fc63d3ed000-7fc63d3f0000 r--p 001f6000 103:05 1445263                   /usr/lib/libc.so.6
7fc63d3f0000-7fc63d3f3000 rw-p 001f9000 103:05 1445263                   /usr/lib/libc.so.6
7fc63d3f3000-7fc63d400000 rw-p 00000000 00:00 0 
7fc63d400000-7fc63d410000 r-xp 00000000 103:05 1715142                   /usr/lib/jvm/java-11-adoptopenjdk/lib/jli/libjli.so
7fc63d410000-7fc63d60f000 ---p 00010000 103:05 1715142                   /usr/lib/jvm/java-11-adoptopenjdk/lib/jli/libjli.so
7fc63d60f000-7fc63d610000 r--p 0000f000 103:05 1715142                   /usr/lib/jvm/java-11-adoptopenjdk/lib/jli/libjli.so
7fc63d610000-7fc63d611000 rw-p 00010000 103:05 1715142                   /usr/lib/jvm/java-11-adoptopenjdk/lib/jli/libjli.so
7fc63d616000-7fc63d619000 r--s 00000000 103:05 1850995                   /var/cache/fontconfig/6ba42ae0000f58711b5caaf10d690066-le64.cache-8
7fc63d619000-7fc63d61a000 r--p 00000000 103:05 1456154                   /usr/lib/libgthread-2.0.so.0.7000.4
7fc63d61a000-7fc63d61b000 r-xp 00001000 103:05 1456154                   /usr/lib/libgthread-2.0.so.0.7000.4
7fc63d61b000-7fc63d61c000 r--p 00002000 103:05 1456154                   /usr/lib/libgthread-2.0.so.0.7000.4
7fc63d61c000-7fc63d61d000 r--p 00002000 103:05 1456154                   /usr/lib/libgthread-2.0.so.0.7000.4
7fc63d61d000-7fc63d61e000 rw-p 00003000 103:05 1456154                   /usr/lib/libgthread-2.0.so.0.7000.4
7fc63d61e000-7fc63d621000 r--p 00000000 103:05 1494000                   /usr/lib/gio/modules/libxfconfgsettingsbackend.so
7fc63d621000-7fc63d624000 r-xp 00003000 103:05 1494000                   /usr/lib/gio/modules/libxfconfgsettingsbackend.so
7fc63d624000-7fc63d626000 r--p 00006000 103:05 1494000                   /usr/lib/gio/modules/libxfconfgsettingsbackend.so
7fc63d626000-7fc63d627000 r--p 00007000 103:05 1494000                   /usr/lib/gio/modules/libxfconfgsettingsbackend.so
7fc63d627000-7fc63d628000 rw-p 00008000 103:05 1494000                   /usr/lib/gio/modules/libxfconfgsettingsbackend.so
7fc63d628000-7fc63d632000 r--p 00000000 103:05 1602542                   /usr/share/glib-2.0/schemas/gschemas.compiled
7fc63d632000-7fc63d674000 rw-p 00000000 00:00 0 
7fc63d674000-7fc63d675000 r--p 00000000 103:05 1445303                   /usr/lib/librt.so.1
7fc63d675000-7fc63d676000 r-xp 00001000 103:05 1445303                   /usr/lib/librt.so.1
7fc63d676000-7fc63d677000 r--p 00002000 103:05 1445303                   /usr/lib/librt.so.1
7fc63d677000-7fc63d678000 r--p 00002000 103:05 1445303                   /usr/lib/librt.so.1
7fc63d678000-7fc63d679000 rw-p 00003000 103:05 1445303                   /usr/lib/librt.so.1
7fc63d679000-7fc63d689000 r--p 00000000 103:05 1445275                   /usr/lib/libm.so.6
7fc63d689000-7fc63d703000 r-xp 00010000 103:05 1445275                   /usr/lib/libm.so.6
7fc63d703000-7fc63d75f000 r--p 0008a000 103:05 1445275                   /usr/lib/libm.so.6
7fc63d75f000-7fc63d760000 r--p 000e5000 103:05 1445275                   /usr/lib/libm.so.6
7fc63d760000-7fc63d761000 rw-p 000e6000 103:05 1445275                   /usr/lib/libm.so.6
7fc63d761000-7fc63d763000 rw-p 00000000 00:00 0 
7fc63d763000-7fc63d764000 r--p 00000000 103:05 1445268                   /usr/lib/libdl.so.2
7fc63d764000-7fc63d765000 r-xp 00001000 103:05 1445268                   /usr/lib/libdl.so.2
7fc63d765000-7fc63d766000 r--p 00002000 103:05 1445268                   /usr/lib/libdl.so.2
7fc63d766000-7fc63d767000 r--p 00002000 103:05 1445268                   /usr/lib/libdl.so.2
7fc63d767000-7fc63d768000 rw-p 00003000 103:05 1445268                   /usr/lib/libdl.so.2
7fc63d768000-7fc63d769000 r--p 00000000 103:05 1445295                   /usr/lib/libpthread.so.0
7fc63d769000-7fc63d76a000 r-xp 00001000 103:05 1445295                   /usr/lib/libpthread.so.0
7fc63d76a000-7fc63d76b000 r--p 00002000 103:05 1445295                   /usr/lib/libpthread.so.0
7fc63d76b000-7fc63d76c000 r--p 00002000 103:05 1445295                   /usr/lib/libpthread.so.0
7fc63d76c000-7fc63d76d000 rw-p 00003000 103:05 1445295                   /usr/lib/libpthread.so.0
7fc63d76d000-7fc63d770000 r--p 00000000 103:05 1455072                   /usr/lib/libz.so.1.2.11
7fc63d770000-7fc63d77e000 r-xp 00003000 103:05 1455072                   /usr/lib/libz.so.1.2.11
7fc63d77e000-7fc63d784000 r--p 00011000 103:05 1455072                   /usr/lib/libz.so.1.2.11
7fc63d784000-7fc63d785000 ---p 00017000 103:05 1455072                   /usr/lib/libz.so.1.2.11
7fc63d785000-7fc63d786000 r--p 00017000 103:05 1455072                   /usr/lib/libz.so.1.2.11
7fc63d786000-7fc63d787000 rw-p 00018000 103:05 1455072                   /usr/lib/libz.so.1.2.11
7fc63d787000-7fc63d788000 r--s 00000000 103:05 1851000                   /var/cache/fontconfig/8d4af663993b81a124ee82e610bb31f9-le64.cache-8
7fc63d788000-7fc63d789000 r--p 00000000 103:06 7598115                   /home/jorge/.config/dconf/user
7fc63d789000-7fc63d78a000 r--p 00000000 103:05 1466376                   /usr/lib/libXau.so.6.0.0
7fc63d78a000-7fc63d78b000 r-xp 00001000 103:05 1466376                   /usr/lib/libXau.so.6.0.0
7fc63d78b000-7fc63d78c000 r--p 00002000 103:05 1466376                   /usr/lib/libXau.so.6.0.0
7fc63d78c000-7fc63d78d000 r--p 00002000 103:05 1466376                   /usr/lib/libXau.so.6.0.0
7fc63d78d000-7fc63d78e000 rw-p 00003000 103:05 1466376                   /usr/lib/libXau.so.6.0.0
7fc63d78e000-7fc63d793000 rw-p 00000000 00:00 0 
7fc63d793000-7fc63d79a000 ---p 00000000 00:00 0 
7fc63d79a000-7fc63d7a2000 rw-s 00000000 00:23 1312                       /tmp/hsperfdata_jorge/72291
7fc63d7a2000-7fc63d7a3000 ---p 00000000 00:00 0 
7fc63d7a3000-7fc63d7a4000 r--p 00000000 00:00 0 
7fc63d7a4000-7fc63d7a6000 rw-p 00000000 00:00 0 
7fc63d7a6000-7fc63d7a8000 r--p 00000000 103:05 1445252                   /usr/lib/ld-linux-x86-64.so.2
7fc63d7a8000-7fc63d7cf000 r-xp 00002000 103:05 1445252                   /usr/lib/ld-linux-x86-64.so.2
7fc63d7cf000-7fc63d7da000 r--p 00029000 103:05 1445252                   /usr/lib/ld-linux-x86-64.so.2
7fc63d7da000-7fc63d7db000 r--s 00000000 00:2b 38                         /run/user/1000/dconf/user
7fc63d7db000-7fc63d7dd000 r--p 00034000 103:05 1445252                   /usr/lib/ld-linux-x86-64.so.2
7fc63d7dd000-7fc63d7df000 rw-p 00036000 103:05 1445252                   /usr/lib/ld-linux-x86-64.so.2
7ffed2dec000-7ffed2e0d000 rw-p 00000000 00:00 0                          [stack]
7ffed2f2b000-7ffed2f2f000 r--p 00000000 00:00 0                          [vvar]
7ffed2f2f000-7ffed2f31000 r-xp 00000000 00:00 0                          [vdso]
ffffffffff600000-ffffffffff601000 --xp 00000000 00:00 0                  [vsyscall]


VM Arguments:
jvm_args: --module-path=/home/jorge/github/ri/lucene-9.0.0/modules:/home/jorge/github/ri/lucene-9.0.0/modules-thirdparty --add-modules=org.apache.logging.log4j -Djdk.module.main=org.apache.lucene.luke 
java_command: org.apache.lucene.luke
java_class_path (initial): <not set>
Launcher Type: SUN_STANDARD

[Global flags]
     intx CICompilerCount                          = 4                                         {product} {ergonomic}
     uint ConcGCThreads                            = 2                                         {product} {ergonomic}
     uint G1ConcRefinementThreads                  = 8                                         {product} {ergonomic}
   size_t G1HeapRegionSize                         = 1048576                                   {product} {ergonomic}
    uintx GCDrainStackTargetSize                   = 64                                        {product} {ergonomic}
   size_t InitialHeapSize                          = 115343360                                 {product} {ergonomic}
   size_t MarkStackSize                            = 4194304                                   {product} {ergonomic}
   size_t MaxHeapSize                              = 1820327936                                {product} {ergonomic}
   size_t MaxNewSize                               = 1091567616                                {product} {ergonomic}
   size_t MinHeapDeltaBytes                        = 1048576                                   {product} {ergonomic}
    uintx NonNMethodCodeHeapSize                   = 5836300                                {pd product} {ergonomic}
    uintx NonProfiledCodeHeapSize                  = 122910970                              {pd product} {ergonomic}
    uintx ProfiledCodeHeapSize                     = 122910970                              {pd product} {ergonomic}
    uintx ReservedCodeCacheSize                    = 251658240                              {pd product} {ergonomic}
     bool SegmentedCodeCache                       = true                                      {product} {ergonomic}
     bool UseCompressedClassPointers               = true                                 {lp64_product} {ergonomic}
     bool UseCompressedOops                        = true                                 {lp64_product} {ergonomic}
     bool UseG1GC                                  = true                                      {product} {ergonomic}

Logging:
Log output configuration:
 #0: stdout all=warning uptime,level,tags
 #1: stderr all=off uptime,level,tags

Environment Variables:
JAVA_HOME=/usr/lib/jvm/java-11-adoptopenjdk
PATH=/home/jorge/scripts:/home/jorge/tools/paperview:/opt/pulsesecure/bin:/home/jorge/software/idea/bin:/home/jorge/software/apache-maven-3.8.2/bin:/usr/lib/jvm/java-11-adoptopenjdk/bin:/usr/local/bin:/usr/bin:/bin:/usr/local/sbin:/home/jorge/.local/bin:/home/jorge/.cargo/bin
SHELL=/bin/zsh
DISPLAY=:0
LANG=en_US.utf8

Signal Handlers:
SIGSEGV: [libjvm.so+0xf4bc80], sa_mask[0]=11111111011111111101111111111110, sa_flags=SA_RESTART|SA_SIGINFO
SIGBUS: [libjvm.so+0xf4bc80], sa_mask[0]=11111111011111111101111111111110, sa_flags=SA_RESTART|SA_SIGINFO
SIGFPE: [libjvm.so+0xf4bc80], sa_mask[0]=11111111011111111101111111111110, sa_flags=SA_RESTART|SA_SIGINFO
SIGPIPE: SIG_IGN, sa_mask[0]=00000000000010000000000000000000, sa_flags=SA_RESTART
SIGXFSZ: [libjvm.so+0xc6c2b0], sa_mask[0]=11111111011111111101111111111110, sa_flags=SA_RESTART|SA_SIGINFO
SIGILL: [libjvm.so+0xf4bc80], sa_mask[0]=11111111011111111101111111111110, sa_flags=SA_RESTART|SA_SIGINFO
SIGUSR2: [libjvm.so+0xc6c150], sa_mask[0]=00000000000000000000000000000000, sa_flags=SA_RESTART|SA_SIGINFO
SIGHUP: [libjvm.so+0xc6c4b0], sa_mask[0]=11111111011111111101111111111110, sa_flags=SA_RESTART|SA_SIGINFO
SIGINT: [libjvm.so+0xc6c4b0], sa_mask[0]=11111111011111111101111111111110, sa_flags=SA_RESTART|SA_SIGINFO
SIGTERM: [libjvm.so+0xc6c4b0], sa_mask[0]=11111111011111111101111111111110, sa_flags=SA_RESTART|SA_SIGINFO
SIGQUIT: [libjvm.so+0xc6c4b0], sa_mask[0]=11111111011111111101111111111110, sa_flags=SA_RESTART|SA_SIGINFO


---------------  S Y S T E M  ---------------

OS:NAME="Arch Linux"
PRETTY_NAME="Arch Linux"
ID=arch
BUILD_ID=rolling
ANSI_COLOR="38;2;23;147;209"
HOME_URL="https://archlinux.org/"
DOCUMENTATION_URL="https://wiki.archlinux.org/"
SUPPORT_URL="https://bbs.archlinux.org/"
BUG_REPORT_URL="https://bugs.archlinux.org/"
LOGO=archlinux-logo
uname:Linux 5.16.14-arch1-1 #1 SMP PREEMPT Fri, 11 Mar 2022 17:40:36 +0000 x86_64
OS uptime: 0 days 1:41 hours
libc:glibc 2.35 NPTL 2.35 
rlimit (soft/hard): STACK 8192k/infinity , CORE infinity/infinity , NPROC 27438/27438 , NOFILE 524288/524288 , AS infinity/infinity , CPU infinity/infinity , DATA infinity/infinity , FSIZE infinity/infinity , MEMLOCK 8192k/8192k
load average:7.23 6.24 5.02

/proc/meminfo:
MemTotal:        7106532 kB
MemFree:          656452 kB
MemAvailable:    1070320 kB
Buffers:           14596 kB
Cached:           704944 kB
SwapCached:        44852 kB
Active:          1664336 kB
Inactive:        3280252 kB
Active(anon):    1436356 kB
Inactive(anon):  2932576 kB
Active(file):     227980 kB
Inactive(file):   347676 kB
Unevictable:           0 kB
Mlocked:               0 kB
SwapTotal:       2097148 kB
SwapFree:          83120 kB
Dirty:               640 kB
Writeback:             0 kB
AnonPages:       4203424 kB
Mapped:           343720 kB
Shmem:            148720 kB
KReclaimable:     115756 kB
Slab:             274196 kB
SReclaimable:     115756 kB
SUnreclaim:       158440 kB
KernelStack:       29100 kB
PageTables:        55800 kB
NFS_Unstable:          0 kB
Bounce:                0 kB
WritebackTmp:          0 kB
CommitLimit:     5650412 kB
Committed_AS:   14849828 kB
VmallocTotal:   34359738367 kB
VmallocUsed:       57016 kB
VmallocChunk:          0 kB
Percpu:            10368 kB
HardwareCorrupted:     0 kB
AnonHugePages:         0 kB
ShmemHugePages:        0 kB
ShmemPmdMapped:        0 kB
FileHugePages:         0 kB
FilePmdMapped:         0 kB
CmaTotal:              0 kB
CmaFree:               0 kB
HugePages_Total:       0
HugePages_Free:        0
HugePages_Rsvd:        0
HugePages_Surp:        0
Hugepagesize:       2048 kB
Hugetlb:               0 kB
DirectMap4k:     1167380 kB
DirectMap2M:     6107136 kB
DirectMap1G:     1048576 kB

/sys/kernel/mm/transparent_hugepage/enabled:
always [madvise] never
/sys/kernel/mm/transparent_hugepage/defrag (defrag/compaction efforts parameter):
always defer defer+madvise [madvise] never

Process Memory:
Virtual Size: 5510960K (peak: 5572400K)
Resident Set Size: 189356K (peak: 189356K) (anon: 159480K, file: 29840K, shmem: 36K)
Swapped out: 0K
C-Heap outstanding allocations: 43050K

/proc/sys/kernel/threads-max (system-wide limit on the number of threads):
54876
/proc/sys/vm/max_map_count (maximum number of memory map areas a process may have):
65530
/proc/sys/kernel/pid_max (system-wide limit on number of process identifiers):
4194304

Steal ticks since vm start: 0
Steal ticks percentage since vm start:  0.000

CPU:total 8 (initial active 8) (8 cores per cpu, 2 threads per core) family 23 model 24 stepping 1 microcode 0x8108109, cmov, cx8, fxsr, mmx, sse, sse2, sse3, ssse3, sse4.1, sse4.2, popcnt, avx, avx2, aes, clmul, mmxext, 3dnowpref, lzcnt, sse4a, ht, tsc, tscinvbit, tscinv, bmi1, bmi2, adx, sha, fma
CPU Model and flags from /proc/cpuinfo:
model name	: AMD Ryzen 5 3500U with Radeon Vega Mobile Gfx
flags		: fpu vme de pse tsc msr pae mce cx8 apic sep mtrr pge mca cmov pat pse36 clflush mmx fxsr sse sse2 ht syscall nx mmxext fxsr_opt pdpe1gb rdtscp lm constant_tsc rep_good nopl nonstop_tsc cpuid extd_apicid aperfmperf rapl pni pclmulqdq monitor ssse3 fma cx16 sse4_1 sse4_2 movbe popcnt aes xsave avx f16c rdrand lahf_lm cmp_legacy svm extapic cr8_legacy abm sse4a misalignsse 3dnowprefetch osvw skinit wdt tce topoext perfctr_core perfctr_nb bpext perfctr_llc mwaitx cpb hw_pstate ssbd ibpb vmmcall fsgsbase bmi1 avx2 smep bmi2 rdseed adx smap clflushopt sha_ni xsaveopt xsavec xgetbv1 xsaves clzero irperf xsaveerptr arat npt lbrv svm_lock nrip_save tsc_scale vmcb_clean flushbyasid decodeassists pausefilter pfthreshold avic v_vmsave_vmload vgif overflow_recov succor smca sme sev sev_es
Online cpus:
0-7
Offline cpus:
8-15
BIOS frequency limitation:
2100000
Frequency switch latency (ns):
0
Available cpu frequencies:
2100000 1700000 1400000 
Current governor:
schedutil
Core performance/turbo boost:
1

Memory: 4k page, physical 7106532k(657212k free), swap 2097148k(83120k free)

vm_info: OpenJDK 64-Bit Server VM (11.0.12+7) for linux-amd64 JRE (11.0.12+7), built on Jul 21 2021 08:09:41 by "" with gcc 7.5.0

END.
